mode: atomic
github.com/krystophny/helpy/pkg/email/email.go:35.28,37.2 1 0
github.com/krystophny/helpy/pkg/email/email.go:40.28,42.2 1 0
github.com/krystophny/helpy/pkg/email/email.go:45.43,47.2 1 0
github.com/krystophny/helpy/pkg/email/email.go:50.70,52.16 2 0
github.com/krystophny/helpy/pkg/email/email.go:52.16,54.3 1 0
github.com/krystophny/helpy/pkg/email/email.go:56.2,57.30 2 0
github.com/krystophny/helpy/pkg/email/email.go:57.30,63.3 1 0
github.com/krystophny/helpy/pkg/email/email.go:65.2,65.20 1 0
github.com/krystophny/helpy/pkg/email/email.go:69.59,71.2 1 0
github.com/krystophny/helpy/pkg/email/email.go:74.65,76.2 1 0
github.com/krystophny/helpy/pkg/email/email.go:79.46,81.2 1 0
github.com/krystophny/helpy/pkg/email/email.go:84.49,86.2 1 0
github.com/krystophny/helpy/pkg/email/email.go:89.55,91.2 1 0
github.com/krystophny/helpy/pkg/email/email.go:94.95,96.16 2 0
github.com/krystophny/helpy/pkg/email/email.go:96.16,98.3 1 0
github.com/krystophny/helpy/pkg/email/email.go:99.2,99.33 1 0
github.com/krystophny/helpy/pkg/email/email.go:103.125,105.16 2 0
github.com/krystophny/helpy/pkg/email/email.go:105.16,107.3 1 0
github.com/krystophny/helpy/pkg/email/email.go:109.2,110.16 2 0
github.com/krystophny/helpy/pkg/email/email.go:110.16,112.3 1 0
github.com/krystophny/helpy/pkg/email/email.go:113.2,113.19 1 0
github.com/krystophny/helpy/pkg/email/email.go:113.19,115.3 1 0
github.com/krystophny/helpy/pkg/email/email.go:117.2,117.51 1 0
github.com/krystophny/helpy/pkg/email/email.go:121.126,123.15 2 0
github.com/krystophny/helpy/pkg/email/email.go:123.15,125.3 1 0
github.com/krystophny/helpy/pkg/email/email.go:126.2,126.48 1 0
github.com/krystophny/helpy/pkg/email/email.go:130.121,132.16 2 0
github.com/krystophny/helpy/pkg/email/email.go:132.16,134.3 1 0
github.com/krystophny/helpy/pkg/email/email.go:135.2,135.18 1 0
github.com/krystophny/helpy/pkg/email/email.go:135.18,137.3 1 0
github.com/krystophny/helpy/pkg/email/email.go:138.2,138.52 1 0
github.com/krystophny/helpy/pkg/email/email.go:142.103,144.16 2 0
github.com/krystophny/helpy/pkg/email/email.go:144.16,146.3 1 0
github.com/krystophny/helpy/pkg/email/email.go:147.2,148.42 2 0
github.com/krystophny/helpy/pkg/email/email.go:152.101,154.16 2 0
github.com/krystophny/helpy/pkg/email/email.go:154.16,156.3 1 0
github.com/krystophny/helpy/pkg/email/email.go:157.2,158.40 2 0
github.com/krystophny/helpy/pkg/email/email.go:162.102,164.16 2 0
github.com/krystophny/helpy/pkg/email/email.go:164.16,166.3 1 0
github.com/krystophny/helpy/pkg/email/email.go:167.2,168.41 2 0
github.com/krystophny/helpy/pkg/email/email.go:172.104,174.16 2 0
github.com/krystophny/helpy/pkg/email/email.go:174.16,176.3 1 0
github.com/krystophny/helpy/pkg/email/email.go:177.2,178.43 2 0
github.com/krystophny/helpy/pkg/email/email.go:182.106,184.16 2 0
github.com/krystophny/helpy/pkg/email/email.go:184.16,186.3 1 0
github.com/krystophny/helpy/pkg/email/email.go:187.2,188.45 2 0
github.com/krystophny/helpy/pkg/email/email.go:192.122,194.16 2 0
github.com/krystophny/helpy/pkg/email/email.go:194.16,196.3 1 0
github.com/krystophny/helpy/pkg/email/email.go:197.2,198.48 2 0
github.com/krystophny/helpy/pkg/email/email.go:202.143,204.16 2 0
github.com/krystophny/helpy/pkg/email/email.go:204.16,206.3 1 0
github.com/krystophny/helpy/pkg/email/email.go:207.2,208.84 2 0
github.com/krystophny/helpy/pkg/email/email.go:211.95,219.65 2 2
github.com/krystophny/helpy/pkg/email/email.go:219.65,221.3 1 2
github.com/krystophny/helpy/pkg/email/email.go:222.2,222.12 1 2
github.com/krystophny/helpy/pkg/email/email.go:225.173,227.40 2 9
github.com/krystophny/helpy/pkg/email/email.go:227.40,229.3 1 0
github.com/krystophny/helpy/pkg/email/email.go:231.2,239.16 2 9
github.com/krystophny/helpy/pkg/email/email.go:240.14,241.76 1 1
github.com/krystophny/helpy/pkg/email/email.go:241.76,243.4 1 0
github.com/krystophny/helpy/pkg/email/email.go:244.3,244.21 1 1
github.com/krystophny/helpy/pkg/email/email.go:245.17,247.17 2 1
github.com/krystophny/helpy/pkg/email/email.go:247.17,249.4 1 0
github.com/krystophny/helpy/pkg/email/email.go:250.3,250.13 1 1
github.com/krystophny/helpy/pkg/email/email.go:250.13,252.4 1 0
github.com/krystophny/helpy/pkg/email/email.go:253.3,253.21 1 1
github.com/krystophny/helpy/pkg/email/email.go:254.16,257.17 2 1
github.com/krystophny/helpy/pkg/email/email.go:257.17,259.4 1 0
github.com/krystophny/helpy/pkg/email/email.go:260.3,260.13 1 1
github.com/krystophny/helpy/pkg/email/email.go:260.13,262.4 1 0
github.com/krystophny/helpy/pkg/email/email.go:263.3,263.21 1 1
github.com/krystophny/helpy/pkg/email/email.go:264.15,265.21 1 5
github.com/krystophny/helpy/pkg/email/email.go:265.21,267.4 1 1
github.com/krystophny/helpy/pkg/email/email.go:268.3,268.39 1 4
github.com/krystophny/helpy/pkg/email/email.go:268.39,270.4 1 1
github.com/krystophny/helpy/pkg/email/email.go:271.3,271.66 1 3
github.com/krystophny/helpy/pkg/email/email.go:271.66,273.4 1 3
github.com/krystophny/helpy/pkg/email/email.go:274.3,281.9 1 0
github.com/krystophny/helpy/pkg/email/email.go:282.10,283.77 1 1
github.com/krystophny/helpy/pkg/email/email.go:288.39,290.2 1 0
github.com/krystophny/helpy/pkg/email/email.go:292.81,294.2 1 0
github.com/krystophny/helpy/pkg/email/email.go:296.54,298.2 1 0
github.com/krystophny/helpy/pkg/email/email.go:300.57,302.2 1 0
github.com/krystophny/helpy/pkg/email/email.go:304.94,306.2 1 0
github.com/krystophny/helpy/pkg/email/email.go:308.44,310.2 1 0
github.com/krystophny/helpy/pkg/email/email.go:312.40,314.2 1 0
github.com/krystophny/helpy/pkg/email/email.go:316.49,318.2 1 0
github.com/krystophny/helpy/pkg/email/email.go:320.26,322.2 1 0
github.com/krystophny/helpy/pkg/helpy/helpy.go:45.60,47.16 2 0
github.com/krystophny/helpy/pkg/helpy/helpy.go:47.16,49.3 1 0
github.com/krystophny/helpy/pkg/helpy/helpy.go:51.2,59.8 1 0
github.com/krystophny/helpy/pkg/helpy/helpy.go:63.32,64.14 1 0
github.com/krystophny/helpy/pkg/helpy/helpy.go:64.14,66.3 1 0
github.com/krystophny/helpy/pkg/helpy/helpy.go:67.2,68.12 2 0
github.com/krystophny/helpy/internal/email/config.go:34.35,36.2 1 0
github.com/krystophny/helpy/internal/email/config.go:39.54,41.16 2 0
github.com/krystophny/helpy/internal/email/config.go:41.16,42.25 1 0
github.com/krystophny/helpy/internal/email/config.go:42.25,49.4 1 0
github.com/krystophny/helpy/internal/email/config.go:50.3,50.69 1 0
github.com/krystophny/helpy/internal/email/config.go:53.2,54.54 2 0
github.com/krystophny/helpy/internal/email/config.go:54.54,56.3 1 0
github.com/krystophny/helpy/internal/email/config.go:58.2,58.21 1 0
github.com/krystophny/helpy/internal/email/config.go:62.57,63.55 1 0
github.com/krystophny/helpy/internal/email/config.go:63.55,65.3 1 0
github.com/krystophny/helpy/internal/email/config.go:67.2,68.16 2 0
github.com/krystophny/helpy/internal/email/config.go:68.16,70.3 1 0
github.com/krystophny/helpy/internal/email/config.go:72.2,72.72 1 0
github.com/krystophny/helpy/internal/email/config.go:72.72,74.3 1 0
github.com/krystophny/helpy/internal/email/config.go:76.2,76.12 1 0
github.com/krystophny/helpy/internal/email/config.go:81.54,83.16 2 0
github.com/krystophny/helpy/internal/email/config.go:83.16,85.3 1 0
github.com/krystophny/helpy/internal/email/config.go:87.2,87.16 1 0
github.com/krystophny/helpy/internal/email/config.go:87.16,89.3 1 0
github.com/krystophny/helpy/internal/email/config.go:91.2,92.9 2 0
github.com/krystophny/helpy/internal/email/config.go:92.9,94.3 1 0
github.com/krystophny/helpy/internal/email/config.go:96.2,96.25 1 0
github.com/krystophny/helpy/internal/email/config.go:97.15,98.20 1 0
github.com/krystophny/helpy/internal/email/config.go:99.14,100.45 1 0
github.com/krystophny/helpy/internal/email/config.go:101.10,102.71 1 0
github.com/krystophny/helpy/internal/email/config.go:109.60,111.16 2 0
github.com/krystophny/helpy/internal/email/config.go:111.16,113.3 1 0
github.com/krystophny/helpy/internal/email/config.go:115.2,115.16 1 0
github.com/krystophny/helpy/internal/email/config.go:115.16,117.3 1 0
github.com/krystophny/helpy/internal/email/config.go:120.2,121.45 2 0
github.com/krystophny/helpy/internal/email/config.go:121.45,124.3 2 0
github.com/krystophny/helpy/internal/email/config.go:125.2,129.9 3 0
github.com/krystophny/helpy/internal/email/config.go:129.9,131.3 1 0
github.com/krystophny/helpy/internal/email/config.go:133.2,134.25 2 0
github.com/krystophny/helpy/internal/email/config.go:135.15,136.29 1 0
github.com/krystophny/helpy/internal/email/config.go:137.14,138.54 1 0
github.com/krystophny/helpy/internal/email/config.go:139.10,140.71 1 0
github.com/krystophny/helpy/internal/email/config.go:143.2,143.16 1 0
github.com/krystophny/helpy/internal/email/config.go:143.16,145.3 1 0
github.com/krystophny/helpy/internal/email/config.go:148.2,152.22 4 0
github.com/krystophny/helpy/internal/email/config.go:157.49,159.16 2 0
github.com/krystophny/helpy/internal/email/config.go:159.16,161.3 1 0
github.com/krystophny/helpy/internal/email/config.go:163.2,166.49 3 0
github.com/krystophny/helpy/internal/email/config.go:166.49,167.32 1 0
github.com/krystophny/helpy/internal/email/config.go:167.32,168.12 1 0
github.com/krystophny/helpy/internal/email/config.go:171.3,172.51 2 0
github.com/krystophny/helpy/internal/email/config.go:172.51,176.18 3 0
github.com/krystophny/helpy/internal/email/config.go:176.18,179.5 2 0
github.com/krystophny/helpy/internal/email/config.go:181.4,181.45 1 0
github.com/krystophny/helpy/internal/email/config.go:181.45,185.5 3 0
github.com/krystophny/helpy/internal/email/config.go:187.4,189.28 3 0
github.com/krystophny/helpy/internal/email/config.go:193.2,198.26 4 0
github.com/krystophny/helpy/internal/email/config.go:198.26,200.3 1 0
github.com/krystophny/helpy/internal/email/config.go:202.2,202.22 1 0
github.com/krystophny/helpy/internal/email/config.go:202.22,204.3 1 0
github.com/krystophny/helpy/internal/email/config.go:206.2,206.12 1 0
github.com/krystophny/helpy/internal/email/config.go:210.26,214.44 3 0
github.com/krystophny/helpy/internal/email/config.go:214.44,217.3 2 0
github.com/krystophny/helpy/internal/email/config.go:221.94,223.16 2 0
github.com/krystophny/helpy/internal/email/config.go:223.16,225.3 1 0
github.com/krystophny/helpy/internal/email/config.go:227.2,227.29 1 0
github.com/krystophny/helpy/internal/email/config.go:227.29,229.3 1 0
github.com/krystophny/helpy/internal/email/config.go:231.2,240.36 2 0
github.com/krystophny/helpy/internal/email/config.go:244.44,246.16 2 0
github.com/krystophny/helpy/internal/email/config.go:246.16,248.3 1 0
github.com/krystophny/helpy/internal/email/config.go:250.2,250.42 1 0
github.com/krystophny/helpy/internal/email/config.go:250.42,252.3 1 0
github.com/krystophny/helpy/internal/email/config.go:254.2,255.36 2 0
github.com/krystophny/helpy/internal/email/config.go:263.11,265.16 2 0
github.com/krystophny/helpy/internal/email/config.go:265.16,267.3 1 0
github.com/krystophny/helpy/internal/email/config.go:269.2,275.43 2 0
github.com/krystophny/helpy/internal/email/config.go:275.43,285.3 1 0
github.com/krystophny/helpy/internal/email/config.go:287.2,287.23 1 0
github.com/krystophny/helpy/internal/email/config.go:291.40,293.16 2 0
github.com/krystophny/helpy/internal/email/config.go:293.16,295.3 1 0
github.com/krystophny/helpy/internal/email/config.go:297.2,297.42 1 0
github.com/krystophny/helpy/internal/email/config.go:297.42,299.3 1 0
github.com/krystophny/helpy/internal/email/config.go:301.2,301.36 1 0
github.com/krystophny/helpy/internal/email/config.go:301.36,303.3 1 0
github.com/krystophny/helpy/internal/email/config.go:305.2,306.36 2 0
github.com/krystophny/helpy/internal/email/gmail.go:24.25,27.2 2 0
github.com/krystophny/helpy/internal/email/gmail.go:29.31,31.2 1 0
github.com/krystophny/helpy/internal/email/gmail.go:33.25,35.2 1 0
github.com/krystophny/helpy/internal/email/gmail.go:50.39,52.16 2 0
github.com/krystophny/helpy/internal/email/gmail.go:52.16,54.3 1 0
github.com/krystophny/helpy/internal/email/gmail.go:56.2,57.16 2 0
github.com/krystophny/helpy/internal/email/gmail.go:57.16,59.3 1 0
github.com/krystophny/helpy/internal/email/gmail.go:61.2,67.61 2 0
github.com/krystophny/helpy/internal/email/gmail.go:67.61,69.48 2 0
github.com/krystophny/helpy/internal/email/gmail.go:69.48,71.4 1 0
github.com/krystophny/helpy/internal/email/gmail.go:74.2,74.20 1 0
github.com/krystophny/helpy/internal/email/gmail.go:78.43,80.2 1 0
github.com/krystophny/helpy/internal/email/gmail.go:83.76,85.16 2 0
github.com/krystophny/helpy/internal/email/gmail.go:85.16,87.3 1 0
github.com/krystophny/helpy/internal/email/gmail.go:89.2,92.55 2 0
github.com/krystophny/helpy/internal/email/gmail.go:92.55,94.3 1 0
github.com/krystophny/helpy/internal/email/gmail.go:95.2,96.52 2 0
github.com/krystophny/helpy/internal/email/gmail.go:99.79,103.20 3 0
github.com/krystophny/helpy/internal/email/gmail.go:103.20,105.3 1 0
github.com/krystophny/helpy/internal/email/gmail.go:108.2,110.16 3 0
github.com/krystophny/helpy/internal/email/gmail.go:110.16,112.3 1 0
github.com/krystophny/helpy/internal/email/gmail.go:114.2,114.49 1 0
github.com/krystophny/helpy/internal/email/gmail.go:114.49,118.3 3 0
github.com/krystophny/helpy/internal/email/gmail.go:120.2,120.67 1 0
github.com/krystophny/helpy/internal/email/gmail.go:124.79,126.16 2 0
github.com/krystophny/helpy/internal/email/gmail.go:126.16,128.3 1 0
github.com/krystophny/helpy/internal/email/gmail.go:130.2,133.16 3 0
github.com/krystophny/helpy/internal/email/gmail.go:133.16,135.3 1 0
github.com/krystophny/helpy/internal/email/gmail.go:137.2,138.36 2 0
github.com/krystophny/helpy/internal/email/gmail.go:138.36,146.3 1 0
github.com/krystophny/helpy/internal/email/gmail.go:148.2,148.20 1 0
github.com/krystophny/helpy/internal/email/gmail.go:152.95,154.16 2 0
github.com/krystophny/helpy/internal/email/gmail.go:154.16,156.3 1 0
github.com/krystophny/helpy/internal/email/gmail.go:158.2,159.21 2 0
github.com/krystophny/helpy/internal/email/gmail.go:159.21,161.3 1 0
github.com/krystophny/helpy/internal/email/gmail.go:163.2,168.42 4 0
github.com/krystophny/helpy/internal/email/gmail.go:168.42,176.18 3 0
github.com/krystophny/helpy/internal/email/gmail.go:176.18,178.4 1 0
github.com/krystophny/helpy/internal/email/gmail.go:179.3,179.29 1 0
github.com/krystophny/helpy/internal/email/gmail.go:179.29,181.4 1 0
github.com/krystophny/helpy/internal/email/gmail.go:182.3,182.22 1 0
github.com/krystophny/helpy/internal/email/gmail.go:182.22,184.4 1 0
github.com/krystophny/helpy/internal/email/gmail.go:186.3,187.17 2 0
github.com/krystophny/helpy/internal/email/gmail.go:187.17,189.4 1 0
github.com/krystophny/helpy/internal/email/gmail.go:191.3,191.39 1 0
github.com/krystophny/helpy/internal/email/gmail.go:191.39,192.44 1 0
github.com/krystophny/helpy/internal/email/gmail.go:192.44,193.10 1 0
github.com/krystophny/helpy/internal/email/gmail.go:195.4,195.43 1 0
github.com/krystophny/helpy/internal/email/gmail.go:198.3,199.22 2 0
github.com/krystophny/helpy/internal/email/gmail.go:199.22,200.9 1 0
github.com/krystophny/helpy/internal/email/gmail.go:204.2,204.24 1 0
github.com/krystophny/helpy/internal/email/gmail.go:208.49,211.23 2 0
github.com/krystophny/helpy/internal/email/gmail.go:211.23,213.3 1 0
github.com/krystophny/helpy/internal/email/gmail.go:215.2,215.21 1 0
github.com/krystophny/helpy/internal/email/gmail.go:215.21,217.3 1 0
github.com/krystophny/helpy/internal/email/gmail.go:219.2,219.24 1 0
github.com/krystophny/helpy/internal/email/gmail.go:219.24,221.3 1 0
github.com/krystophny/helpy/internal/email/gmail.go:223.2,223.21 1 0
github.com/krystophny/helpy/internal/email/gmail.go:223.21,225.3 1 0
github.com/krystophny/helpy/internal/email/gmail.go:227.2,227.19 1 0
github.com/krystophny/helpy/internal/email/gmail.go:227.19,229.3 1 0
github.com/krystophny/helpy/internal/email/gmail.go:231.2,231.26 1 0
github.com/krystophny/helpy/internal/email/gmail.go:231.26,233.3 1 0
github.com/krystophny/helpy/internal/email/gmail.go:235.2,235.27 1 0
github.com/krystophny/helpy/internal/email/gmail.go:235.27,237.3 1 0
github.com/krystophny/helpy/internal/email/gmail.go:239.2,239.26 1 0
github.com/krystophny/helpy/internal/email/gmail.go:239.26,241.3 1 0
github.com/krystophny/helpy/internal/email/gmail.go:243.2,243.26 1 0
github.com/krystophny/helpy/internal/email/gmail.go:243.26,245.3 1 0
github.com/krystophny/helpy/internal/email/gmail.go:247.2,247.54 1 0
github.com/krystophny/helpy/internal/email/gmail.go:247.54,249.3 1 0
github.com/krystophny/helpy/internal/email/gmail.go:251.2,251.24 1 0
github.com/krystophny/helpy/internal/email/gmail.go:251.24,252.19 1 0
github.com/krystophny/helpy/internal/email/gmail.go:252.19,254.4 1 0
github.com/krystophny/helpy/internal/email/gmail.go:254.9,256.4 1 0
github.com/krystophny/helpy/internal/email/gmail.go:259.2,259.27 1 0
github.com/krystophny/helpy/internal/email/gmail.go:259.27,260.22 1 0
github.com/krystophny/helpy/internal/email/gmail.go:260.22,262.4 1 0
github.com/krystophny/helpy/internal/email/gmail.go:262.9,264.4 1 0
github.com/krystophny/helpy/internal/email/gmail.go:267.2,267.26 1 0
github.com/krystophny/helpy/internal/email/gmail.go:267.26,269.3 1 0
github.com/krystophny/helpy/internal/email/gmail.go:271.2,271.23 1 0
github.com/krystophny/helpy/internal/email/gmail.go:271.23,273.3 1 0
github.com/krystophny/helpy/internal/email/gmail.go:275.2,275.33 1 0
github.com/krystophny/helpy/internal/email/gmail.go:279.111,281.16 2 0
github.com/krystophny/helpy/internal/email/gmail.go:281.16,283.3 1 0
github.com/krystophny/helpy/internal/email/gmail.go:285.2,285.18 1 0
github.com/krystophny/helpy/internal/email/gmail.go:285.18,287.3 1 0
github.com/krystophny/helpy/internal/email/gmail.go:289.2,295.16 3 0
github.com/krystophny/helpy/internal/email/gmail.go:295.16,297.3 1 0
github.com/krystophny/helpy/internal/email/gmail.go:299.2,299.36 1 0
github.com/krystophny/helpy/internal/email/gmail.go:303.124,304.26 1 0
github.com/krystophny/helpy/internal/email/gmail.go:304.26,306.3 1 0
github.com/krystophny/helpy/internal/email/gmail.go:308.2,308.18 1 0
github.com/krystophny/helpy/internal/email/gmail.go:308.18,310.3 1 0
github.com/krystophny/helpy/internal/email/gmail.go:312.2,318.32 5 0
github.com/krystophny/helpy/internal/email/gmail.go:318.32,320.34 2 0
github.com/krystophny/helpy/internal/email/gmail.go:320.34,323.17 3 0
github.com/krystophny/helpy/internal/email/gmail.go:323.17,323.26 1 0
github.com/krystophny/helpy/internal/email/gmail.go:325.4,327.21 3 0
github.com/krystophny/helpy/internal/email/gmail.go:331.2,334.30 3 0
github.com/krystophny/helpy/internal/email/gmail.go:334.30,335.37 1 0
github.com/krystophny/helpy/internal/email/gmail.go:335.37,337.4 1 0
github.com/krystophny/helpy/internal/email/gmail.go:340.2,340.26 1 0
github.com/krystophny/helpy/internal/email/gmail.go:344.116,345.26 1 0
github.com/krystophny/helpy/internal/email/gmail.go:345.26,347.3 1 0
github.com/krystophny/helpy/internal/email/gmail.go:349.2,350.16 2 0
github.com/krystophny/helpy/internal/email/gmail.go:350.16,352.3 1 0
github.com/krystophny/helpy/internal/email/gmail.go:354.2,357.50 3 0
github.com/krystophny/helpy/internal/email/gmail.go:357.50,359.28 2 0
github.com/krystophny/helpy/internal/email/gmail.go:359.28,361.4 1 0
github.com/krystophny/helpy/internal/email/gmail.go:362.3,373.17 5 0
github.com/krystophny/helpy/internal/email/gmail.go:373.17,375.4 1 0
github.com/krystophny/helpy/internal/email/gmail.go:378.2,378.23 1 0
github.com/krystophny/helpy/internal/email/gmail.go:382.87,384.2 1 0
github.com/krystophny/helpy/internal/email/gmail.go:387.89,389.2 1 0
github.com/krystophny/helpy/internal/email/gmail.go:392.86,394.2 1 0
github.com/krystophny/helpy/internal/email/gmail.go:397.84,398.26 1 0
github.com/krystophny/helpy/internal/email/gmail.go:398.26,400.3 1 0
github.com/krystophny/helpy/internal/email/gmail.go:402.2,403.16 2 0
github.com/krystophny/helpy/internal/email/gmail.go:403.16,405.3 1 0
github.com/krystophny/helpy/internal/email/gmail.go:407.2,408.32 2 0
github.com/krystophny/helpy/internal/email/gmail.go:408.32,411.17 3 0
github.com/krystophny/helpy/internal/email/gmail.go:411.17,413.4 1 0
github.com/krystophny/helpy/internal/email/gmail.go:416.2,416.23 1 0
github.com/krystophny/helpy/internal/email/gmail.go:420.85,421.26 1 0
github.com/krystophny/helpy/internal/email/gmail.go:421.26,423.3 1 0
github.com/krystophny/helpy/internal/email/gmail.go:425.2,426.16 2 0
github.com/krystophny/helpy/internal/email/gmail.go:426.16,428.3 1 0
github.com/krystophny/helpy/internal/email/gmail.go:430.2,431.32 2 0
github.com/krystophny/helpy/internal/email/gmail.go:431.32,434.17 3 0
github.com/krystophny/helpy/internal/email/gmail.go:434.17,436.4 1 0
github.com/krystophny/helpy/internal/email/gmail.go:439.2,439.23 1 0
github.com/krystophny/helpy/internal/email/gmail.go:443.116,445.16 2 0
github.com/krystophny/helpy/internal/email/gmail.go:445.16,447.3 1 0
github.com/krystophny/helpy/internal/email/gmail.go:448.2,453.97 3 0
github.com/krystophny/helpy/internal/email/gmail.go:453.97,455.3 1 0
github.com/krystophny/helpy/internal/email/gmail.go:456.2,463.8 1 0
github.com/krystophny/helpy/internal/email/gmail.go:466.50,468.2 1 0
github.com/krystophny/helpy/internal/email/gmail.go:471.45,473.2 1 0
github.com/krystophny/helpy/internal/email/gmail.go:476.37,478.2 1 0
github.com/krystophny/helpy/internal/email/gmail.go:480.65,482.24 2 0
github.com/krystophny/helpy/internal/email/gmail.go:482.24,483.41 1 0
github.com/krystophny/helpy/internal/email/gmail.go:483.41,485.4 1 0
github.com/krystophny/helpy/internal/email/gmail.go:488.2,489.35 2 0
github.com/krystophny/helpy/internal/email/gmail.go:489.35,490.22 1 0
github.com/krystophny/helpy/internal/email/gmail.go:490.22,492.9 2 0
github.com/krystophny/helpy/internal/email/gmail.go:496.2,506.25 2 0
github.com/krystophny/helpy/internal/email/gmail.go:506.25,508.3 1 0
github.com/krystophny/helpy/internal/email/gmail.go:510.2,510.35 1 0
github.com/krystophny/helpy/internal/email/gmail.go:510.35,512.35 2 0
github.com/krystophny/helpy/internal/email/gmail.go:512.35,514.4 1 0
github.com/krystophny/helpy/internal/email/gmail.go:517.2,517.47 1 0
github.com/krystophny/helpy/internal/email/gmail.go:517.47,518.52 1 0
github.com/krystophny/helpy/internal/email/gmail.go:518.52,520.4 1 0
github.com/krystophny/helpy/internal/email/gmail.go:522.2,522.25 1 0
github.com/krystophny/helpy/internal/email/gmail.go:522.25,524.3 1 0
github.com/krystophny/helpy/internal/email/gmail.go:526.2,526.24 1 0
github.com/krystophny/helpy/internal/email/gmail.go:526.24,529.3 2 0
github.com/krystophny/helpy/internal/email/gmail.go:531.2,531.14 1 0
github.com/krystophny/helpy/internal/email/gmail.go:534.76,535.84 1 0
github.com/krystophny/helpy/internal/email/gmail.go:535.84,537.17 2 0
github.com/krystophny/helpy/internal/email/gmail.go:537.17,540.4 2 0
github.com/krystophny/helpy/internal/email/gmail.go:543.2,543.37 1 0
github.com/krystophny/helpy/internal/email/gmail.go:543.37,544.60 1 0
github.com/krystophny/helpy/internal/email/gmail.go:544.60,546.4 1 0
github.com/krystophny/helpy/internal/email/gmail.go:549.2,549.12 1 0
github.com/krystophny/helpy/internal/email/gmail.go:552.33,553.11 1 0
github.com/krystophny/helpy/internal/email/gmail.go:553.11,555.3 1 0
github.com/krystophny/helpy/internal/email/gmail.go:556.2,556.10 1 0
github.com/krystophny/helpy/internal/email/imap.go:61.111,62.15 1 14
github.com/krystophny/helpy/internal/email/imap.go:62.15,63.13 1 0
github.com/krystophny/helpy/internal/email/imap.go:63.13,65.4 1 0
github.com/krystophny/helpy/internal/email/imap.go:65.9,67.4 1 0
github.com/krystophny/helpy/internal/email/imap.go:69.2,79.3 1 14
github.com/krystophny/helpy/internal/email/imap.go:84.81,87.20 3 0
github.com/krystophny/helpy/internal/email/imap.go:87.20,89.3 1 0
github.com/krystophny/helpy/internal/email/imap.go:91.2,92.24 2 0
github.com/krystophny/helpy/internal/email/imap.go:92.24,94.3 1 0
github.com/krystophny/helpy/internal/email/imap.go:96.2,96.111 1 0
github.com/krystophny/helpy/internal/email/imap.go:99.57,103.21 3 23
github.com/krystophny/helpy/internal/email/imap.go:103.21,105.3 1 11
github.com/krystophny/helpy/internal/email/imap.go:107.2,113.9 5 12
github.com/krystophny/helpy/internal/email/imap.go:114.16,115.84 1 0
github.com/krystophny/helpy/internal/email/imap.go:116.18,117.89 1 0
github.com/krystophny/helpy/internal/email/imap.go:118.10,119.51 1 12
github.com/krystophny/helpy/internal/email/imap.go:122.2,122.16 1 12
github.com/krystophny/helpy/internal/email/imap.go:122.16,124.3 1 0
github.com/krystophny/helpy/internal/email/imap.go:126.2,126.68 1 12
github.com/krystophny/helpy/internal/email/imap.go:126.68,129.3 2 0
github.com/krystophny/helpy/internal/email/imap.go:131.2,132.12 2 12
github.com/krystophny/helpy/internal/email/imap.go:137.56,139.39 1 0
github.com/krystophny/helpy/internal/email/imap.go:139.39,141.3 1 0
github.com/krystophny/helpy/internal/email/imap.go:144.2,147.34 3 0
github.com/krystophny/helpy/internal/email/imap.go:147.34,149.13 2 0
github.com/krystophny/helpy/internal/email/imap.go:149.13,152.18 3 0
github.com/krystophny/helpy/internal/email/imap.go:152.18,155.5 2 0
github.com/krystophny/helpy/internal/email/imap.go:156.4,156.23 1 0
github.com/krystophny/helpy/internal/email/imap.go:160.2,164.26 3 0
github.com/krystophny/helpy/internal/email/imap.go:164.26,166.3 1 0
github.com/krystophny/helpy/internal/email/imap.go:168.2,168.12 1 0
github.com/krystophny/helpy/internal/email/imap.go:172.64,173.9 1 4
github.com/krystophny/helpy/internal/email/imap.go:174.24,176.44 1 0
github.com/krystophny/helpy/internal/email/imap.go:176.44,179.4 2 0
github.com/krystophny/helpy/internal/email/imap.go:180.3,180.19 1 0
github.com/krystophny/helpy/internal/email/imap.go:181.10,182.27 1 4
github.com/krystophny/helpy/internal/email/imap.go:187.59,188.9 1 4
github.com/krystophny/helpy/internal/email/imap.go:189.22,189.22 0 4
github.com/krystophny/helpy/internal/email/imap.go:191.10,193.15 1 0
github.com/krystophny/helpy/internal/email/imap.go:198.78,199.39 1 1
github.com/krystophny/helpy/internal/email/imap.go:199.39,201.3 1 0
github.com/krystophny/helpy/internal/email/imap.go:203.2,207.16 4 1
github.com/krystophny/helpy/internal/email/imap.go:207.16,209.3 1 0
github.com/krystophny/helpy/internal/email/imap.go:211.2,212.33 2 1
github.com/krystophny/helpy/internal/email/imap.go:212.33,220.17 3 3
github.com/krystophny/helpy/internal/email/imap.go:220.17,222.4 1 3
github.com/krystophny/helpy/internal/email/imap.go:224.3,224.33 1 3
github.com/krystophny/helpy/internal/email/imap.go:227.2,227.20 1 1
github.com/krystophny/helpy/internal/email/imap.go:233.94,234.39 1 8
github.com/krystophny/helpy/internal/email/imap.go:234.39,236.3 1 0
github.com/krystophny/helpy/internal/email/imap.go:239.2,239.23 1 8
github.com/krystophny/helpy/internal/email/imap.go:239.23,241.3 1 4
github.com/krystophny/helpy/internal/email/imap.go:244.2,244.38 1 4
github.com/krystophny/helpy/internal/email/imap.go:248.109,253.16 4 4
github.com/krystophny/helpy/internal/email/imap.go:253.16,255.3 1 0
github.com/krystophny/helpy/internal/email/imap.go:257.2,260.16 3 4
github.com/krystophny/helpy/internal/email/imap.go:260.16,262.3 1 0
github.com/krystophny/helpy/internal/email/imap.go:264.2,267.21 3 4
github.com/krystophny/helpy/internal/email/imap.go:267.21,269.3 1 0
github.com/krystophny/helpy/internal/email/imap.go:270.2,270.35 1 4
github.com/krystophny/helpy/internal/email/imap.go:270.35,272.3 1 0
github.com/krystophny/helpy/internal/email/imap.go:274.2,275.27 2 4
github.com/krystophny/helpy/internal/email/imap.go:275.27,277.3 1 2
github.com/krystophny/helpy/internal/email/imap.go:279.2,279.24 1 4
github.com/krystophny/helpy/internal/email/imap.go:286.80,288.81 2 4
github.com/krystophny/helpy/internal/email/imap.go:288.81,293.3 4 0
github.com/krystophny/helpy/internal/email/imap.go:294.2,297.39 2 4
github.com/krystophny/helpy/internal/email/imap.go:297.39,299.3 1 0
github.com/krystophny/helpy/internal/email/imap.go:301.2,305.16 4 4
github.com/krystophny/helpy/internal/email/imap.go:305.16,307.3 1 0
github.com/krystophny/helpy/internal/email/imap.go:309.2,310.33 2 4
github.com/krystophny/helpy/internal/email/imap.go:310.33,312.3 1 4
github.com/krystophny/helpy/internal/email/imap.go:315.2,320.21 5 4
github.com/krystophny/helpy/internal/email/imap.go:325.98,327.16 2 4
github.com/krystophny/helpy/internal/email/imap.go:327.16,329.3 1 0
github.com/krystophny/helpy/internal/email/imap.go:332.2,344.28 2 4
github.com/krystophny/helpy/internal/email/imap.go:344.28,349.3 4 4
github.com/krystophny/helpy/internal/email/imap.go:352.2,354.20 3 4
github.com/krystophny/helpy/internal/email/imap.go:354.20,357.47 2 1
github.com/krystophny/helpy/internal/email/imap.go:357.47,359.4 1 16
github.com/krystophny/helpy/internal/email/imap.go:363.2,364.33 2 4
github.com/krystophny/helpy/internal/email/imap.go:364.33,367.43 1 4
github.com/krystophny/helpy/internal/email/imap.go:367.43,368.12 1 0
github.com/krystophny/helpy/internal/email/imap.go:372.3,372.21 1 4
github.com/krystophny/helpy/internal/email/imap.go:372.21,374.40 2 1
github.com/krystophny/helpy/internal/email/imap.go:374.40,375.42 1 16
github.com/krystophny/helpy/internal/email/imap.go:375.42,377.11 2 0
github.com/krystophny/helpy/internal/email/imap.go:380.4,380.12 1 1
github.com/krystophny/helpy/internal/email/imap.go:380.12,381.13 1 0
github.com/krystophny/helpy/internal/email/imap.go:385.3,385.10 1 4
github.com/krystophny/helpy/internal/email/imap.go:386.26,387.66 1 4
github.com/krystophny/helpy/internal/email/imap.go:388.62,389.53 1 0
github.com/krystophny/helpy/internal/email/imap.go:390.46,391.51 1 0
github.com/krystophny/helpy/internal/email/imap.go:392.11,393.47 1 0
github.com/krystophny/helpy/internal/email/imap.go:398.2,402.21 4 4
github.com/krystophny/helpy/internal/email/imap.go:402.21,404.3 1 0
github.com/krystophny/helpy/internal/email/imap.go:407.2,421.36 9 4
github.com/krystophny/helpy/internal/email/imap.go:421.36,423.26 2 4
github.com/krystophny/helpy/internal/email/imap.go:423.26,427.11 2 4
github.com/krystophny/helpy/internal/email/imap.go:428.28,429.11 1 0
github.com/krystophny/helpy/internal/email/imap.go:430.27,431.18 1 4
github.com/krystophny/helpy/internal/email/imap.go:431.18,431.27 1 4
github.com/krystophny/helpy/internal/email/imap.go:434.4,435.24 2 4
github.com/krystophny/helpy/internal/email/imap.go:435.24,444.19 6 4
github.com/krystophny/helpy/internal/email/imap.go:444.19,446.6 1 0
github.com/krystophny/helpy/internal/email/imap.go:452.2,452.12 1 4
github.com/krystophny/helpy/internal/email/imap.go:452.12,455.3 2 4
github.com/krystophny/helpy/internal/email/imap.go:458.2,459.35 2 4
github.com/krystophny/helpy/internal/email/imap.go:459.35,461.3 1 4
github.com/krystophny/helpy/internal/email/imap.go:464.2,464.45 1 4
github.com/krystophny/helpy/internal/email/imap.go:464.45,466.3 1 1
github.com/krystophny/helpy/internal/email/imap.go:468.2,468.41 1 4
github.com/krystophny/helpy/internal/email/imap.go:468.41,470.3 1 0
github.com/krystophny/helpy/internal/email/imap.go:472.2,473.31 2 4
github.com/krystophny/helpy/internal/email/imap.go:473.31,475.3 1 5
github.com/krystophny/helpy/internal/email/imap.go:477.2,477.24 1 4
github.com/krystophny/helpy/internal/email/imap.go:481.126,484.16 2 4
github.com/krystophny/helpy/internal/email/imap.go:484.16,486.3 1 0
github.com/krystophny/helpy/internal/email/imap.go:487.2,490.16 3 4
github.com/krystophny/helpy/internal/email/imap.go:490.16,492.3 1 0
github.com/krystophny/helpy/internal/email/imap.go:494.2,495.16 2 4
github.com/krystophny/helpy/internal/email/imap.go:495.16,497.3 1 0
github.com/krystophny/helpy/internal/email/imap.go:499.2,500.20 2 4
github.com/krystophny/helpy/internal/email/imap.go:500.20,502.3 1 0
github.com/krystophny/helpy/internal/email/imap.go:505.2,506.27 2 4
github.com/krystophny/helpy/internal/email/imap.go:506.27,508.3 1 5
github.com/krystophny/helpy/internal/email/imap.go:510.2,516.6 3 4
github.com/krystophny/helpy/internal/email/imap.go:516.6,518.17 2 9
github.com/krystophny/helpy/internal/email/imap.go:518.17,519.9 1 4
github.com/krystophny/helpy/internal/email/imap.go:521.3,522.17 2 5
github.com/krystophny/helpy/internal/email/imap.go:522.17,523.12 1 0
github.com/krystophny/helpy/internal/email/imap.go:526.3,527.63 2 5
github.com/krystophny/helpy/internal/email/imap.go:527.63,529.4 1 5
github.com/krystophny/helpy/internal/email/imap.go:531.3,535.5 1 5
github.com/krystophny/helpy/internal/email/imap.go:538.2,538.16 1 4
github.com/krystophny/helpy/internal/email/imap.go:542.66,549.9 5 4
github.com/krystophny/helpy/internal/email/imap.go:550.16,551.84 1 0
github.com/krystophny/helpy/internal/email/imap.go:552.18,553.89 1 0
github.com/krystophny/helpy/internal/email/imap.go:554.10,555.51 1 4
github.com/krystophny/helpy/internal/email/imap.go:558.2,558.16 1 4
github.com/krystophny/helpy/internal/email/imap.go:558.16,560.3 1 0
github.com/krystophny/helpy/internal/email/imap.go:562.2,562.68 1 4
github.com/krystophny/helpy/internal/email/imap.go:562.68,565.3 2 0
github.com/krystophny/helpy/internal/email/imap.go:567.2,567.20 1 4
github.com/krystophny/helpy/internal/email/imap.go:571.71,574.21 2 8
github.com/krystophny/helpy/internal/email/imap.go:574.21,576.3 1 0
github.com/krystophny/helpy/internal/email/imap.go:578.2,578.24 1 8
github.com/krystophny/helpy/internal/email/imap.go:578.24,583.3 1 1
github.com/krystophny/helpy/internal/email/imap.go:585.2,585.21 1 8
github.com/krystophny/helpy/internal/email/imap.go:585.21,590.3 1 1
github.com/krystophny/helpy/internal/email/imap.go:592.2,592.19 1 8
github.com/krystophny/helpy/internal/email/imap.go:592.19,597.3 1 0
github.com/krystophny/helpy/internal/email/imap.go:599.2,599.26 1 8
github.com/krystophny/helpy/internal/email/imap.go:599.26,601.3 1 0
github.com/krystophny/helpy/internal/email/imap.go:603.2,603.27 1 8
github.com/krystophny/helpy/internal/email/imap.go:603.27,605.3 1 0
github.com/krystophny/helpy/internal/email/imap.go:607.2,607.26 1 8
github.com/krystophny/helpy/internal/email/imap.go:607.26,609.3 1 1
github.com/krystophny/helpy/internal/email/imap.go:611.2,611.26 1 8
github.com/krystophny/helpy/internal/email/imap.go:611.26,613.3 1 0
github.com/krystophny/helpy/internal/email/imap.go:615.2,615.24 1 8
github.com/krystophny/helpy/internal/email/imap.go:615.24,616.19 1 0
github.com/krystophny/helpy/internal/email/imap.go:616.19,618.4 1 0
github.com/krystophny/helpy/internal/email/imap.go:618.9,620.4 1 0
github.com/krystophny/helpy/internal/email/imap.go:623.2,623.27 1 8
github.com/krystophny/helpy/internal/email/imap.go:623.27,624.22 1 0
github.com/krystophny/helpy/internal/email/imap.go:624.22,626.4 1 0
github.com/krystophny/helpy/internal/email/imap.go:626.9,628.4 1 0
github.com/krystophny/helpy/internal/email/imap.go:631.2,631.26 1 8
github.com/krystophny/helpy/internal/email/imap.go:631.26,633.3 1 0
github.com/krystophny/helpy/internal/email/imap.go:635.2,635.23 1 8
github.com/krystophny/helpy/internal/email/imap.go:635.23,637.3 1 0
github.com/krystophny/helpy/internal/email/imap.go:639.2,639.17 1 8
github.com/krystophny/helpy/internal/email/imap.go:643.110,645.16 2 5
github.com/krystophny/helpy/internal/email/imap.go:645.16,647.3 1 1
github.com/krystophny/helpy/internal/email/imap.go:649.2,649.39 1 4
github.com/krystophny/helpy/internal/email/imap.go:649.39,651.3 1 0
github.com/krystophny/helpy/internal/email/imap.go:653.2,657.16 4 4
github.com/krystophny/helpy/internal/email/imap.go:657.16,659.3 1 0
github.com/krystophny/helpy/internal/email/imap.go:661.2,667.22 2 4
github.com/krystophny/helpy/internal/email/imap.go:667.22,671.3 1 1
github.com/krystophny/helpy/internal/email/imap.go:673.2,678.16 5 4
github.com/krystophny/helpy/internal/email/imap.go:678.16,680.3 1 0
github.com/krystophny/helpy/internal/email/imap.go:682.2,683.16 2 4
github.com/krystophny/helpy/internal/email/imap.go:683.16,685.3 1 0
github.com/krystophny/helpy/internal/email/imap.go:688.2,688.29 1 4
github.com/krystophny/helpy/internal/email/imap.go:688.30,689.3 0 0
github.com/krystophny/helpy/internal/email/imap.go:691.2,691.59 1 4
github.com/krystophny/helpy/internal/email/imap.go:695.123,696.26 1 1
github.com/krystophny/helpy/internal/email/imap.go:696.26,698.3 1 0
github.com/krystophny/helpy/internal/email/imap.go:700.2,701.32 2 1
github.com/krystophny/helpy/internal/email/imap.go:701.32,703.17 2 2
github.com/krystophny/helpy/internal/email/imap.go:703.17,704.12 1 0
github.com/krystophny/helpy/internal/email/imap.go:706.3,706.51 1 2
github.com/krystophny/helpy/internal/email/imap.go:709.2,712.37 3 1
github.com/krystophny/helpy/internal/email/imap.go:712.37,714.17 2 1
github.com/krystophny/helpy/internal/email/imap.go:714.17,715.12 1 0
github.com/krystophny/helpy/internal/email/imap.go:717.3,719.21 3 1
github.com/krystophny/helpy/internal/email/imap.go:722.2,722.21 1 1
github.com/krystophny/helpy/internal/email/imap.go:725.136,726.39 1 1
github.com/krystophny/helpy/internal/email/imap.go:726.39,728.3 1 0
github.com/krystophny/helpy/internal/email/imap.go:730.2,734.16 4 1
github.com/krystophny/helpy/internal/email/imap.go:734.16,736.3 1 0
github.com/krystophny/helpy/internal/email/imap.go:738.2,744.22 2 1
github.com/krystophny/helpy/internal/email/imap.go:744.22,748.3 1 0
github.com/krystophny/helpy/internal/email/imap.go:750.2,751.27 2 1
github.com/krystophny/helpy/internal/email/imap.go:751.27,753.3 1 2
github.com/krystophny/helpy/internal/email/imap.go:755.2,758.6 3 1
github.com/krystophny/helpy/internal/email/imap.go:758.6,760.17 2 3
github.com/krystophny/helpy/internal/email/imap.go:760.17,761.9 1 1
github.com/krystophny/helpy/internal/email/imap.go:764.3,765.17 2 2
github.com/krystophny/helpy/internal/email/imap.go:765.17,766.12 1 0
github.com/krystophny/helpy/internal/email/imap.go:769.3,770.17 2 2
github.com/krystophny/helpy/internal/email/imap.go:770.17,771.12 1 0
github.com/krystophny/helpy/internal/email/imap.go:773.3,773.35 1 2
github.com/krystophny/helpy/internal/email/imap.go:776.2,776.21 1 1
github.com/krystophny/helpy/internal/email/imap.go:780.86,782.2 1 1
github.com/krystophny/helpy/internal/email/imap.go:785.88,787.2 1 1
github.com/krystophny/helpy/internal/email/imap.go:790.85,792.2 1 1
github.com/krystophny/helpy/internal/email/imap.go:795.83,797.2 1 1
github.com/krystophny/helpy/internal/email/imap.go:800.84,801.26 1 1
github.com/krystophny/helpy/internal/email/imap.go:801.26,803.3 1 0
github.com/krystophny/helpy/internal/email/imap.go:805.2,807.39 2 1
github.com/krystophny/helpy/internal/email/imap.go:807.39,809.3 1 0
github.com/krystophny/helpy/internal/email/imap.go:811.2,820.37 7 1
github.com/krystophny/helpy/internal/email/imap.go:820.37,821.21 1 1
github.com/krystophny/helpy/internal/email/imap.go:821.21,822.12 1 0
github.com/krystophny/helpy/internal/email/imap.go:825.3,825.64 1 1
github.com/krystophny/helpy/internal/email/imap.go:825.64,827.12 2 0
github.com/krystophny/helpy/internal/email/imap.go:830.3,836.42 3 1
github.com/krystophny/helpy/internal/email/imap.go:836.42,838.12 2 0
github.com/krystophny/helpy/internal/email/imap.go:841.3,842.25 2 1
github.com/krystophny/helpy/internal/email/imap.go:842.25,844.4 1 0
github.com/krystophny/helpy/internal/email/imap.go:844.9,847.4 1 1
github.com/krystophny/helpy/internal/email/imap.go:848.3,848.24 1 1
github.com/krystophny/helpy/internal/email/imap.go:848.24,850.12 2 0
github.com/krystophny/helpy/internal/email/imap.go:853.3,853.25 1 1
github.com/krystophny/helpy/internal/email/imap.go:856.2,856.32 1 1
github.com/krystophny/helpy/internal/email/imap.go:856.32,858.3 1 0
github.com/krystophny/helpy/internal/email/imap.go:860.2,860.22 1 1
github.com/krystophny/helpy/internal/email/imap.go:860.22,862.3 1 0
github.com/krystophny/helpy/internal/email/imap.go:864.2,864.23 1 1
github.com/krystophny/helpy/internal/email/imap.go:868.107,877.2 1 0
github.com/krystophny/helpy/internal/email/imap.go:879.49,881.2 1 0
github.com/krystophny/helpy/internal/email/imap.go:883.158,884.26 1 2
github.com/krystophny/helpy/internal/email/imap.go:884.26,886.3 1 0
github.com/krystophny/helpy/internal/email/imap.go:888.2,890.39 2 2
github.com/krystophny/helpy/internal/email/imap.go:890.39,892.3 1 0
github.com/krystophny/helpy/internal/email/imap.go:894.2,898.16 4 2
github.com/krystophny/helpy/internal/email/imap.go:898.16,900.3 1 0
github.com/krystophny/helpy/internal/email/imap.go:902.2,905.37 3 2
github.com/krystophny/helpy/internal/email/imap.go:905.37,906.21 1 2
github.com/krystophny/helpy/internal/email/imap.go:906.21,907.12 1 0
github.com/krystophny/helpy/internal/email/imap.go:911.3,911.28 1 2
github.com/krystophny/helpy/internal/email/imap.go:911.28,913.12 2 0
github.com/krystophny/helpy/internal/email/imap.go:916.3,916.64 1 2
github.com/krystophny/helpy/internal/email/imap.go:916.64,918.12 2 0
github.com/krystophny/helpy/internal/email/imap.go:921.3,922.70 2 2
github.com/krystophny/helpy/internal/email/imap.go:922.70,924.12 2 0
github.com/krystophny/helpy/internal/email/imap.go:927.3,927.25 1 2
github.com/krystophny/helpy/internal/email/imap.go:930.2,930.32 1 2
github.com/krystophny/helpy/internal/email/imap.go:930.32,932.3 1 0
github.com/krystophny/helpy/internal/email/imap.go:934.2,934.22 1 2
github.com/krystophny/helpy/internal/email/imap.go:934.22,936.3 1 0
github.com/krystophny/helpy/internal/email/imap.go:938.2,938.23 1 2
github.com/krystophny/helpy/internal/email/imap.go:941.129,942.26 1 2
github.com/krystophny/helpy/internal/email/imap.go:942.26,944.3 1 0
github.com/krystophny/helpy/internal/email/imap.go:946.2,948.39 2 2
github.com/krystophny/helpy/internal/email/imap.go:948.39,950.3 1 0
github.com/krystophny/helpy/internal/email/imap.go:952.2,958.37 5 2
github.com/krystophny/helpy/internal/email/imap.go:958.37,959.21 1 2
github.com/krystophny/helpy/internal/email/imap.go:959.21,960.12 1 0
github.com/krystophny/helpy/internal/email/imap.go:963.3,963.64 1 2
github.com/krystophny/helpy/internal/email/imap.go:963.64,965.12 2 0
github.com/krystophny/helpy/internal/email/imap.go:968.3,974.42 3 2
github.com/krystophny/helpy/internal/email/imap.go:974.42,976.12 2 0
github.com/krystophny/helpy/internal/email/imap.go:979.3,979.25 1 2
github.com/krystophny/helpy/internal/email/imap.go:982.2,982.32 1 2
github.com/krystophny/helpy/internal/email/imap.go:982.32,984.3 1 0
github.com/krystophny/helpy/internal/email/imap.go:986.2,986.22 1 2
github.com/krystophny/helpy/internal/email/imap.go:986.22,988.3 1 0
github.com/krystophny/helpy/internal/email/imap.go:990.2,990.23 1 2
github.com/krystophny/helpy/internal/email/imap.go:993.105,995.16 2 2
github.com/krystophny/helpy/internal/email/imap.go:995.16,997.3 1 0
github.com/krystophny/helpy/internal/email/imap.go:999.2,1000.33 2 2
github.com/krystophny/helpy/internal/email/imap.go:1000.33,1002.3 1 4
github.com/krystophny/helpy/internal/email/imap.go:1004.2,1004.34 1 2
github.com/krystophny/helpy/internal/email/imap.go:1004.34,1005.34 1 3
github.com/krystophny/helpy/internal/email/imap.go:1005.34,1007.4 1 2
github.com/krystophny/helpy/internal/email/imap.go:1010.2,1010.20 1 0
github.com/krystophny/helpy/internal/email/imap.go:1010.20,1012.3 1 0
github.com/krystophny/helpy/internal/email/imap.go:1014.2,1014.62 1 0
github.com/krystophny/helpy/internal/email/imap.go:1014.62,1016.39 1 0
github.com/krystophny/helpy/internal/email/imap.go:1016.39,1018.4 1 0
github.com/krystophny/helpy/internal/email/imap.go:1022.2,1027.22 5 0
github.com/krystophny/helpy/internal/email/imap.go:1030.85,1035.32 4 5
github.com/krystophny/helpy/internal/email/imap.go:1035.32,1037.17 2 5
github.com/krystophny/helpy/internal/email/imap.go:1037.17,1039.12 2 0
github.com/krystophny/helpy/internal/email/imap.go:1041.3,1041.26 1 5
github.com/krystophny/helpy/internal/email/imap.go:1041.26,1043.4 1 5
github.com/krystophny/helpy/internal/email/imap.go:1044.3,1044.24 1 5
github.com/krystophny/helpy/internal/email/imap.go:1044.24,1045.12 1 0
github.com/krystophny/helpy/internal/email/imap.go:1047.3,1048.51 2 5
github.com/krystophny/helpy/internal/email/imap.go:1051.2,1051.26 1 5
github.com/krystophny/helpy/internal/email/imap.go:1054.51,1056.27 2 5
github.com/krystophny/helpy/internal/email/imap.go:1056.27,1058.3 1 5
github.com/krystophny/helpy/internal/email/imap.go:1059.2,1059.12 1 5
github.com/krystophny/helpy/internal/email/imap.go:1063.44,1065.2 1 1
github.com/krystophny/helpy/internal/email/imap.go:1068.36,1073.6 3 13
github.com/krystophny/helpy/internal/email/imap.go:1073.6,1074.10 1 17
github.com/krystophny/helpy/internal/email/imap.go:1075.25,1076.16 1 4
github.com/krystophny/helpy/internal/email/imap.go:1077.11,1078.20 1 13
github.com/krystophny/helpy/internal/email/imap.go:1083.2,1083.21 1 13
github.com/krystophny/helpy/internal/email/imap.go:1083.21,1087.3 3 12
github.com/krystophny/helpy/internal/email/imap.go:1088.2,1088.12 1 1
github.com/krystophny/helpy/internal/email/imap.go:1091.80,1093.21 2 12
github.com/krystophny/helpy/internal/email/imap.go:1093.21,1095.3 1 1
github.com/krystophny/helpy/internal/email/imap.go:1097.2,1098.16 2 11
github.com/krystophny/helpy/internal/email/imap.go:1098.16,1100.3 1 0
github.com/krystophny/helpy/internal/email/imap.go:1102.2,1102.40 1 11
github.com/krystophny/helpy/internal/email/imap.go:1105.120,1112.33 3 6
github.com/krystophny/helpy/internal/email/imap.go:1112.33,1113.28 1 1
github.com/krystophny/helpy/internal/email/imap.go:1113.28,1115.9 2 1
github.com/krystophny/helpy/internal/email/imap.go:1118.2,1120.25 2 6
github.com/krystophny/helpy/internal/email/imap.go:1120.25,1123.26 3 6
github.com/krystophny/helpy/internal/email/imap.go:1123.26,1125.4 1 0
github.com/krystophny/helpy/internal/email/imap.go:1127.3,1127.24 1 6
github.com/krystophny/helpy/internal/email/imap.go:1127.24,1129.4 1 6
github.com/krystophny/helpy/internal/email/imap.go:1131.3,1131.31 1 6
github.com/krystophny/helpy/internal/email/imap.go:1131.31,1133.4 1 6
github.com/krystophny/helpy/internal/email/imap.go:1135.3,1135.25 1 6
github.com/krystophny/helpy/internal/email/imap.go:1135.25,1137.4 1 6
github.com/krystophny/helpy/internal/email/imap.go:1137.9,1139.4 1 0
github.com/krystophny/helpy/internal/email/imap.go:1141.3,1141.33 1 6
github.com/krystophny/helpy/internal/email/imap.go:1144.2,1144.43 1 6
github.com/krystophny/helpy/internal/email/imap.go:1144.43,1145.43 1 1
github.com/krystophny/helpy/internal/email/imap.go:1145.43,1147.22 2 1
github.com/krystophny/helpy/internal/email/imap.go:1147.22,1149.5 1 1
github.com/krystophny/helpy/internal/email/imap.go:1150.4,1150.22 1 1
github.com/krystophny/helpy/internal/email/imap.go:1150.22,1152.5 1 0
github.com/krystophny/helpy/internal/email/imap.go:1156.2,1156.19 1 6
github.com/krystophny/helpy/internal/email/imap.go:1159.46,1160.21 1 12
github.com/krystophny/helpy/internal/email/imap.go:1160.21,1162.3 1 0
github.com/krystophny/helpy/internal/email/imap.go:1163.2,1163.54 1 12
github.com/krystophny/helpy/internal/email/imap.go:1166.58,1168.16 2 1
github.com/krystophny/helpy/internal/email/imap.go:1168.16,1170.3 1 0
github.com/krystophny/helpy/internal/email/imap.go:1172.2,1172.6 1 1
github.com/krystophny/helpy/internal/email/imap.go:1172.6,1174.17 2 2
github.com/krystophny/helpy/internal/email/imap.go:1174.17,1175.9 1 1
github.com/krystophny/helpy/internal/email/imap.go:1178.3,1178.34 1 1
github.com/krystophny/helpy/internal/email/imap.go:1179.32,1182.18 3 1
github.com/krystophny/helpy/internal/email/imap.go:1182.18,1183.13 1 0
github.com/krystophny/helpy/internal/email/imap.go:1186.4,1186.14 1 1
github.com/krystophny/helpy/internal/email/imap.go:1187.22,1188.19 1 1
github.com/krystophny/helpy/internal/email/imap.go:1188.19,1190.6 1 1
github.com/krystophny/helpy/internal/email/imap.go:1191.21,1192.19 1 0
github.com/krystophny/helpy/internal/email/imap.go:1192.19,1194.6 1 0
github.com/krystophny/helpy/internal/email/imap.go:1199.2,1199.19 1 1
github.com/krystophny/helpy/internal/email/provider.go:130.28,132.2 1 0
github.com/krystophny/helpy/internal/email/provider.go:135.43,139.2 1 9
github.com/krystophny/helpy/internal/email/provider.go:142.64,145.2 2 5
github.com/krystophny/helpy/internal/email/provider.go:148.60,151.2 2 1
github.com/krystophny/helpy/internal/email/provider.go:154.66,157.2 2 2
github.com/krystophny/helpy/internal/email/provider.go:160.60,163.2 2 2
github.com/krystophny/helpy/internal/email/provider.go:166.56,169.2 2 1
github.com/krystophny/helpy/internal/email/provider.go:172.77,176.2 3 0
github.com/krystophny/helpy/internal/email/provider.go:179.65,182.2 2 0
github.com/krystophny/helpy/internal/email/provider.go:185.61,188.2 2 2
github.com/krystophny/helpy/internal/email/provider.go:191.66,194.2 2 1
github.com/krystophny/helpy/internal/email/provider.go:197.60,200.2 2 1
github.com/krystophny/helpy/internal/email/provider.go:203.66,206.2 2 1
github.com/krystophny/helpy/internal/email/provider.go:209.64,212.2 2 1
github.com/krystophny/helpy/internal/email/provider.go:215.73,218.2 2 0
github.com/krystophny/helpy/internal/email/ratelimiter.go:31.61,32.28 1 0
github.com/krystophny/helpy/internal/email/ratelimiter.go:32.28,34.3 1 0
github.com/krystophny/helpy/internal/email/ratelimiter.go:35.2,39.3 1 0
github.com/krystophny/helpy/internal/email/ratelimiter.go:43.49,45.2 1 0
github.com/krystophny/helpy/internal/email/ratelimiter.go:48.61,50.15 2 0
github.com/krystophny/helpy/internal/email/ratelimiter.go:50.15,52.3 1 0
github.com/krystophny/helpy/internal/email/ratelimiter.go:53.2,60.27 5 0
github.com/krystophny/helpy/internal/email/ratelimiter.go:60.27,66.3 5 0
github.com/krystophny/helpy/internal/email/ratelimiter.go:68.2,68.23 1 0
github.com/krystophny/helpy/internal/email/ratelimiter.go:71.32,75.36 4 0
github.com/krystophny/helpy/internal/email/ratelimiter.go:75.36,77.3 1 0
github.com/krystophny/helpy/internal/email/ratelimiter.go:78.2,78.20 1 0
github.com/krystophny/helpy/internal/email/ratelimiter.go:82.40,87.2 4 0
github.com/krystophny/helpy/internal/api/handlers/calendar.go:16.59,19.16 3 0
github.com/krystophny/helpy/internal/api/handlers/calendar.go:19.16,22.3 2 0
github.com/krystophny/helpy/internal/api/handlers/calendar.go:24.2,24.42 1 0
github.com/krystophny/helpy/internal/api/handlers/calendar.go:27.61,29.44 2 0
github.com/krystophny/helpy/internal/api/handlers/calendar.go:29.44,32.3 2 0
github.com/krystophny/helpy/internal/api/handlers/calendar.go:34.2,41.16 3 0
github.com/krystophny/helpy/internal/api/handlers/calendar.go:41.16,44.3 2 0
github.com/krystophny/helpy/internal/api/handlers/calendar.go:46.2,46.39 1 0
github.com/krystophny/helpy/internal/api/handlers/chat.go:11.29,12.23 1 0
github.com/krystophny/helpy/internal/api/handlers/chat.go:12.23,14.3 1 0
github.com/krystophny/helpy/internal/api/handlers/chat.go:15.2,17.12 3 0
github.com/krystophny/helpy/internal/api/handlers/chat.go:20.51,21.41 1 0
github.com/krystophny/helpy/internal/api/handlers/chat.go:21.41,24.3 2 0
github.com/krystophny/helpy/internal/api/handlers/chat.go:26.2,27.44 2 0
github.com/krystophny/helpy/internal/api/handlers/chat.go:27.44,30.3 2 0
github.com/krystophny/helpy/internal/api/handlers/chat.go:32.2,32.23 1 0
github.com/krystophny/helpy/internal/api/handlers/chat.go:32.23,35.3 2 0
github.com/krystophny/helpy/internal/api/handlers/chat.go:37.2,38.16 2 0
github.com/krystophny/helpy/internal/api/handlers/chat.go:38.16,41.3 2 0
github.com/krystophny/helpy/internal/api/handlers/chat.go:43.2,43.37 1 0
github.com/krystophny/helpy/internal/api/handlers/common.go:12.71,16.2 3 2
github.com/krystophny/helpy/internal/api/handlers/common.go:18.70,20.2 1 0
github.com/krystophny/helpy/internal/api/handlers/common.go:22.55,24.2 1 0
github.com/krystophny/helpy/internal/api/handlers/email.go:47.61,49.16 2 0
github.com/krystophny/helpy/internal/api/handlers/email.go:49.16,52.3 2 0
github.com/krystophny/helpy/internal/api/handlers/email.go:53.2,53.42 1 0
github.com/krystophny/helpy/internal/api/handlers/email.go:56.58,60.16 3 0
github.com/krystophny/helpy/internal/api/handlers/email.go:60.16,63.3 2 0
github.com/krystophny/helpy/internal/api/handlers/email.go:66.2,67.16 2 0
github.com/krystophny/helpy/internal/api/handlers/email.go:67.16,70.3 2 0
github.com/krystophny/helpy/internal/api/handlers/email.go:71.2,71.39 1 0
github.com/krystophny/helpy/internal/api/handlers/email.go:74.56,76.44 2 0
github.com/krystophny/helpy/internal/api/handlers/email.go:76.44,79.3 2 0
github.com/krystophny/helpy/internal/api/handlers/email.go:81.2,82.16 2 0
github.com/krystophny/helpy/internal/api/handlers/email.go:82.16,85.3 2 0
github.com/krystophny/helpy/internal/api/handlers/email.go:87.2,88.16 2 0
github.com/krystophny/helpy/internal/api/handlers/email.go:88.16,90.3 1 0
github.com/krystophny/helpy/internal/api/handlers/email.go:91.2,93.22 2 0
github.com/krystophny/helpy/internal/api/handlers/email.go:93.22,95.3 1 0
github.com/krystophny/helpy/internal/api/handlers/email.go:96.2,96.20 1 0
github.com/krystophny/helpy/internal/api/handlers/email.go:96.20,98.3 1 0
github.com/krystophny/helpy/internal/api/handlers/email.go:99.2,99.18 1 0
github.com/krystophny/helpy/internal/api/handlers/email.go:99.18,101.3 1 0
github.com/krystophny/helpy/internal/api/handlers/email.go:102.2,102.23 1 0
github.com/krystophny/helpy/internal/api/handlers/email.go:102.23,104.3 1 0
github.com/krystophny/helpy/internal/api/handlers/email.go:105.2,105.18 1 0
github.com/krystophny/helpy/internal/api/handlers/email.go:105.18,107.3 1 0
github.com/krystophny/helpy/internal/api/handlers/email.go:108.2,108.21 1 0
github.com/krystophny/helpy/internal/api/handlers/email.go:108.21,109.64 1 0
github.com/krystophny/helpy/internal/api/handlers/email.go:109.64,111.4 1 0
github.com/krystophny/helpy/internal/api/handlers/email.go:113.2,113.22 1 0
github.com/krystophny/helpy/internal/api/handlers/email.go:113.22,114.65 1 0
github.com/krystophny/helpy/internal/api/handlers/email.go:114.65,116.4 1 0
github.com/krystophny/helpy/internal/api/handlers/email.go:118.2,118.23 1 0
github.com/krystophny/helpy/internal/api/handlers/email.go:118.23,120.3 1 0
github.com/krystophny/helpy/internal/api/handlers/email.go:121.2,121.40 1 0
github.com/krystophny/helpy/internal/api/handlers/email.go:121.40,123.3 1 0
github.com/krystophny/helpy/internal/api/handlers/email.go:124.2,124.54 1 0
github.com/krystophny/helpy/internal/api/handlers/email.go:124.54,126.3 1 0
github.com/krystophny/helpy/internal/api/handlers/email.go:127.2,127.20 1 0
github.com/krystophny/helpy/internal/api/handlers/email.go:127.20,129.3 1 0
github.com/krystophny/helpy/internal/api/handlers/email.go:131.2,132.16 2 0
github.com/krystophny/helpy/internal/api/handlers/email.go:132.16,135.3 2 0
github.com/krystophny/helpy/internal/api/handlers/email.go:137.2,137.26 1 0
github.com/krystophny/helpy/internal/api/handlers/email.go:137.26,140.3 2 0
github.com/krystophny/helpy/internal/api/handlers/email.go:142.2,143.16 2 0
github.com/krystophny/helpy/internal/api/handlers/email.go:143.16,146.3 2 0
github.com/krystophny/helpy/internal/api/handlers/email.go:148.2,148.41 1 0
github.com/krystophny/helpy/internal/api/handlers/email.go:151.58,153.44 2 0
github.com/krystophny/helpy/internal/api/handlers/email.go:153.44,156.3 2 0
github.com/krystophny/helpy/internal/api/handlers/email.go:158.2,158.20 1 0
github.com/krystophny/helpy/internal/api/handlers/email.go:158.20,161.3 2 0
github.com/krystophny/helpy/internal/api/handlers/email.go:163.2,164.16 2 0
github.com/krystophny/helpy/internal/api/handlers/email.go:164.16,167.3 2 0
github.com/krystophny/helpy/internal/api/handlers/email.go:169.2,170.16 2 0
github.com/krystophny/helpy/internal/api/handlers/email.go:170.16,172.3 1 0
github.com/krystophny/helpy/internal/api/handlers/email.go:173.2,178.16 3 0
github.com/krystophny/helpy/internal/api/handlers/email.go:178.16,181.3 2 0
github.com/krystophny/helpy/internal/api/handlers/email.go:183.2,183.26 1 0
github.com/krystophny/helpy/internal/api/handlers/email.go:183.26,186.3 2 0
github.com/krystophny/helpy/internal/api/handlers/email.go:188.2,189.16 2 0
github.com/krystophny/helpy/internal/api/handlers/email.go:189.16,192.3 2 0
github.com/krystophny/helpy/internal/api/handlers/email.go:194.2,194.41 1 0
github.com/krystophny/helpy/internal/api/handlers/email.go:197.56,199.44 2 0
github.com/krystophny/helpy/internal/api/handlers/email.go:199.44,202.3 2 0
github.com/krystophny/helpy/internal/api/handlers/email.go:204.2,204.25 1 0
github.com/krystophny/helpy/internal/api/handlers/email.go:204.25,207.3 2 0
github.com/krystophny/helpy/internal/api/handlers/email.go:209.2,210.16 2 0
github.com/krystophny/helpy/internal/api/handlers/email.go:210.16,213.3 2 0
github.com/krystophny/helpy/internal/api/handlers/email.go:215.2,216.18 2 0
github.com/krystophny/helpy/internal/api/handlers/email.go:216.18,218.3 1 0
github.com/krystophny/helpy/internal/api/handlers/email.go:220.2,221.16 2 0
github.com/krystophny/helpy/internal/api/handlers/email.go:221.16,224.3 2 0
github.com/krystophny/helpy/internal/api/handlers/email.go:226.2,226.36 1 0
github.com/krystophny/helpy/internal/api/handlers/email.go:229.59,231.44 2 0
github.com/krystophny/helpy/internal/api/handlers/email.go:231.44,234.3 2 0
github.com/krystophny/helpy/internal/api/handlers/email.go:236.2,237.16 2 0
github.com/krystophny/helpy/internal/api/handlers/email.go:237.16,240.3 2 0
github.com/krystophny/helpy/internal/api/handlers/email.go:241.2,244.16 3 0
github.com/krystophny/helpy/internal/api/handlers/email.go:244.16,247.3 2 0
github.com/krystophny/helpy/internal/api/handlers/email.go:249.2,249.26 1 0
github.com/krystophny/helpy/internal/api/handlers/email.go:249.26,252.3 2 0
github.com/krystophny/helpy/internal/api/handlers/email.go:254.2,255.16 2 0
github.com/krystophny/helpy/internal/api/handlers/email.go:255.16,258.3 2 0
github.com/krystophny/helpy/internal/api/handlers/email.go:260.2,260.66 1 0
github.com/krystophny/helpy/internal/api/handlers/email.go:263.57,265.44 2 0
github.com/krystophny/helpy/internal/api/handlers/email.go:265.44,268.3 2 0
github.com/krystophny/helpy/internal/api/handlers/email.go:270.2,271.16 2 0
github.com/krystophny/helpy/internal/api/handlers/email.go:271.16,274.3 2 0
github.com/krystophny/helpy/internal/api/handlers/email.go:275.2,278.16 3 0
github.com/krystophny/helpy/internal/api/handlers/email.go:278.16,281.3 2 0
github.com/krystophny/helpy/internal/api/handlers/email.go:283.2,283.26 1 0
github.com/krystophny/helpy/internal/api/handlers/email.go:283.26,286.3 2 0
github.com/krystophny/helpy/internal/api/handlers/email.go:288.2,289.16 2 0
github.com/krystophny/helpy/internal/api/handlers/email.go:289.16,292.3 2 0
github.com/krystophny/helpy/internal/api/handlers/email.go:294.2,294.65 1 0
github.com/krystophny/helpy/internal/api/handlers/email.go:297.58,299.44 2 0
github.com/krystophny/helpy/internal/api/handlers/email.go:299.44,302.3 2 0
github.com/krystophny/helpy/internal/api/handlers/email.go:304.2,304.18 1 0
github.com/krystophny/helpy/internal/api/handlers/email.go:304.18,307.3 2 0
github.com/krystophny/helpy/internal/api/handlers/email.go:309.2,310.16 2 0
github.com/krystophny/helpy/internal/api/handlers/email.go:310.16,313.3 2 0
github.com/krystophny/helpy/internal/api/handlers/email.go:314.2,317.16 3 0
github.com/krystophny/helpy/internal/api/handlers/email.go:317.16,320.3 2 0
github.com/krystophny/helpy/internal/api/handlers/email.go:322.2,322.26 1 0
github.com/krystophny/helpy/internal/api/handlers/email.go:322.26,325.3 2 0
github.com/krystophny/helpy/internal/api/handlers/email.go:327.2,328.16 2 0
github.com/krystophny/helpy/internal/api/handlers/email.go:328.16,331.3 2 0
github.com/krystophny/helpy/internal/api/handlers/email.go:333.2,333.65 1 0
github.com/krystophny/helpy/internal/api/handlers/email.go:336.60,338.44 2 0
github.com/krystophny/helpy/internal/api/handlers/email.go:338.44,341.3 2 0
github.com/krystophny/helpy/internal/api/handlers/email.go:343.2,344.16 2 0
github.com/krystophny/helpy/internal/api/handlers/email.go:344.16,347.3 2 0
github.com/krystophny/helpy/internal/api/handlers/email.go:348.2,351.16 3 0
github.com/krystophny/helpy/internal/api/handlers/email.go:351.16,354.3 2 0
github.com/krystophny/helpy/internal/api/handlers/email.go:356.2,356.26 1 0
github.com/krystophny/helpy/internal/api/handlers/email.go:356.26,359.3 2 0
github.com/krystophny/helpy/internal/api/handlers/email.go:361.2,362.16 2 0
github.com/krystophny/helpy/internal/api/handlers/email.go:362.16,365.3 2 0
github.com/krystophny/helpy/internal/api/handlers/email.go:367.2,367.64 1 0
github.com/krystophny/helpy/internal/api/handlers/email.go:370.62,372.44 2 0
github.com/krystophny/helpy/internal/api/handlers/email.go:372.44,375.3 2 0
github.com/krystophny/helpy/internal/api/handlers/email.go:377.2,378.16 2 0
github.com/krystophny/helpy/internal/api/handlers/email.go:378.16,381.3 2 0
github.com/krystophny/helpy/internal/api/handlers/email.go:382.2,385.16 3 0
github.com/krystophny/helpy/internal/api/handlers/email.go:385.16,388.3 2 0
github.com/krystophny/helpy/internal/api/handlers/email.go:390.2,390.26 1 0
github.com/krystophny/helpy/internal/api/handlers/email.go:390.26,393.3 2 0
github.com/krystophny/helpy/internal/api/handlers/email.go:395.2,396.16 2 0
github.com/krystophny/helpy/internal/api/handlers/email.go:396.16,399.3 2 0
github.com/krystophny/helpy/internal/api/handlers/email.go:401.2,401.64 1 0
github.com/krystophny/helpy/internal/api/handlers/email.go:404.146,405.17 1 0
github.com/krystophny/helpy/internal/api/handlers/email.go:405.17,407.3 1 0
github.com/krystophny/helpy/internal/api/handlers/email.go:409.2,409.16 1 0
github.com/krystophny/helpy/internal/api/handlers/email.go:409.16,411.3 1 0
github.com/krystophny/helpy/internal/api/handlers/email.go:413.2,417.41 2 0
github.com/krystophny/helpy/internal/api/handlers/ics.go:24.54,27.16 3 0
github.com/krystophny/helpy/internal/api/handlers/ics.go:27.16,30.3 2 0
github.com/krystophny/helpy/internal/api/handlers/ics.go:31.2,31.42 1 0
github.com/krystophny/helpy/internal/api/handlers/ics.go:34.56,36.44 2 0
github.com/krystophny/helpy/internal/api/handlers/ics.go:36.44,39.3 2 0
github.com/krystophny/helpy/internal/api/handlers/ics.go:41.2,43.16 3 0
github.com/krystophny/helpy/internal/api/handlers/ics.go:43.16,46.3 2 0
github.com/krystophny/helpy/internal/api/handlers/ics.go:48.2,48.39 1 0
github.com/krystophny/helpy/internal/api/handlers/ics.go:51.53,53.44 2 0
github.com/krystophny/helpy/internal/api/handlers/ics.go:53.44,56.3 2 0
github.com/krystophny/helpy/internal/api/handlers/ics.go:58.2,58.37 1 0
github.com/krystophny/helpy/internal/api/handlers/ics.go:58.37,61.3 2 0
github.com/krystophny/helpy/internal/api/handlers/ics.go:63.2,64.76 2 0
github.com/krystophny/helpy/internal/api/handlers/ics.go:64.76,67.3 2 0
github.com/krystophny/helpy/internal/api/handlers/ics.go:69.2,69.87 1 0
github.com/krystophny/helpy/internal/api/handlers/ics.go:72.56,74.44 2 0
github.com/krystophny/helpy/internal/api/handlers/ics.go:74.44,77.3 2 0
github.com/krystophny/helpy/internal/api/handlers/ics.go:79.2,79.20 1 0
github.com/krystophny/helpy/internal/api/handlers/ics.go:79.20,82.3 2 0
github.com/krystophny/helpy/internal/api/handlers/ics.go:84.2,85.70 2 0
github.com/krystophny/helpy/internal/api/handlers/ics.go:85.70,88.3 2 0
github.com/krystophny/helpy/internal/api/handlers/ics.go:90.2,90.89 1 0
github.com/krystophny/helpy/internal/api/handlers/sheet.go:30.56,32.44 2 0
github.com/krystophny/helpy/internal/api/handlers/sheet.go:32.44,35.3 2 0
github.com/krystophny/helpy/internal/api/handlers/sheet.go:37.2,37.20 1 0
github.com/krystophny/helpy/internal/api/handlers/sheet.go:37.20,40.3 2 0
github.com/krystophny/helpy/internal/api/handlers/sheet.go:42.2,44.16 3 0
github.com/krystophny/helpy/internal/api/handlers/sheet.go:44.16,47.3 2 0
github.com/krystophny/helpy/internal/api/handlers/sheet.go:48.2,51.4 1 0
github.com/krystophny/helpy/internal/api/handlers/sheet.go:54.56,56.44 2 0
github.com/krystophny/helpy/internal/api/handlers/sheet.go:56.44,59.3 2 0
github.com/krystophny/helpy/internal/api/handlers/sheet.go:61.2,61.39 1 0
github.com/krystophny/helpy/internal/api/handlers/sheet.go:61.39,64.3 2 0
github.com/krystophny/helpy/internal/api/handlers/sheet.go:66.2,68.16 3 0
github.com/krystophny/helpy/internal/api/handlers/sheet.go:68.16,71.3 2 0
github.com/krystophny/helpy/internal/api/handlers/sheet.go:73.2,77.4 1 0
github.com/krystophny/helpy/internal/api/handlers/voice.go:32.24,33.22 1 0
github.com/krystophny/helpy/internal/api/handlers/voice.go:33.22,35.22 2 0
github.com/krystophny/helpy/internal/api/handlers/voice.go:35.22,37.4 1 0
github.com/krystophny/helpy/internal/api/handlers/voice.go:38.3,39.24 2 0
github.com/krystophny/helpy/internal/api/handlers/voice.go:39.24,41.4 1 0
github.com/krystophny/helpy/internal/api/handlers/voice.go:81.50,85.44 3 0
github.com/krystophny/helpy/internal/api/handlers/voice.go:85.44,88.3 2 0
github.com/krystophny/helpy/internal/api/handlers/voice.go:90.2,90.20 1 0
github.com/krystophny/helpy/internal/api/handlers/voice.go:90.20,93.3 2 0
github.com/krystophny/helpy/internal/api/handlers/voice.go:95.2,96.20 2 0
github.com/krystophny/helpy/internal/api/handlers/voice.go:96.20,98.3 1 0
github.com/krystophny/helpy/internal/api/handlers/voice.go:99.2,100.9 2 0
github.com/krystophny/helpy/internal/api/handlers/voice.go:100.9,103.3 2 0
github.com/krystophny/helpy/internal/api/handlers/voice.go:105.2,106.54 2 0
github.com/krystophny/helpy/internal/api/handlers/voice.go:106.54,109.3 2 0
github.com/krystophny/helpy/internal/api/handlers/voice.go:111.2,112.16 2 0
github.com/krystophny/helpy/internal/api/handlers/voice.go:112.16,115.3 2 0
github.com/krystophny/helpy/internal/api/handlers/voice.go:116.2,126.47 6 0
github.com/krystophny/helpy/internal/api/handlers/voice.go:126.47,128.3 1 0
github.com/krystophny/helpy/internal/api/handlers/voice.go:130.2,136.34 5 0
github.com/krystophny/helpy/internal/api/handlers/voice.go:136.34,139.3 2 0
github.com/krystophny/helpy/internal/api/handlers/voice.go:141.2,142.16 2 0
github.com/krystophny/helpy/internal/api/handlers/voice.go:142.16,145.3 2 0
github.com/krystophny/helpy/internal/api/handlers/voice.go:147.2,150.20 4 0
github.com/krystophny/helpy/internal/api/handlers/voice.go:153.50,161.2 1 1
github.com/krystophny/helpy/internal/api/handlers/voice.go:163.95,170.2 1 1
github.com/krystophny/helpy/internal/api/handlers/voice.go:172.56,174.24 2 0
github.com/krystophny/helpy/internal/api/handlers/voice.go:174.24,176.3 1 0
github.com/krystophny/helpy/internal/api/handlers/voice.go:178.2,181.4 1 0
github.com/krystophny/helpy/internal/api/handlers/voice.go:184.56,187.52 2 0
github.com/krystophny/helpy/internal/api/handlers/voice.go:187.52,193.3 2 0
github.com/krystophny/helpy/internal/api/handlers/voice.go:195.2,195.66 1 0
github.com/krystophny/helpy/internal/api/handlers/voice.go:198.56,213.2 1 1
github.com/krystophny/helpy/internal/mcp/server.go:82.54,84.2 1 1
github.com/krystophny/helpy/internal/mcp/server.go:87.47,96.2 3 7
github.com/krystophny/helpy/internal/mcp/server.go:98.32,99.78 1 7
github.com/krystophny/helpy/internal/mcp/server.go:99.78,103.3 3 0
github.com/krystophny/helpy/internal/mcp/server.go:105.2,105.75 1 7
github.com/krystophny/helpy/internal/mcp/server.go:105.75,106.34 1 1
github.com/krystophny/helpy/internal/mcp/server.go:106.34,109.4 2 0
github.com/krystophny/helpy/internal/mcp/server.go:111.3,113.66 3 1
github.com/krystophny/helpy/internal/mcp/server.go:113.66,120.4 2 1
github.com/krystophny/helpy/internal/mcp/server.go:122.3,123.22 2 0
github.com/krystophny/helpy/internal/mcp/server.go:123.22,126.4 2 0
github.com/krystophny/helpy/internal/mcp/server.go:127.3,127.26 1 0
github.com/krystophny/helpy/internal/mcp/server.go:132.32,133.29 1 0
github.com/krystophny/helpy/internal/mcp/server.go:133.29,135.3 1 0
github.com/krystophny/helpy/internal/mcp/server.go:137.2,147.38 4 0
github.com/krystophny/helpy/internal/mcp/server.go:151.54,152.25 1 0
github.com/krystophny/helpy/internal/mcp/server.go:152.25,154.3 1 0
github.com/krystophny/helpy/internal/mcp/server.go:155.2,155.35 1 0
github.com/krystophny/helpy/internal/mcp/server.go:158.73,161.9 3 7
github.com/krystophny/helpy/internal/mcp/server.go:161.9,162.12 1 0
github.com/krystophny/helpy/internal/mcp/server.go:162.12,164.4 1 0
github.com/krystophny/helpy/internal/mcp/server.go:165.3,165.13 1 0
github.com/krystophny/helpy/internal/mcp/server.go:168.2,169.44 2 7
github.com/krystophny/helpy/internal/mcp/server.go:169.44,170.12 1 0
github.com/krystophny/helpy/internal/mcp/server.go:170.12,172.4 1 0
github.com/krystophny/helpy/internal/mcp/server.go:173.3,173.13 1 0
github.com/krystophny/helpy/internal/mcp/server.go:176.2,176.12 1 7
github.com/krystophny/helpy/internal/mcp/server.go:176.12,178.3 1 0
github.com/krystophny/helpy/internal/mcp/server.go:180.2,181.22 2 7
github.com/krystophny/helpy/internal/mcp/server.go:181.22,183.3 1 0
github.com/krystophny/helpy/internal/mcp/server.go:184.2,185.9 2 7
github.com/krystophny/helpy/internal/mcp/server.go:185.9,187.3 1 0
github.com/krystophny/helpy/internal/mcp/server.go:189.2,190.19 2 7
github.com/krystophny/helpy/internal/mcp/server.go:190.19,192.3 1 0
github.com/krystophny/helpy/internal/mcp/server.go:194.2,194.72 1 7
github.com/krystophny/helpy/internal/mcp/server.go:197.93,198.16 1 7
github.com/krystophny/helpy/internal/mcp/server.go:199.20,202.56 3 1
github.com/krystophny/helpy/internal/mcp/server.go:202.56,204.4 1 1
github.com/krystophny/helpy/internal/mcp/server.go:205.3,211.9 1 1
github.com/krystophny/helpy/internal/mcp/server.go:212.14,213.31 1 0
github.com/krystophny/helpy/internal/mcp/server.go:214.20,215.57 1 1
github.com/krystophny/helpy/internal/mcp/server.go:216.20,217.41 1 5
github.com/krystophny/helpy/internal/mcp/server.go:218.10,219.79 1 0
github.com/krystophny/helpy/internal/mcp/server.go:223.73,225.35 2 5
github.com/krystophny/helpy/internal/mcp/server.go:225.35,227.3 1 0
github.com/krystophny/helpy/internal/mcp/server.go:229.2,230.20 2 5
github.com/krystophny/helpy/internal/mcp/server.go:230.20,232.3 1 0
github.com/krystophny/helpy/internal/mcp/server.go:233.2,234.9 2 5
github.com/krystophny/helpy/internal/mcp/server.go:234.9,236.3 1 0
github.com/krystophny/helpy/internal/mcp/server.go:238.2,239.16 2 5
github.com/krystophny/helpy/internal/mcp/server.go:239.16,241.3 1 3
github.com/krystophny/helpy/internal/mcp/server.go:243.2,248.3 2 2
github.com/krystophny/helpy/internal/mcp/server.go:251.85,259.14 7 5
github.com/krystophny/helpy/internal/mcp/server.go:260.25,262.17 2 0
github.com/krystophny/helpy/internal/mcp/server.go:262.17,264.4 1 0
github.com/krystophny/helpy/internal/mcp/server.go:265.3,265.53 1 0
github.com/krystophny/helpy/internal/mcp/server.go:266.22,268.17 2 0
github.com/krystophny/helpy/internal/mcp/server.go:268.17,270.4 1 0
github.com/krystophny/helpy/internal/mcp/server.go:271.3,271.47 1 0
github.com/krystophny/helpy/internal/mcp/server.go:272.20,274.17 2 0
github.com/krystophny/helpy/internal/mcp/server.go:274.17,276.4 1 0
github.com/krystophny/helpy/internal/mcp/server.go:277.3,278.17 2 0
github.com/krystophny/helpy/internal/mcp/server.go:278.17,280.4 1 0
github.com/krystophny/helpy/internal/mcp/server.go:281.3,281.51 1 0
github.com/krystophny/helpy/internal/mcp/server.go:282.22,284.17 2 0
github.com/krystophny/helpy/internal/mcp/server.go:284.17,286.4 1 0
github.com/krystophny/helpy/internal/mcp/server.go:287.3,288.17 2 0
github.com/krystophny/helpy/internal/mcp/server.go:288.17,290.4 1 0
github.com/krystophny/helpy/internal/mcp/server.go:291.3,291.17 1 0
github.com/krystophny/helpy/internal/mcp/server.go:291.17,293.4 1 0
github.com/krystophny/helpy/internal/mcp/server.go:294.3,295.17 2 0
github.com/krystophny/helpy/internal/mcp/server.go:295.17,297.4 1 0
github.com/krystophny/helpy/internal/mcp/server.go:298.3,298.51 1 0
github.com/krystophny/helpy/internal/mcp/server.go:299.20,301.17 2 0
github.com/krystophny/helpy/internal/mcp/server.go:301.17,303.4 1 0
github.com/krystophny/helpy/internal/mcp/server.go:304.3,305.17 2 0
github.com/krystophny/helpy/internal/mcp/server.go:305.17,307.4 1 0
github.com/krystophny/helpy/internal/mcp/server.go:308.3,308.49 1 0
github.com/krystophny/helpy/internal/mcp/server.go:309.35,311.17 2 0
github.com/krystophny/helpy/internal/mcp/server.go:311.17,313.4 1 0
github.com/krystophny/helpy/internal/mcp/server.go:314.3,314.59 1 0
github.com/krystophny/helpy/internal/mcp/server.go:315.22,317.17 2 1
github.com/krystophny/helpy/internal/mcp/server.go:317.17,319.4 1 0
github.com/krystophny/helpy/internal/mcp/server.go:320.3,321.17 2 1
github.com/krystophny/helpy/internal/mcp/server.go:321.17,323.4 1 0
github.com/krystophny/helpy/internal/mcp/server.go:324.3,325.76 2 1
github.com/krystophny/helpy/internal/mcp/server.go:325.76,327.18 2 1
github.com/krystophny/helpy/internal/mcp/server.go:327.18,329.5 1 1
github.com/krystophny/helpy/internal/mcp/server.go:330.4,331.16 2 0
github.com/krystophny/helpy/internal/mcp/server.go:333.3,334.17 2 0
github.com/krystophny/helpy/internal/mcp/server.go:334.17,336.4 1 0
github.com/krystophny/helpy/internal/mcp/server.go:337.3,337.47 1 0
github.com/krystophny/helpy/internal/mcp/server.go:338.24,339.46 1 1
github.com/krystophny/helpy/internal/mcp/server.go:340.22,341.29 1 0
github.com/krystophny/helpy/internal/mcp/server.go:342.25,343.32 1 2
github.com/krystophny/helpy/internal/mcp/server.go:344.24,345.31 1 0
github.com/krystophny/helpy/internal/mcp/server.go:346.24,347.31 1 0
github.com/krystophny/helpy/internal/mcp/server.go:348.23,350.17 2 0
github.com/krystophny/helpy/internal/mcp/server.go:350.17,352.4 1 0
github.com/krystophny/helpy/internal/mcp/server.go:353.3,354.17 2 0
github.com/krystophny/helpy/internal/mcp/server.go:354.17,356.4 1 0
github.com/krystophny/helpy/internal/mcp/server.go:357.3,357.48 1 0
github.com/krystophny/helpy/internal/mcp/server.go:358.21,360.17 2 0
github.com/krystophny/helpy/internal/mcp/server.go:360.17,362.4 1 0
github.com/krystophny/helpy/internal/mcp/server.go:363.3,364.17 2 0
github.com/krystophny/helpy/internal/mcp/server.go:364.17,366.4 1 0
github.com/krystophny/helpy/internal/mcp/server.go:367.3,367.47 1 0
github.com/krystophny/helpy/internal/mcp/server.go:368.22,370.17 2 0
github.com/krystophny/helpy/internal/mcp/server.go:370.17,372.4 1 0
github.com/krystophny/helpy/internal/mcp/server.go:373.3,373.15 1 0
github.com/krystophny/helpy/internal/mcp/server.go:373.15,375.4 1 0
github.com/krystophny/helpy/internal/mcp/server.go:376.3,377.17 2 0
github.com/krystophny/helpy/internal/mcp/server.go:377.17,379.4 1 0
github.com/krystophny/helpy/internal/mcp/server.go:380.3,381.17 2 0
github.com/krystophny/helpy/internal/mcp/server.go:381.17,383.4 1 0
github.com/krystophny/helpy/internal/mcp/server.go:384.3,384.47 1 0
github.com/krystophny/helpy/internal/mcp/server.go:385.25,387.17 2 0
github.com/krystophny/helpy/internal/mcp/server.go:387.17,389.4 1 0
github.com/krystophny/helpy/internal/mcp/server.go:390.3,391.17 2 0
github.com/krystophny/helpy/internal/mcp/server.go:391.17,393.4 1 0
github.com/krystophny/helpy/internal/mcp/server.go:394.3,394.46 1 0
github.com/krystophny/helpy/internal/mcp/server.go:395.27,397.17 2 0
github.com/krystophny/helpy/internal/mcp/server.go:397.17,399.4 1 0
github.com/krystophny/helpy/internal/mcp/server.go:400.3,401.17 2 0
github.com/krystophny/helpy/internal/mcp/server.go:401.17,403.4 1 0
github.com/krystophny/helpy/internal/mcp/server.go:404.3,404.46 1 0
github.com/krystophny/helpy/internal/mcp/server.go:405.23,407.17 2 0
github.com/krystophny/helpy/internal/mcp/server.go:407.17,409.4 1 0
github.com/krystophny/helpy/internal/mcp/server.go:410.3,410.53 1 0
github.com/krystophny/helpy/internal/mcp/server.go:411.25,413.17 2 0
github.com/krystophny/helpy/internal/mcp/server.go:413.17,415.4 1 0
github.com/krystophny/helpy/internal/mcp/server.go:416.3,417.17 2 0
github.com/krystophny/helpy/internal/mcp/server.go:417.17,419.4 1 0
github.com/krystophny/helpy/internal/mcp/server.go:420.3,426.17 2 0
github.com/krystophny/helpy/internal/mcp/server.go:426.17,428.4 1 0
github.com/krystophny/helpy/internal/mcp/server.go:429.3,429.47 1 0
github.com/krystophny/helpy/internal/mcp/server.go:430.18,432.17 2 0
github.com/krystophny/helpy/internal/mcp/server.go:432.17,434.4 1 0
github.com/krystophny/helpy/internal/mcp/server.go:435.3,435.53 1 0
github.com/krystophny/helpy/internal/mcp/server.go:436.20,438.17 2 0
github.com/krystophny/helpy/internal/mcp/server.go:438.17,440.4 1 0
github.com/krystophny/helpy/internal/mcp/server.go:441.3,442.17 2 0
github.com/krystophny/helpy/internal/mcp/server.go:442.17,444.4 1 0
github.com/krystophny/helpy/internal/mcp/server.go:445.3,445.47 1 0
github.com/krystophny/helpy/internal/mcp/server.go:446.17,448.17 2 0
github.com/krystophny/helpy/internal/mcp/server.go:448.17,450.4 1 0
github.com/krystophny/helpy/internal/mcp/server.go:451.3,452.17 2 0
github.com/krystophny/helpy/internal/mcp/server.go:452.17,454.4 1 0
github.com/krystophny/helpy/internal/mcp/server.go:455.3,455.66 1 0
github.com/krystophny/helpy/internal/mcp/server.go:455.66,457.4 1 0
github.com/krystophny/helpy/internal/mcp/server.go:458.3,458.65 1 0
github.com/krystophny/helpy/internal/mcp/server.go:459.20,461.17 2 0
github.com/krystophny/helpy/internal/mcp/server.go:461.17,463.4 1 0
github.com/krystophny/helpy/internal/mcp/server.go:464.3,464.61 1 0
github.com/krystophny/helpy/internal/mcp/server.go:464.61,466.4 1 0
github.com/krystophny/helpy/internal/mcp/server.go:467.3,467.67 1 0
github.com/krystophny/helpy/internal/mcp/server.go:468.20,470.17 2 0
github.com/krystophny/helpy/internal/mcp/server.go:470.17,472.4 1 0
github.com/krystophny/helpy/internal/mcp/server.go:473.3,474.17 2 0
github.com/krystophny/helpy/internal/mcp/server.go:474.17,476.4 1 0
github.com/krystophny/helpy/internal/mcp/server.go:477.3,477.61 1 0
github.com/krystophny/helpy/internal/mcp/server.go:478.20,480.17 2 0
github.com/krystophny/helpy/internal/mcp/server.go:480.17,482.4 1 0
github.com/krystophny/helpy/internal/mcp/server.go:483.3,484.17 2 0
github.com/krystophny/helpy/internal/mcp/server.go:484.17,486.4 1 0
github.com/krystophny/helpy/internal/mcp/server.go:487.3,488.17 2 0
github.com/krystophny/helpy/internal/mcp/server.go:488.17,490.4 1 0
github.com/krystophny/helpy/internal/mcp/server.go:491.3,492.17 2 0
github.com/krystophny/helpy/internal/mcp/server.go:492.17,494.4 1 0
github.com/krystophny/helpy/internal/mcp/server.go:495.3,495.77 1 0
github.com/krystophny/helpy/internal/mcp/server.go:496.23,498.17 2 0
github.com/krystophny/helpy/internal/mcp/server.go:498.17,500.4 1 0
github.com/krystophny/helpy/internal/mcp/server.go:501.3,501.47 1 0
github.com/krystophny/helpy/internal/mcp/server.go:502.10,503.51 1 1
github.com/krystophny/helpy/internal/mcp/server.go:507.123,509.16 2 1
github.com/krystophny/helpy/internal/mcp/server.go:509.16,511.3 1 0
github.com/krystophny/helpy/internal/mcp/server.go:512.2,513.16 2 1
github.com/krystophny/helpy/internal/mcp/server.go:513.16,515.3 1 0
github.com/krystophny/helpy/internal/mcp/server.go:516.2,519.16 4 1
github.com/krystophny/helpy/internal/mcp/server.go:519.16,521.3 1 0
github.com/krystophny/helpy/internal/mcp/server.go:523.2,524.14 2 1
github.com/krystophny/helpy/internal/mcp/server.go:525.30,526.94 1 0
github.com/krystophny/helpy/internal/mcp/server.go:527.23,528.72 1 1
github.com/krystophny/helpy/internal/mcp/server.go:529.10,530.63 1 0
github.com/krystophny/helpy/internal/mcp/server.go:532.2,532.16 1 1
github.com/krystophny/helpy/internal/mcp/server.go:532.16,534.3 1 0
github.com/krystophny/helpy/internal/mcp/server.go:536.2,537.16 2 1
github.com/krystophny/helpy/internal/mcp/server.go:537.16,539.3 1 0
github.com/krystophny/helpy/internal/mcp/server.go:540.2,552.8 5 1
github.com/krystophny/helpy/internal/mcp/server.go:555.75,557.16 2 0
github.com/krystophny/helpy/internal/mcp/server.go:557.16,559.3 1 0
github.com/krystophny/helpy/internal/mcp/server.go:560.2,565.9 6 0
github.com/krystophny/helpy/internal/mcp/server.go:565.9,567.3 1 0
[...]
github.com/krystophny/helpy/internal/ics/client.go:167.44,169.3 1 0
github.com/krystophny/helpy/internal/ics/client.go:171.2,171.23 1 0
github.com/krystophny/helpy/internal/ics/client.go:174.55,176.16 2 0
github.com/krystophny/helpy/internal/ics/client.go:176.16,178.3 1 0
github.com/krystophny/helpy/internal/ics/client.go:179.2,181.38 2 0
github.com/krystophny/helpy/internal/ics/client.go:181.38,183.3 1 0
github.com/krystophny/helpy/internal/ics/client.go:185.2,186.16 2 0
github.com/krystophny/helpy/internal/ics/client.go:186.16,188.3 1 0
github.com/krystophny/helpy/internal/ics/client.go:190.2,190.26 1 0
github.com/krystophny/helpy/internal/ics/client.go:193.99,194.22 1 0
github.com/krystophny/helpy/internal/ics/client.go:194.22,196.3 1 0
github.com/krystophny/helpy/internal/ics/client.go:197.2,197.22 1 0
github.com/krystophny/helpy/internal/ics/client.go:197.22,199.3 1 0
github.com/krystophny/helpy/internal/ics/client.go:201.2,205.21 4 0
github.com/krystophny/helpy/internal/ics/client.go:205.21,208.10 2 0
github.com/krystophny/helpy/internal/ics/client.go:209.31,210.47 1 0
github.com/krystophny/helpy/internal/ics/client.go:212.47,215.35 1 0
github.com/krystophny/helpy/internal/ics/client.go:215.35,216.30 1 0
github.com/krystophny/helpy/internal/ics/client.go:216.30,218.6 1 0
github.com/krystophny/helpy/internal/ics/client.go:219.5,219.38 1 0
github.com/krystophny/helpy/internal/ics/client.go:221.4,221.17 1 0
github.com/krystophny/helpy/internal/ics/client.go:223.23,224.43 1 0
github.com/krystophny/helpy/internal/ics/client.go:224.43,226.5 1 0
github.com/krystophny/helpy/internal/ics/client.go:226.10,226.49 1 0
github.com/krystophny/helpy/internal/ics/client.go:226.49,228.5 1 0
github.com/krystophny/helpy/internal/ics/client.go:228.10,228.47 1 0
github.com/krystophny/helpy/internal/ics/client.go:228.47,230.5 1 0
github.com/krystophny/helpy/internal/ics/client.go:230.10,230.51 1 0
github.com/krystophny/helpy/internal/ics/client.go:230.51,232.5 1 0
github.com/krystophny/helpy/internal/ics/client.go:232.10,232.54 1 0
github.com/krystophny/helpy/internal/ics/client.go:232.54,234.5 1 0
github.com/krystophny/helpy/internal/ics/client.go:238.2,238.41 1 0
github.com/krystophny/helpy/internal/ics/client.go:238.41,240.3 1 0
github.com/krystophny/helpy/internal/ics/client.go:242.2,242.30 1 0
github.com/krystophny/helpy/internal/ics/client.go:245.39,246.48 1 0
github.com/krystophny/helpy/internal/ics/client.go:246.48,248.3 1 0
github.com/krystophny/helpy/internal/ics/client.go:249.2,249.11 1 0
github.com/krystophny/helpy/internal/ics/client.go:252.55,256.64 2 0
github.com/krystophny/helpy/internal/ics/client.go:256.64,258.3 1 0
github.com/krystophny/helpy/internal/ics/client.go:261.2,261.57 1 0
github.com/krystophny/helpy/internal/ics/client.go:261.57,263.3 1 0
github.com/krystophny/helpy/internal/ics/client.go:265.2,265.27 1 0
github.com/krystophny/helpy/pkg/voice/voice.go:15.46,17.2 1 0
github.com/krystophny/helpy/pkg/voice/voice.go:26.42,30.2 1 0
github.com/krystophny/helpy/pkg/voice/voice.go:33.42,35.2 1 0
github.com/krystophny/helpy/pkg/voice/voice.go:38.90,41.2 2 0
github.com/krystophny/helpy/pkg/voice/voice.go:44.79,47.2 2 0
github.com/krystophny/helpy/internal/calendar/client.go:23.48,25.16 2 0
github.com/krystophny/helpy/internal/calendar/client.go:25.16,27.3 1 0
github.com/krystophny/helpy/internal/calendar/client.go:29.2,30.16 2 0
github.com/krystophny/helpy/internal/calendar/client.go:30.16,32.3 1 0
github.com/krystophny/helpy/internal/calendar/client.go:34.2,34.39 1 0
github.com/krystophny/helpy/internal/calendar/client.go:38.80,40.16 2 0
github.com/krystophny/helpy/internal/calendar/client.go:40.16,42.3 1 0
github.com/krystophny/helpy/internal/calendar/client.go:44.2,45.35 2 0
github.com/krystophny/helpy/internal/calendar/client.go:45.35,53.3 1 0
github.com/krystophny/helpy/internal/calendar/client.go:55.2,55.23 1 0
github.com/krystophny/helpy/internal/calendar/client.go:68.96,69.27 1 0
github.com/krystophny/helpy/internal/calendar/client.go:69.27,71.3 1 0
github.com/krystophny/helpy/internal/calendar/client.go:72.2,72.27 1 0
github.com/krystophny/helpy/internal/calendar/client.go:72.27,74.3 1 0
github.com/krystophny/helpy/internal/calendar/client.go:75.2,75.27 1 0
github.com/krystophny/helpy/internal/calendar/client.go:75.27,77.3 1 0
github.com/krystophny/helpy/internal/calendar/client.go:78.2,78.26 1 0
github.com/krystophny/helpy/internal/calendar/client.go:78.26,80.3 1 0
github.com/krystophny/helpy/internal/calendar/client.go:82.2,90.22 2 0
github.com/krystophny/helpy/internal/calendar/client.go:90.22,92.3 1 0
github.com/krystophny/helpy/internal/calendar/client.go:94.2,95.16 2 0
github.com/krystophny/helpy/internal/calendar/client.go:95.16,97.3 1 0
github.com/krystophny/helpy/internal/calendar/client.go:99.2,100.36 2 0
github.com/krystophny/helpy/internal/calendar/client.go:100.36,111.25 2 0
github.com/krystophny/helpy/internal/calendar/client.go:111.25,113.4 1 0
github.com/krystophny/helpy/internal/calendar/client.go:115.3,115.28 1 0
github.com/krystophny/helpy/internal/calendar/client.go:115.28,117.4 1 0
github.com/krystophny/helpy/internal/calendar/client.go:119.3,119.38 1 0
github.com/krystophny/helpy/internal/calendar/client.go:119.38,121.4 1 0
github.com/krystophny/helpy/internal/calendar/client.go:123.3,126.33 3 0
github.com/krystophny/helpy/internal/calendar/client.go:129.2,129.20 1 0
github.com/krystophny/helpy/internal/calendar/client.go:133.169,134.27 1 0
github.com/krystophny/helpy/internal/calendar/client.go:134.27,136.17 2 0
github.com/krystophny/helpy/internal/calendar/client.go:136.17,138.4 1 0
github.com/krystophny/helpy/internal/calendar/client.go:139.3,139.33 1 0
github.com/krystophny/helpy/internal/calendar/client.go:139.33,141.4 1 0
github.com/krystophny/helpy/internal/calendar/client.go:144.2,145.36 2 0
github.com/krystophny/helpy/internal/calendar/client.go:145.36,153.17 2 0
github.com/krystophny/helpy/internal/calendar/client.go:153.17,154.12 1 0
github.com/krystophny/helpy/internal/calendar/client.go:156.3,156.43 1 0
github.com/krystophny/helpy/internal/calendar/client.go:159.2,159.44 1 0
github.com/krystophny/helpy/internal/calendar/client.go:159.44,161.3 1 0
github.com/krystophny/helpy/internal/calendar/client.go:163.2,163.23 1 0
github.com/krystophny/helpy/internal/calendar/client.go:166.70,167.22 1 0
github.com/krystophny/helpy/internal/calendar/client.go:167.22,169.3 1 0
github.com/krystophny/helpy/internal/calendar/client.go:171.2,171.30 1 0
github.com/krystophny/helpy/internal/calendar/client.go:171.30,173.17 2 0
github.com/krystophny/helpy/internal/calendar/client.go:173.17,175.4 1 0
github.com/krystophny/helpy/internal/calendar/client.go:178.2,178.26 1 0
github.com/krystophny/helpy/internal/calendar/client.go:178.26,180.17 2 0
github.com/krystophny/helpy/internal/calendar/client.go:180.17,182.4 1 0
github.com/krystophny/helpy/internal/calendar/client.go:185.2,185.27 1 0
github.com/krystophny/helpy/internal/spreadsheet/reader.go:20.41,22.74 2 0
github.com/krystophny/helpy/internal/spreadsheet/reader.go:22.74,24.3 1 0
github.com/krystophny/helpy/internal/spreadsheet/reader.go:26.2,27.16 2 0
github.com/krystophny/helpy/internal/spreadsheet/reader.go:27.16,29.3 1 0
github.com/krystophny/helpy/internal/spreadsheet/reader.go:31.2,34.8 1 0
github.com/krystophny/helpy/internal/spreadsheet/reader.go:38.40,40.2 1 0
github.com/krystophny/helpy/internal/spreadsheet/reader.go:44.82,46.16 2 0
github.com/krystophny/helpy/internal/spreadsheet/reader.go:46.16,48.3 1 0
github.com/krystophny/helpy/internal/spreadsheet/reader.go:50.2,50.40 1 0
github.com/krystophny/helpy/internal/spreadsheet/reader.go:50.40,52.3 1 0
github.com/krystophny/helpy/internal/spreadsheet/reader.go:54.2,54.18 1 0
github.com/krystophny/helpy/internal/spreadsheet/reader.go:59.104,61.16 2 0
github.com/krystophny/helpy/internal/spreadsheet/reader.go:61.16,63.3 1 0
github.com/krystophny/helpy/internal/spreadsheet/reader.go:65.2,65.28 1 0
github.com/krystophny/helpy/internal/spreadsheet/reader.go:65.28,67.3 1 0
github.com/krystophny/helpy/internal/spreadsheet/reader.go:69.2,70.28 2 0
github.com/krystophny/helpy/internal/spreadsheet/reader.go:70.28,71.14 1 0
github.com/krystophny/helpy/internal/spreadsheet/reader.go:71.14,73.4 1 0
github.com/krystophny/helpy/internal/spreadsheet/reader.go:76.2,79.44 3 0
github.com/krystophny/helpy/internal/spreadsheet/reader.go:79.44,81.3 1 0
github.com/krystophny/helpy/internal/spreadsheet/reader.go:83.2,83.31 1 0
github.com/krystophny/helpy/internal/spreadsheet/reader.go:83.31,85.34 2 0
github.com/krystophny/helpy/internal/spreadsheet/reader.go:85.34,86.20 1 0
github.com/krystophny/helpy/internal/spreadsheet/reader.go:86.20,88.5 1 0
github.com/krystophny/helpy/internal/spreadsheet/reader.go:88.10,90.5 1 0
github.com/krystophny/helpy/internal/spreadsheet/reader.go:92.3,92.34 1 0
github.com/krystophny/helpy/internal/spreadsheet/reader.go:95.2,95.20 1 0
github.com/krystophny/helpy/internal/spreadsheet/reader.go:99.71,101.2 1 0
github.com/krystophny/helpy/internal/spreadsheet/reader.go:104.80,106.2 1 0
github.com/krystophny/helpy/internal/spreadsheet/reader.go:109.31,111.2 1 0
github.com/krystophny/helpy/internal/spreadsheet/reader.go:114.44,116.2 1 0
github.com/krystophny/helpy/internal/spreadsheet/reader.go:119.32,121.2 1 0
github.com/krystophny/helpy/internal/email/imaptest/server.go:43.60,45.16 2 0
github.com/krystophny/helpy/internal/email/imaptest/server.go:45.16,47.3 1 0
github.com/krystophny/helpy/internal/email/imaptest/server.go:49.2,61.97 3 0
github.com/krystophny/helpy/internal/email/imaptest/server.go:61.97,63.4 1 0
github.com/krystophny/helpy/internal/email/imaptest/server.go:66.2,68.12 2 0
github.com/krystophny/helpy/internal/email/imaptest/server.go:68.12,71.3 2 0
github.com/krystophny/helpy/internal/email/imaptest/server.go:73.2,73.15 1 0
github.com/krystophny/helpy/internal/email/imaptest/server.go:77.32,79.2 1 0
github.com/krystophny/helpy/internal/email/imaptest/server.go:82.29,84.2 1 0
github.com/krystophny/helpy/internal/email/imaptest/server.go:87.32,91.2 3 0
github.com/krystophny/helpy/internal/email/imaptest/server.go:94.42,98.2 3 0
github.com/krystophny/helpy/internal/email/imaptest/server.go:101.62,106.9 4 0
github.com/krystophny/helpy/internal/email/imaptest/server.go:106.9,109.3 2 0
github.com/krystophny/helpy/internal/email/imaptest/server.go:111.2,111.18 1 0
github.com/krystophny/helpy/internal/email/imaptest/server.go:111.18,113.3 1 0
github.com/krystophny/helpy/internal/email/imaptest/server.go:114.2,114.23 1 0
github.com/krystophny/helpy/internal/email/imaptest/server.go:114.23,116.3 1 0
github.com/krystophny/helpy/internal/email/imaptest/server.go:118.2,118.44 1 0
github.com/krystophny/helpy/internal/email/imaptest/server.go:128.37,130.2 1 0
github.com/krystophny/helpy/internal/email/imaptest/server.go:132.62,133.68 1 0
github.com/krystophny/helpy/internal/email/imaptest/server.go:133.68,136.3 2 0
github.com/krystophny/helpy/internal/email/imaptest/server.go:137.2,137.33 1 0
github.com/krystophny/helpy/internal/email/imaptest/server.go:140.101,145.9 4 0
github.com/krystophny/helpy/internal/email/imaptest/server.go:145.9,147.3 1 0
github.com/krystophny/helpy/internal/email/imaptest/server.go:149.2,155.8 3 0
github.com/krystophny/helpy/internal/email/imaptest/server.go:158.40,162.2 3 0
github.com/krystophny/helpy/internal/email/imaptest/server.go:164.118,168.39 3 0
github.com/krystophny/helpy/internal/email/imaptest/server.go:168.39,169.36 1 0
github.com/krystophny/helpy/internal/email/imaptest/server.go:169.36,170.105 1 0
github.com/krystophny/helpy/internal/email/imaptest/server.go:170.105,175.10 2 0
github.com/krystophny/helpy/internal/email/imaptest/server.go:179.2,179.12 1 0
github.com/krystophny/helpy/internal/email/imaptest/server.go:182.81,185.2 2 0
github.com/krystophny/helpy/internal/email/imaptest/server.go:187.52,192.2 4 0
github.com/krystophny/helpy/internal/email/imaptest/server.go:194.90,199.9 4 0
github.com/krystophny/helpy/internal/email/imaptest/server.go:199.9,201.3 1 0
github.com/krystophny/helpy/internal/email/imaptest/server.go:202.2,205.12 4 0
github.com/krystophny/helpy/internal/email/imaptest/server.go:208.55,210.2 1 0
github.com/krystophny/helpy/internal/email/imaptest/server.go:212.57,214.2 1 0
github.com/krystophny/helpy/internal/email/imaptest/server.go:216.101,221.9 4 0
github.com/krystophny/helpy/internal/email/imaptest/server.go:221.9,223.3 1 0
github.com/krystophny/helpy/internal/email/imaptest/server.go:225.2,229.8 2 0
github.com/krystophny/helpy/internal/email/imaptest/server.go:232.141,237.9 4 0
github.com/krystophny/helpy/internal/email/imaptest/server.go:237.9,239.3 1 0
github.com/krystophny/helpy/internal/email/imaptest/server.go:241.2,242.36 2 0
github.com/krystophny/helpy/internal/email/imaptest/server.go:242.36,243.37 1 0
github.com/krystophny/helpy/internal/email/imaptest/server.go:243.37,245.4 1 0
github.com/krystophny/helpy/internal/email/imaptest/server.go:248.2,250.8 1 0
github.com/krystophny/helpy/internal/email/imaptest/server.go:253.75,254.28 1 0
github.com/krystophny/helpy/internal/email/imaptest/server.go:254.28,255.38 1 0
github.com/krystophny/helpy/internal/email/imaptest/server.go:255.38,256.96 1 0
github.com/krystophny/helpy/internal/email/imaptest/server.go:256.96,258.5 1 0
github.com/krystophny/helpy/internal/email/imaptest/server.go:262.2,262.38 1 0
github.com/krystophny/helpy/internal/email/imaptest/server.go:262.38,263.35 1 0
github.com/krystophny/helpy/internal/email/imaptest/server.go:264.15,265.80 1 0
github.com/krystophny/helpy/internal/email/imaptest/server.go:265.80,267.5 1 0
github.com/krystophny/helpy/internal/email/imaptest/server.go:268.13,269.78 1 0
github.com/krystophny/helpy/internal/email/imaptest/server.go:269.78,271.5 1 0
github.com/krystophny/helpy/internal/email/imaptest/server.go:272.18,273.83 1 0
github.com/krystophny/helpy/internal/email/imaptest/server.go:273.83,275.5 1 0
github.com/krystophny/helpy/internal/email/imaptest/server.go:279.2,279.65 1 0
github.com/krystophny/helpy/internal/email/imaptest/server.go:279.65,281.3 1 0
github.com/krystophny/helpy/internal/email/imaptest/server.go:283.2,283.68 1 0
github.com/krystophny/helpy/internal/email/imaptest/server.go:283.68,285.3 1 0
github.com/krystophny/helpy/internal/email/imaptest/server.go:287.2,287.13 1 0
github.com/krystophny/helpy/internal/email/imaptest/server.go:290.110,295.9 4 0
github.com/krystophny/helpy/internal/email/imaptest/server.go:295.9,297.3 1 0
github.com/krystophny/helpy/internal/email/imaptest/server.go:299.2,299.36 1 0
github.com/krystophny/helpy/internal/email/imaptest/server.go:299.36,301.32 2 0
github.com/krystophny/helpy/internal/email/imaptest/server.go:301.32,302.12 1 0
github.com/krystophny/helpy/internal/email/imaptest/server.go:305.3,307.18 2 0
github.com/krystophny/helpy/internal/email/imaptest/server.go:307.18,309.4 1 0
github.com/krystophny/helpy/internal/email/imaptest/server.go:310.3,310.20 1 0
github.com/krystophny/helpy/internal/email/imaptest/server.go:310.20,312.4 1 0
github.com/krystophny/helpy/internal/email/imaptest/server.go:313.3,313.23 1 0
github.com/krystophny/helpy/internal/email/imaptest/server.go:313.23,315.4 1 0
github.com/krystophny/helpy/internal/email/imaptest/server.go:316.3,316.35 1 0
github.com/krystophny/helpy/internal/email/imaptest/server.go:316.35,317.48 1 0
github.com/krystophny/helpy/internal/email/imaptest/server.go:317.48,322.5 4 0
github.com/krystophny/helpy/internal/email/imaptest/server.go:325.3,325.21 1 0
github.com/krystophny/helpy/internal/email/imaptest/server.go:328.2,328.12 1 0
github.com/krystophny/helpy/internal/email/imaptest/server.go:331.57,333.9 2 0
github.com/krystophny/helpy/internal/email/imaptest/server.go:333.9,335.3 1 0
github.com/krystophny/helpy/internal/email/imaptest/server.go:336.2,336.29 1 0
github.com/krystophny/helpy/internal/email/imaptest/server.go:339.52,347.2 1 0
github.com/krystophny/helpy/internal/email/imaptest/server.go:349.42,351.21 2 0
github.com/krystophny/helpy/internal/email/imaptest/server.go:351.21,353.3 1 0
github.com/krystophny/helpy/internal/email/imaptest/server.go:354.2,354.56 1 0
github.com/krystophny/helpy/internal/email/imaptest/server.go:357.46,360.2 1 0
github.com/krystophny/helpy/internal/email/imaptest/server.go:362.123,364.2 1 0
github.com/krystophny/helpy/internal/email/imaptest/server.go:366.81,368.2 1 0
github.com/krystophny/helpy/internal/email/imaptest/server.go:370.84,373.2 2 0
github.com/krystophny/helpy/internal/email/imaptest/server.go:375.85,380.9 4 0
github.com/krystophny/helpy/internal/email/imaptest/server.go:380.9,382.3 1 0
github.com/krystophny/helpy/internal/email/imaptest/server.go:384.2,385.9 2 0
github.com/krystophny/helpy/internal/email/imaptest/server.go:385.9,388.3 2 0
github.com/krystophny/helpy/internal/email/imaptest/server.go:390.2,392.35 3 0
github.com/krystophny/helpy/internal/email/imaptest/server.go:392.35,394.32 2 0
github.com/krystophny/helpy/internal/email/imaptest/server.go:394.32,395.12 1 0
github.com/krystophny/helpy/internal/email/imaptest/server.go:398.3,403.39 5 0
github.com/krystophny/helpy/internal/email/imaptest/server.go:406.2,410.8 1 0
github.com/krystophny/helpy/internal/email/imaptest/server.go:413.134,418.9 4 0
github.com/krystophny/helpy/internal/email/imaptest/server.go:418.9,420.3 1 0
github.com/krystophny/helpy/internal/email/imaptest/server.go:422.2,422.31 1 0
github.com/krystophny/helpy/internal/email/imaptest/server.go:422.31,424.32 2 0
github.com/krystophny/helpy/internal/email/imaptest/server.go:424.32,425.12 1 0
github.com/krystophny/helpy/internal/email/imaptest/server.go:428.3,428.19 1 0
github.com/krystophny/helpy/internal/email/imaptest/server.go:429.27,430.69 1 0
github.com/krystophny/helpy/internal/email/imaptest/server.go:431.27,432.34 1 0
github.com/krystophny/helpy/internal/email/imaptest/server.go:432.34,433.44 1 0
github.com/krystophny/helpy/internal/email/imaptest/server.go:433.44,435.6 1 0
github.com/krystophny/helpy/internal/email/imaptest/server.go:437.27,438.77 1 0
github.com/krystophny/helpy/internal/email/imaptest/server.go:442.2,442.12 1 0
github.com/krystophny/helpy/internal/email/imaptest/server.go:445.85,450.9 4 0
github.com/krystophny/helpy/internal/email/imaptest/server.go:450.9,452.3 1 0
github.com/krystophny/helpy/internal/email/imaptest/server.go:454.2,457.36 3 0
github.com/krystophny/helpy/internal/email/imaptest/server.go:457.36,462.19 4 0
github.com/krystophny/helpy/internal/email/imaptest/server.go:462.19,463.49 1 0
github.com/krystophny/helpy/internal/email/imaptest/server.go:463.49,465.5 1 0
github.com/krystophny/helpy/internal/email/imaptest/server.go:466.4,466.12 1 0
github.com/krystophny/helpy/internal/email/imaptest/server.go:469.3,470.11 2 0
github.com/krystophny/helpy/internal/email/imaptest/server.go:473.2,474.12 2 0
github.com/krystophny/helpy/internal/email/imaptest/server.go:477.56,478.26 1 0
github.com/krystophny/helpy/internal/email/imaptest/server.go:478.26,479.18 1 0
github.com/krystophny/helpy/internal/email/imaptest/server.go:479.18,481.4 1 0
github.com/krystophny/helpy/internal/email/imaptest/server.go:483.2,483.14 1 0
github.com/krystophny/helpy/internal/email/imaptest/server.go:486.71,488.29 2 0
github.com/krystophny/helpy/internal/email/imaptest/server.go:488.29,490.3 1 0
github.com/krystophny/helpy/internal/email/imaptest/server.go:492.2,493.26 2 0
github.com/krystophny/helpy/internal/email/imaptest/server.go:493.26,494.20 1 0
github.com/krystophny/helpy/internal/email/imaptest/server.go:494.20,496.4 1 0
github.com/krystophny/helpy/internal/email/imaptest/server.go:498.2,498.17 1 0
github.com/krystophny/helpy/pkg/claude/claude.go:20.45,22.2 1 0
github.com/krystophny/helpy/pkg/claude/claude.go:28.28,30.2 1 0
github.com/krystophny/helpy/pkg/claude/claude.go:33.82,36.16 3 0
github.com/krystophny/helpy/pkg/claude/claude.go:36.16,38.3 1 0
github.com/krystophny/helpy/pkg/claude/claude.go:39.2,39.54 1 0
