mode: atomic
github.com/krystophny/tabula/internal/canvas/adapter.go:87.51,95.2 1 7
github.com/krystophny/tabula/internal/canvas/adapter.go:97.81,104.2 1 7
github.com/krystophny/tabula/internal/canvas/adapter.go:106.39,108.2 1 0
github.com/krystophny/tabula/internal/canvas/adapter.go:110.43,112.29 2 0
github.com/krystophny/tabula/internal/canvas/adapter.go:112.29,114.3 1 0
github.com/krystophny/tabula/internal/canvas/adapter.go:115.2,116.12 2 0
github.com/krystophny/tabula/internal/canvas/adapter.go:119.66,121.8 2 23
github.com/krystophny/tabula/internal/canvas/adapter.go:121.8,123.3 1 16
github.com/krystophny/tabula/internal/canvas/adapter.go:124.2,127.10 4 7
github.com/krystophny/tabula/internal/canvas/adapter.go:130.67,132.8 2 10
github.com/krystophny/tabula/internal/canvas/adapter.go:132.8,134.3 1 10
github.com/krystophny/tabula/internal/canvas/adapter.go:135.2,135.32 1 0
github.com/krystophny/tabula/internal/canvas/adapter.go:138.34,139.22 1 2
github.com/krystophny/tabula/internal/canvas/adapter.go:139.22,141.3 1 0
github.com/krystophny/tabula/internal/canvas/adapter.go:144.88,148.20 4 1
github.com/krystophny/tabula/internal/canvas/adapter.go:148.20,150.3 1 0
github.com/krystophny/tabula/internal/canvas/adapter.go:151.2,162.3 1 1
github.com/krystophny/tabula/internal/canvas/adapter.go:165.53,166.29 1 2
github.com/krystophny/tabula/internal/canvas/adapter.go:166.29,168.3 1 2
github.com/krystophny/tabula/internal/canvas/adapter.go:169.2,169.33 1 0
github.com/krystophny/tabula/internal/canvas/adapter.go:172.55,173.29 1 2
github.com/krystophny/tabula/internal/canvas/adapter.go:173.29,175.3 1 2
github.com/krystophny/tabula/internal/canvas/adapter.go:176.2,176.30 1 0
github.com/krystophny/tabula/internal/canvas/adapter.go:179.48,180.23 1 2
github.com/krystophny/tabula/internal/canvas/adapter.go:180.23,182.3 1 2
github.com/krystophny/tabula/internal/canvas/adapter.go:183.2,183.20 1 0
github.com/krystophny/tabula/internal/canvas/adapter.go:186.177,192.14 5 2
github.com/krystophny/tabula/internal/canvas/adapter.go:193.14,196.27 3 0
github.com/krystophny/tabula/internal/canvas/adapter.go:197.15,200.17 3 1
github.com/krystophny/tabula/internal/canvas/adapter.go:201.13,205.17 4 1
github.com/krystophny/tabula/internal/canvas/adapter.go:206.15,208.21 2 0
github.com/krystophny/tabula/internal/canvas/adapter.go:209.10,210.55 1 0
github.com/krystophny/tabula/internal/canvas/adapter.go:212.2,214.27 2 2
github.com/krystophny/tabula/internal/canvas/adapter.go:214.27,217.3 2 0
github.com/krystophny/tabula/internal/canvas/adapter.go:217.8,220.3 2 2
github.com/krystophny/tabula/internal/canvas/adapter.go:221.2,230.18 4 2
github.com/krystophny/tabula/internal/canvas/adapter.go:233.68,234.20 1 2
github.com/krystophny/tabula/internal/canvas/adapter.go:234.20,236.3 1 2
github.com/krystophny/tabula/internal/canvas/adapter.go:237.2,238.25 2 0
github.com/krystophny/tabula/internal/canvas/adapter.go:238.25,240.3 1 0
github.com/krystophny/tabula/internal/canvas/adapter.go:241.2,241.15 1 0
github.com/krystophny/tabula/internal/canvas/adapter.go:244.219,249.22 4 11
github.com/krystophny/tabula/internal/canvas/adapter.go:249.22,250.30 1 0
github.com/krystophny/tabula/internal/canvas/adapter.go:250.30,252.4 1 0
github.com/krystophny/tabula/internal/canvas/adapter.go:253.3,253.40 1 0
github.com/krystophny/tabula/internal/canvas/adapter.go:255.2,255.18 1 11
github.com/krystophny/tabula/internal/canvas/adapter.go:255.18,257.3 1 0
github.com/krystophny/tabula/internal/canvas/adapter.go:258.2,262.13 5 11
github.com/krystophny/tabula/internal/canvas/adapter.go:262.13,265.3 2 11
github.com/krystophny/tabula/internal/canvas/adapter.go:265.8,268.3 2 0
github.com/krystophny/tabula/internal/canvas/adapter.go:269.2,279.88 10 11
github.com/krystophny/tabula/internal/canvas/adapter.go:279.88,280.51 1 0
github.com/krystophny/tabula/internal/canvas/adapter.go:280.51,282.4 1 0
github.com/krystophny/tabula/internal/canvas/adapter.go:284.2,284.27 1 11
github.com/krystophny/tabula/internal/canvas/adapter.go:284.27,286.3 1 9
github.com/krystophny/tabula/internal/canvas/adapter.go:286.8,288.3 1 2
github.com/krystophny/tabula/internal/canvas/adapter.go:289.2,291.47 2 11
github.com/krystophny/tabula/internal/canvas/adapter.go:294.94,298.34 4 2
github.com/krystophny/tabula/internal/canvas/adapter.go:298.34,300.3 1 0
github.com/krystophny/tabula/internal/canvas/adapter.go:301.2,301.72 1 2
github.com/krystophny/tabula/internal/canvas/adapter.go:304.118,309.28 5 8
github.com/krystophny/tabula/internal/canvas/adapter.go:309.28,310.53 1 10
github.com/krystophny/tabula/internal/canvas/adapter.go:310.53,311.12 1 1
github.com/krystophny/tabula/internal/canvas/adapter.go:313.3,313.41 1 9
github.com/krystophny/tabula/internal/canvas/adapter.go:313.41,314.12 1 0
github.com/krystophny/tabula/internal/canvas/adapter.go:316.3,316.23 1 9
github.com/krystophny/tabula/internal/canvas/adapter.go:318.2,318.38 1 8
github.com/krystophny/tabula/internal/canvas/adapter.go:318.38,319.43 1 2
github.com/krystophny/tabula/internal/canvas/adapter.go:319.43,321.4 1 0
github.com/krystophny/tabula/internal/canvas/adapter.go:322.3,322.45 1 2
github.com/krystophny/tabula/internal/canvas/adapter.go:324.2,324.35 1 8
github.com/krystophny/tabula/internal/canvas/adapter.go:324.35,326.3 1 0
github.com/krystophny/tabula/internal/canvas/adapter.go:327.2,327.45 1 8
github.com/krystophny/tabula/internal/canvas/adapter.go:330.93,334.18 4 1
github.com/krystophny/tabula/internal/canvas/adapter.go:334.18,335.36 1 1
github.com/krystophny/tabula/internal/canvas/adapter.go:335.36,337.4 1 0
github.com/krystophny/tabula/internal/canvas/adapter.go:339.2,341.18 3 1
github.com/krystophny/tabula/internal/canvas/adapter.go:341.18,343.3 1 1
github.com/krystophny/tabula/internal/canvas/adapter.go:344.2,344.94 1 1
github.com/krystophny/tabula/internal/canvas/adapter.go:347.39,348.13 1 6
github.com/krystophny/tabula/internal/canvas/adapter.go:348.13,350.3 1 2
github.com/krystophny/tabula/internal/canvas/adapter.go:351.2,351.10 1 4
github.com/krystophny/tabula/internal/canvas/adapter.go:354.113,360.28 5 4
github.com/krystophny/tabula/internal/canvas/adapter.go:360.28,361.53 1 6
github.com/krystophny/tabula/internal/canvas/adapter.go:361.53,362.12 1 0
github.com/krystophny/tabula/internal/canvas/adapter.go:364.3,364.46 1 6
github.com/krystophny/tabula/internal/canvas/adapter.go:364.46,369.4 4 4
github.com/krystophny/tabula/internal/canvas/adapter.go:371.2,373.16 3 4
github.com/krystophny/tabula/internal/canvas/adapter.go:373.16,375.3 1 0
github.com/krystophny/tabula/internal/canvas/adapter.go:376.2,383.8 1 4
github.com/krystophny/tabula/internal/canvas/adapter.go:386.63,388.28 2 4
github.com/krystophny/tabula/internal/canvas/adapter.go:388.28,389.53 1 6
github.com/krystophny/tabula/internal/canvas/adapter.go:389.53,390.12 1 0
github.com/krystophny/tabula/internal/canvas/adapter.go:392.3,392.35 1 6
github.com/krystophny/tabula/internal/canvas/adapter.go:392.35,394.4 1 6
github.com/krystophny/tabula/internal/canvas/adapter.go:396.2,396.10 1 4
github.com/krystophny/tabula/internal/canvas/adapter.go:399.92,402.48 3 4
github.com/krystophny/tabula/internal/canvas/adapter.go:402.48,404.3 1 0
github.com/krystophny/tabula/internal/canvas/adapter.go:405.2,406.28 2 4
github.com/krystophny/tabula/internal/canvas/adapter.go:406.28,408.3 1 6
github.com/krystophny/tabula/internal/canvas/adapter.go:409.2,409.40 1 4
github.com/krystophny/tabula/internal/canvas/adapter.go:409.40,409.84 1 2
github.com/krystophny/tabula/internal/canvas/adapter.go:410.2,416.16 3 4
github.com/krystophny/tabula/internal/canvas/adapter.go:416.16,418.3 1 0
github.com/krystophny/tabula/internal/canvas/adapter.go:419.2,419.55 1 4
github.com/krystophny/tabula/internal/canvas/adapter.go:419.55,421.3 1 0
github.com/krystophny/tabula/internal/canvas/adapter.go:422.2,422.18 1 4
github.com/krystophny/tabula/internal/canvas/adapter.go:425.28,427.17 2 11
github.com/krystophny/tabula/internal/canvas/adapter.go:427.17,429.3 1 11
github.com/krystophny/tabula/internal/canvas/adapter.go:430.2,430.10 1 0
github.com/krystophny/tabula/internal/canvas/adapter.go:433.73,438.29 5 1
github.com/krystophny/tabula/internal/canvas/adapter.go:438.29,441.3 2 0
github.com/krystophny/tabula/internal/canvas/adapter.go:442.2,457.3 1 1
github.com/krystophny/tabula/internal/canvas/adapter.go:460.48,461.27 1 1
github.com/krystophny/tabula/internal/canvas/adapter.go:461.27,463.3 1 1
github.com/krystophny/tabula/internal/canvas/adapter.go:464.2,465.9 2 0
github.com/krystophny/tabula/internal/canvas/adapter.go:465.9,467.3 1 0
github.com/krystophny/tabula/internal/canvas/adapter.go:468.2,468.10 1 0
github.com/krystophny/tabula/internal/canvas/adapter.go:471.48,472.29 1 1
github.com/krystophny/tabula/internal/canvas/adapter.go:472.29,474.3 1 1
github.com/krystophny/tabula/internal/canvas/adapter.go:475.2,476.28 2 0
github.com/krystophny/tabula/internal/canvas/adapter.go:476.28,477.47 1 0
github.com/krystophny/tabula/internal/canvas/adapter.go:477.47,479.4 1 0
github.com/krystophny/tabula/internal/canvas/adapter.go:481.2,481.10 1 0
github.com/krystophny/tabula/internal/canvas/adapter.go:484.85,488.42 4 0
github.com/krystophny/tabula/internal/canvas/adapter.go:488.42,490.3 1 0
github.com/krystophny/tabula/internal/canvas/adapter.go:491.2,492.15 2 0
github.com/krystophny/tabula/internal/canvas/adapter.go:492.15,494.3 1 0
github.com/krystophny/tabula/internal/canvas/adapter.go:495.2,496.45 2 0
github.com/krystophny/tabula/internal/canvas/adapter.go:499.76,504.2 4 1
github.com/krystophny/tabula/internal/canvas/adapter.go:506.47,508.16 2 7
github.com/krystophny/tabula/internal/canvas/adapter.go:508.16,510.3 1 0
github.com/krystophny/tabula/internal/canvas/adapter.go:511.2,512.63 2 7
github.com/krystophny/tabula/internal/canvas/adapter.go:512.63,514.3 1 0
github.com/krystophny/tabula/internal/canvas/adapter.go:515.2,517.21 3 7
github.com/krystophny/tabula/internal/canvas/adapter.go:517.21,519.3 1 0
github.com/krystophny/tabula/internal/canvas/adapter.go:521.2,521.14 1 7
github.com/krystophny/tabula/internal/canvas/adapter.go:522.24,523.44 1 1
github.com/krystophny/tabula/internal/canvas/adapter.go:524.18,525.46 1 3
github.com/krystophny/tabula/internal/canvas/adapter.go:526.21,527.49 1 1
github.com/krystophny/tabula/internal/canvas/adapter.go:528.21,529.109 1 1
github.com/krystophny/tabula/internal/canvas/adapter.go:530.26,531.60 1 1
github.com/krystophny/tabula/internal/canvas/adapter.go:535.89,547.2 4 1
github.com/krystophny/tabula/internal/canvas/adapter.go:549.91,562.2 2 3
github.com/krystophny/tabula/internal/canvas/adapter.go:564.94,566.2 1 1
github.com/krystophny/tabula/internal/canvas/adapter.go:568.60,573.29 5 1
github.com/krystophny/tabula/internal/canvas/adapter.go:573.29,574.30 1 2
github.com/krystophny/tabula/internal/canvas/adapter.go:574.30,575.12 1 0
github.com/krystophny/tabula/internal/canvas/adapter.go:577.3,577.53 1 2
github.com/krystophny/tabula/internal/canvas/adapter.go:577.53,578.12 1 1
github.com/krystophny/tabula/internal/canvas/adapter.go:580.3,580.34 1 1
github.com/krystophny/tabula/internal/canvas/adapter.go:582.2,582.30 1 1
github.com/krystophny/tabula/internal/canvas/adapter.go:582.30,584.3 1 1
github.com/krystophny/tabula/internal/canvas/adapter.go:585.2,585.22 1 1
github.com/krystophny/tabula/internal/canvas/adapter.go:585.22,586.56 1 1
github.com/krystophny/tabula/internal/canvas/adapter.go:586.56,587.45 1 0
github.com/krystophny/tabula/internal/canvas/adapter.go:587.45,589.5 1 0
github.com/krystophny/tabula/internal/canvas/adapter.go:592.2,592.26 1 1
github.com/krystophny/tabula/internal/canvas/adapter.go:595.37,598.2 2 25
github.com/krystophny/tabula/internal/canvas/adapter.go:600.31,601.23 1 4
github.com/krystophny/tabula/internal/canvas/adapter.go:602.15,603.16 1 4
github.com/krystophny/tabula/internal/canvas/adapter.go:604.11,605.11 1 0
github.com/krystophny/tabula/internal/canvas/adapter.go:606.13,607.16 1 0
github.com/krystophny/tabula/internal/canvas/adapter.go:608.10,609.11 1 0
github.com/krystophny/tabula/internal/canvas/adapter.go:613.41,615.9 2 1
github.com/krystophny/tabula/internal/canvas/adapter.go:615.9,617.3 1 0
github.com/krystophny/tabula/internal/canvas/adapter.go:618.2,618.10 1 1
github.com/krystophny/tabula/internal/canvas/adapter.go:621.74,627.2 5 0
github.com/krystophny/tabula/internal/canvas/adapter.go:629.43,633.2 3 0
github.com/krystophny/tabula/internal/canvas/adapter.go:635.60,639.2 3 11
github.com/krystophny/tabula/internal/canvas/adapter.go:641.86,644.16 3 7
github.com/krystophny/tabula/internal/canvas/adapter.go:644.16,646.3 1 6
github.com/krystophny/tabula/internal/canvas/adapter.go:647.2,650.54 2 1
github.com/krystophny/tabula/internal/canvas/adapter.go:650.54,652.3 1 0
github.com/krystophny/tabula/internal/canvas/adapter.go:653.2,654.34 2 1
github.com/krystophny/tabula/internal/canvas/adapter.go:654.34,655.52 1 2
github.com/krystophny/tabula/internal/canvas/adapter.go:655.52,656.12 1 0
github.com/krystophny/tabula/internal/canvas/adapter.go:658.3,658.24 1 2
github.com/krystophny/tabula/internal/canvas/adapter.go:658.24,660.4 1 0
github.com/krystophny/tabula/internal/canvas/adapter.go:661.3,661.20 1 2
github.com/krystophny/tabula/internal/canvas/adapter.go:661.20,663.4 1 0
github.com/krystophny/tabula/internal/canvas/adapter.go:664.3,664.24 1 2
github.com/krystophny/tabula/internal/canvas/adapter.go:664.24,666.4 1 0
github.com/krystophny/tabula/internal/canvas/adapter.go:667.3,667.24 1 2
github.com/krystophny/tabula/internal/canvas/adapter.go:667.24,669.4 1 0
github.com/krystophny/tabula/internal/canvas/adapter.go:670.3,671.52 2 2
github.com/krystophny/tabula/internal/canvas/adapter.go:671.52,673.4 1 0
github.com/krystophny/tabula/internal/canvas/adapter.go:675.2,675.26 1 1
github.com/krystophny/tabula/internal/canvas/adapter.go:678.69,679.55 1 9
github.com/krystophny/tabula/internal/canvas/adapter.go:679.55,680.24 1 10
github.com/krystophny/tabula/internal/canvas/adapter.go:680.24,682.4 1 6
github.com/krystophny/tabula/internal/canvas/adapter.go:686.46,687.55 1 17
github.com/krystophny/tabula/internal/canvas/adapter.go:687.55,689.67 2 13
github.com/krystophny/tabula/internal/canvas/adapter.go:689.67,691.4 1 0
github.com/krystophny/tabula/internal/canvas/adapter.go:695.61,696.35 1 3
github.com/krystophny/tabula/internal/canvas/adapter.go:696.35,698.3 1 0
github.com/krystophny/tabula/internal/canvas/adapter.go:699.2,701.31 3 3
github.com/krystophny/tabula/internal/canvas/adapter.go:701.31,703.3 1 1
github.com/krystophny/tabula/internal/canvas/adapter.go:704.2,704.13 1 3
github.com/krystophny/tabula/internal/canvas/events.go:30.37,36.2 1 2
github.com/krystophny/tabula/internal/canvas/events.go:38.21,40.40 2 2
github.com/krystophny/tabula/internal/canvas/events.go:40.40,42.3 1 0
github.com/krystophny/tabula/internal/canvas/events.go:43.2,43.30 1 2
github.com/krystophny/tabula/internal/mcp/server.go:56.49,58.2 1 3
github.com/krystophny/tabula/internal/mcp/server.go:60.89,63.37 3 0
github.com/krystophny/tabula/internal/mcp/server.go:63.37,64.12 1 0
github.com/krystophny/tabula/internal/mcp/server.go:64.12,66.4 1 0
github.com/krystophny/tabula/internal/mcp/server.go:67.3,67.13 1 0
github.com/krystophny/tabula/internal/mcp/server.go:69.2,69.12 1 0
github.com/krystophny/tabula/internal/mcp/server.go:69.12,71.3 1 0
github.com/krystophny/tabula/internal/mcp/server.go:72.2,73.19 2 0
github.com/krystophny/tabula/internal/mcp/server.go:73.19,75.3 1 0
github.com/krystophny/tabula/internal/mcp/server.go:77.2,78.17 2 0
github.com/krystophny/tabula/internal/mcp/server.go:78.17,80.3 1 0
github.com/krystophny/tabula/internal/mcp/server.go:81.2,81.77 1 0
github.com/krystophny/tabula/internal/mcp/server.go:84.78,86.2 1 0
github.com/krystophny/tabula/internal/mcp/server.go:88.109,89.16 1 0
github.com/krystophny/tabula/internal/mcp/server.go:90.20,93.56 3 0
github.com/krystophny/tabula/internal/mcp/server.go:93.56,95.4 1 0
github.com/krystophny/tabula/internal/mcp/server.go:96.3,103.9 1 0
github.com/krystophny/tabula/internal/mcp/server.go:104.14,105.39 1 0
github.com/krystophny/tabula/internal/mcp/server.go:106.20,107.65 1 0
github.com/krystophny/tabula/internal/mcp/server.go:108.24,109.76 1 0
github.com/krystophny/tabula/internal/mcp/server.go:110.34,111.79 1 0
github.com/krystophny/tabula/internal/mcp/server.go:112.24,113.40 1 0
github.com/krystophny/tabula/internal/mcp/server.go:114.20,115.36 1 0
github.com/krystophny/tabula/internal/mcp/server.go:116.10,117.78 1 0
github.com/krystophny/tabula/internal/mcp/server.go:121.102,123.35 2 0
github.com/krystophny/tabula/internal/mcp/server.go:123.35,125.3 1 0
github.com/krystophny/tabula/internal/mcp/server.go:126.2,127.17 2 0
github.com/krystophny/tabula/internal/mcp/server.go:127.17,129.3 1 0
github.com/krystophny/tabula/internal/mcp/server.go:130.2,131.16 2 0
github.com/krystophny/tabula/internal/mcp/server.go:131.16,136.3 1 0
github.com/krystophny/tabula/internal/mcp/server.go:137.2,142.8 2 0
github.com/krystophny/tabula/internal/mcp/server.go:145.101,147.14 2 3
github.com/krystophny/tabula/internal/mcp/server.go:148.48,149.74 1 0
github.com/krystophny/tabula/internal/mcp/server.go:150.30,160.4 1 0
github.com/krystophny/tabula/internal/mcp/server.go:161.28,162.124 1 0
github.com/krystophny/tabula/internal/mcp/server.go:163.29,164.113 1 0
github.com/krystophny/tabula/internal/mcp/server.go:165.27,166.133 1 0
github.com/krystophny/tabula/internal/mcp/server.go:167.22,168.96 1 0
github.com/krystophny/tabula/internal/mcp/server.go:169.25,181.4 2 0
github.com/krystophny/tabula/internal/mcp/server.go:182.28,183.66 1 0
github.com/krystophny/tabula/internal/mcp/server.go:184.27,185.143 1 0
github.com/krystophny/tabula/internal/mcp/server.go:186.27,187.65 1 0
github.com/krystophny/tabula/internal/mcp/server.go:188.23,189.104 1 0
github.com/krystophny/tabula/internal/mcp/server.go:190.23,191.42 1 0
github.com/krystophny/tabula/internal/mcp/server.go:192.24,193.70 1 0
github.com/krystophny/tabula/internal/mcp/server.go:194.26,195.45 1 0
github.com/krystophny/tabula/internal/mcp/server.go:196.31,197.42 1 3
github.com/krystophny/tabula/internal/mcp/server.go:198.10,199.50 1 0
github.com/krystophny/tabula/internal/mcp/server.go:203.117,204.40 1 3
github.com/krystophny/tabula/internal/mcp/server.go:204.40,206.3 1 0
github.com/krystophny/tabula/internal/mcp/server.go:207.2,208.40 2 3
github.com/krystophny/tabula/internal/mcp/server.go:208.40,210.3 1 0
github.com/krystophny/tabula/internal/mcp/server.go:211.2,212.45 2 3
github.com/krystophny/tabula/internal/mcp/server.go:212.45,214.3 1 0
github.com/krystophny/tabula/internal/mcp/server.go:215.2,216.16 2 3
github.com/krystophny/tabula/internal/mcp/server.go:216.16,218.3 1 0
github.com/krystophny/tabula/internal/mcp/server.go:219.2,220.16 2 3
github.com/krystophny/tabula/internal/mcp/server.go:220.16,222.3 1 0
github.com/krystophny/tabula/internal/mcp/server.go:223.2,224.16 2 3
github.com/krystophny/tabula/internal/mcp/server.go:224.16,226.3 1 0
github.com/krystophny/tabula/internal/mcp/server.go:227.2,228.44 2 3
github.com/krystophny/tabula/internal/mcp/server.go:228.44,230.3 1 0
github.com/krystophny/tabula/internal/mcp/server.go:231.2,232.18 2 3
github.com/krystophny/tabula/internal/mcp/server.go:233.29,234.79 1 1
github.com/krystophny/tabula/internal/mcp/server.go:235.23,236.56 1 1
github.com/krystophny/tabula/internal/mcp/server.go:237.10,238.67 1 1
github.com/krystophny/tabula/internal/mcp/server.go:242.105,255.16 5 6
github.com/krystophny/tabula/internal/mcp/server.go:255.16,257.3 1 0
github.com/krystophny/tabula/internal/mcp/server.go:258.2,261.68 3 6
github.com/krystophny/tabula/internal/mcp/server.go:261.68,263.3 1 0
github.com/krystophny/tabula/internal/mcp/server.go:264.2,264.65 1 6
github.com/krystophny/tabula/internal/mcp/server.go:264.65,266.3 1 0
github.com/krystophny/tabula/internal/mcp/server.go:268.2,269.19 2 6
github.com/krystophny/tabula/internal/mcp/server.go:269.19,271.3 1 0
github.com/krystophny/tabula/internal/mcp/server.go:272.2,272.49 1 6
github.com/krystophny/tabula/internal/mcp/server.go:272.49,273.73 1 0
github.com/krystophny/tabula/internal/mcp/server.go:273.73,274.75 1 0
github.com/krystophny/tabula/internal/mcp/server.go:274.75,276.5 1 0
github.com/krystophny/tabula/internal/mcp/server.go:278.3,278.55 1 0
github.com/krystophny/tabula/internal/mcp/server.go:280.2,281.23 2 6
github.com/krystophny/tabula/internal/mcp/server.go:281.23,283.3 1 0
github.com/krystophny/tabula/internal/mcp/server.go:284.2,284.24 1 6
github.com/krystophny/tabula/internal/mcp/server.go:294.78,297.50 3 3
github.com/krystophny/tabula/internal/mcp/server.go:297.50,299.3 1 0
github.com/krystophny/tabula/internal/mcp/server.go:300.2,300.39 1 3
github.com/krystophny/tabula/internal/mcp/server.go:300.39,302.3 1 0
github.com/krystophny/tabula/internal/mcp/server.go:303.2,303.21 1 3
github.com/krystophny/tabula/internal/mcp/server.go:303.21,305.3 1 0
github.com/krystophny/tabula/internal/mcp/server.go:306.2,306.24 1 3
github.com/krystophny/tabula/internal/mcp/server.go:306.24,308.3 1 0
github.com/krystophny/tabula/internal/mcp/server.go:309.2,309.17 1 3
github.com/krystophny/tabula/internal/mcp/server.go:312.141,315.43 3 1
github.com/krystophny/tabula/internal/mcp/server.go:315.43,316.55 1 1
github.com/krystophny/tabula/internal/mcp/server.go:316.55,318.4 1 0
github.com/krystophny/tabula/internal/mcp/server.go:320.2,320.36 1 1
github.com/krystophny/tabula/internal/mcp/server.go:320.36,322.3 1 1
github.com/krystophny/tabula/internal/mcp/server.go:323.2,330.16 3 1
github.com/krystophny/tabula/internal/mcp/server.go:330.16,332.3 1 0
github.com/krystophny/tabula/internal/mcp/server.go:333.2,339.8 1 1
github.com/krystophny/tabula/internal/mcp/server.go:342.118,344.47 2 1
github.com/krystophny/tabula/internal/mcp/server.go:344.47,346.3 1 0
github.com/krystophny/tabula/internal/mcp/server.go:347.2,348.16 2 1
github.com/krystophny/tabula/internal/mcp/server.go:348.16,350.3 1 0
github.com/krystophny/tabula/internal/mcp/server.go:351.2,351.63 1 1
github.com/krystophny/tabula/internal/mcp/server.go:351.63,353.3 1 0
github.com/krystophny/tabula/internal/mcp/server.go:355.2,356.43 2 1
github.com/krystophny/tabula/internal/mcp/server.go:356.43,358.3 1 0
github.com/krystophny/tabula/internal/mcp/server.go:359.2,360.43 2 1
github.com/krystophny/tabula/internal/mcp/server.go:360.43,362.3 1 0
github.com/krystophny/tabula/internal/mcp/server.go:363.2,363.39 1 1
github.com/krystophny/tabula/internal/mcp/server.go:363.39,365.3 1 0
github.com/krystophny/tabula/internal/mcp/server.go:366.2,366.36 1 1
github.com/krystophny/tabula/internal/mcp/server.go:366.36,368.3 1 0
github.com/krystophny/tabula/internal/mcp/server.go:370.2,371.16 2 1
github.com/krystophny/tabula/internal/mcp/server.go:371.16,373.3 1 0
github.com/krystophny/tabula/internal/mcp/server.go:375.2,376.9 2 1
github.com/krystophny/tabula/internal/mcp/server.go:377.37,378.99 1 0
github.com/krystophny/tabula/internal/mcp/server.go:379.45,380.101 1 0
github.com/krystophny/tabula/internal/mcp/server.go:381.67,382.103 1 1
github.com/krystophny/tabula/internal/mcp/server.go:383.10,385.95 2 0
github.com/krystophny/tabula/internal/mcp/server.go:387.2,387.16 1 1
github.com/krystophny/tabula/internal/mcp/server.go:387.16,389.3 1 0
github.com/krystophny/tabula/internal/mcp/server.go:390.2,398.8 1 1
github.com/krystophny/tabula/internal/mcp/server.go:401.77,402.17 1 1
github.com/krystophny/tabula/internal/mcp/server.go:402.17,404.3 1 0
github.com/krystophny/tabula/internal/mcp/server.go:405.2,405.39 1 1
github.com/krystophny/tabula/internal/mcp/server.go:405.39,407.47 2 1
github.com/krystophny/tabula/internal/mcp/server.go:407.47,409.4 1 0
github.com/krystophny/tabula/internal/mcp/server.go:411.2,412.35 2 1
github.com/krystophny/tabula/internal/mcp/server.go:412.35,414.37 2 1
github.com/krystophny/tabula/internal/mcp/server.go:414.37,416.4 1 0
github.com/krystophny/tabula/internal/mcp/server.go:418.2,418.12 1 1
github.com/krystophny/tabula/internal/mcp/server.go:421.41,422.25 1 2
github.com/krystophny/tabula/internal/mcp/server.go:423.11,424.17 1 0
github.com/krystophny/tabula/internal/mcp/server.go:425.13,426.22 1 0
github.com/krystophny/tabula/internal/mcp/server.go:427.13,428.22 1 0
github.com/krystophny/tabula/internal/mcp/server.go:429.15,430.22 1 2
github.com/krystophny/tabula/internal/mcp/server.go:431.10,432.18 1 0
github.com/krystophny/tabula/internal/mcp/server.go:436.43,437.16 1 2
github.com/krystophny/tabula/internal/mcp/server.go:437.16,439.3 1 0
github.com/krystophny/tabula/internal/mcp/server.go:440.2,442.25 3 2
github.com/krystophny/tabula/internal/mcp/server.go:442.25,443.10 1 16
github.com/krystophny/tabula/internal/mcp/server.go:444.29,445.18 1 14
github.com/krystophny/tabula/internal/mcp/server.go:446.29,447.18 1 0
github.com/krystophny/tabula/internal/mcp/server.go:448.29,449.18 1 0
github.com/krystophny/tabula/internal/mcp/server.go:450.37,451.18 1 2
github.com/krystophny/tabula/internal/mcp/server.go:452.11,453.20 1 0
github.com/krystophny/tabula/internal/mcp/server.go:456.2,456.38 1 2
github.com/krystophny/tabula/internal/mcp/server.go:459.96,461.41 2 1
github.com/krystophny/tabula/internal/mcp/server.go:461.41,463.3 1 0
github.com/krystophny/tabula/internal/mcp/server.go:464.2,465.54 2 1
github.com/krystophny/tabula/internal/mcp/server.go:465.54,467.3 1 0
github.com/krystophny/tabula/internal/mcp/server.go:468.2,469.22 2 1
github.com/krystophny/tabula/internal/mcp/server.go:469.22,471.3 1 0
github.com/krystophny/tabula/internal/mcp/server.go:472.2,473.20 2 1
github.com/krystophny/tabula/internal/mcp/server.go:473.20,475.3 1 0
github.com/krystophny/tabula/internal/mcp/server.go:476.2,477.63 2 1
github.com/krystophny/tabula/internal/mcp/server.go:477.63,479.3 1 0
github.com/krystophny/tabula/internal/mcp/server.go:480.2,481.16 2 1
github.com/krystophny/tabula/internal/mcp/server.go:481.16,483.3 1 0
github.com/krystophny/tabula/internal/mcp/server.go:484.2,484.35 1 1
github.com/krystophny/tabula/internal/mcp/server.go:487.98,491.17 4 1
github.com/krystophny/tabula/internal/mcp/server.go:491.17,492.105 1 1
github.com/krystophny/tabula/internal/mcp/server.go:492.105,496.4 3 1
github.com/krystophny/tabula/internal/mcp/server.go:497.3,497.97 1 1
github.com/krystophny/tabula/internal/mcp/server.go:497.97,501.4 3 1
github.com/krystophny/tabula/internal/mcp/server.go:503.2,507.28 4 1
github.com/krystophny/tabula/internal/mcp/server.go:507.28,510.38 3 1
github.com/krystophny/tabula/internal/mcp/server.go:510.38,512.4 1 1
github.com/krystophny/tabula/internal/mcp/server.go:512.9,514.4 1 0
github.com/krystophny/tabula/internal/mcp/server.go:515.3,516.40 2 1
github.com/krystophny/tabula/internal/mcp/server.go:516.40,518.4 1 1
github.com/krystophny/tabula/internal/mcp/server.go:518.9,520.4 1 0
github.com/krystophny/tabula/internal/mcp/server.go:521.3,522.41 2 1
github.com/krystophny/tabula/internal/mcp/server.go:522.41,524.4 1 1
github.com/krystophny/tabula/internal/mcp/server.go:524.9,526.4 1 0
github.com/krystophny/tabula/internal/mcp/server.go:527.3,527.22 1 1
github.com/krystophny/tabula/internal/mcp/server.go:529.2,529.19 1 1
github.com/krystophny/tabula/internal/mcp/server.go:532.114,537.17 2 1
github.com/krystophny/tabula/internal/mcp/server.go:537.17,539.3 1 0
github.com/krystophny/tabula/internal/mcp/server.go:540.2,540.104 1 1
github.com/krystophny/tabula/internal/mcp/server.go:540.104,542.3 1 1
github.com/krystophny/tabula/internal/mcp/server.go:543.2,543.96 1 1
github.com/krystophny/tabula/internal/mcp/server.go:543.96,545.3 1 1
github.com/krystophny/tabula/internal/mcp/server.go:546.2,546.57 1 1
github.com/krystophny/tabula/internal/mcp/server.go:546.57,548.3 1 1
github.com/krystophny/tabula/internal/mcp/server.go:549.2,549.12 1 1
github.com/krystophny/tabula/internal/mcp/server.go:552.106,554.34 2 0
github.com/krystophny/tabula/internal/mcp/server.go:554.34,556.3 1 0
github.com/krystophny/tabula/internal/mcp/server.go:557.2,558.16 2 0
github.com/krystophny/tabula/internal/mcp/server.go:558.16,560.3 1 0
github.com/krystophny/tabula/internal/mcp/server.go:561.2,561.83 1 0
github.com/krystophny/tabula/internal/mcp/server.go:564.61,567.2 2 12
github.com/krystophny/tabula/internal/mcp/server.go:569.67,571.9 2 0
github.com/krystophny/tabula/internal/mcp/server.go:571.9,573.3 1 0
github.com/krystophny/tabula/internal/mcp/server.go:574.2,574.23 1 0
github.com/krystophny/tabula/internal/mcp/server.go:575.15,576.16 1 0
github.com/krystophny/tabula/internal/mcp/server.go:577.11,578.11 1 0
github.com/krystophny/tabula/internal/mcp/server.go:579.13,580.16 1 0
github.com/krystophny/tabula/internal/mcp/server.go:581.10,582.13 1 0
github.com/krystophny/tabula/internal/mcp/server.go:586.70,588.9 2 0
github.com/krystophny/tabula/internal/mcp/server.go:588.9,590.3 1 0
github.com/krystophny/tabula/internal/mcp/server.go:591.2,591.10 1 0
github.com/krystophny/tabula/internal/mcp/server.go:594.49,606.2 1 0
github.com/krystophny/tabula/internal/mcp/server.go:608.51,614.2 1 0
github.com/krystophny/tabula/internal/mcp/server.go:616.70,618.45 2 0
github.com/krystophny/tabula/internal/mcp/server.go:618.45,619.137 1 0
github.com/krystophny/tabula/internal/mcp/server.go:619.137,621.4 1 0
github.com/krystophny/tabula/internal/mcp/server.go:623.2,623.12 1 0
github.com/krystophny/tabula/internal/mcp/server.go:626.88,627.50 1 0
github.com/krystophny/tabula/internal/mcp/server.go:627.50,629.3 1 0
github.com/krystophny/tabula/internal/mcp/server.go:630.2,631.16 2 0
github.com/krystophny/tabula/internal/mcp/server.go:631.16,633.3 1 0
github.com/krystophny/tabula/internal/mcp/server.go:634.2,637.21 4 0
github.com/krystophny/tabula/internal/mcp/server.go:637.21,639.3 1 0
github.com/krystophny/tabula/internal/mcp/server.go:639.8,640.19 1 0
github.com/krystophny/tabula/internal/mcp/server.go:641.16,642.53 1 0
github.com/krystophny/tabula/internal/mcp/server.go:643.18,644.45 1 0
github.com/krystophny/tabula/internal/mcp/server.go:645.11,646.67 1 0
github.com/krystophny/tabula/internal/mcp/server.go:649.2,650.99 2 0
github.com/krystophny/tabula/internal/mcp/server.go:653.44,656.6 3 0
github.com/krystophny/tabula/internal/mcp/server.go:656.6,658.17 2 0
github.com/krystophny/tabula/internal/mcp/server.go:658.17,659.30 1 0
github.com/krystophny/tabula/internal/mcp/server.go:659.30,661.5 1 0
github.com/krystophny/tabula/internal/mcp/server.go:662.4,663.12 2 0
github.com/krystophny/tabula/internal/mcp/server.go:665.3,666.18 2 0
github.com/krystophny/tabula/internal/mcp/server.go:666.18,667.12 1 0
github.com/krystophny/tabula/internal/mcp/server.go:669.3,669.63 1 0
github.com/krystophny/tabula/internal/mcp/server.go:669.63,671.4 1 0
github.com/krystophny/tabula/internal/mcp/server.go:675.73,677.16 2 0
github.com/krystophny/tabula/internal/mcp/server.go:677.16,678.46 1 0
github.com/krystophny/tabula/internal/mcp/server.go:678.47,680.4 0 0
github.com/krystophny/tabula/internal/mcp/server.go:680.9,682.4 1 0
github.com/krystophny/tabula/internal/mcp/server.go:684.2,684.37 1 0
github.com/krystophny/tabula/internal/mcp/server.go:684.37,686.3 1 0
github.com/krystophny/tabula/internal/mcp/server.go:687.2,688.43 2 0
github.com/krystophny/tabula/internal/mcp/server.go:688.43,690.59 2 0
github.com/krystophny/tabula/internal/mcp/server.go:690.59,692.4 1 0
github.com/krystophny/tabula/internal/mcp/server.go:693.3,693.29 1 0
github.com/krystophny/tabula/internal/mcp/server.go:696.2,697.6 2 0
github.com/krystophny/tabula/internal/mcp/server.go:697.6,699.14 2 0
github.com/krystophny/tabula/internal/mcp/server.go:699.14,700.9 1 0
github.com/krystophny/tabula/internal/mcp/server.go:702.3,703.22 2 0
github.com/krystophny/tabula/internal/mcp/server.go:703.22,705.4 1 0
github.com/krystophny/tabula/internal/mcp/server.go:706.3,708.17 3 0
github.com/krystophny/tabula/internal/mcp/server.go:708.17,710.4 1 0
github.com/krystophny/tabula/internal/mcp/server.go:711.3,711.14 1 0
github.com/krystophny/tabula/internal/mcp/server.go:713.2,714.9 2 0
github.com/krystophny/tabula/internal/mcp/server.go:714.9,716.3 1 0
github.com/krystophny/tabula/internal/mcp/server.go:717.2,718.30 2 0
github.com/krystophny/tabula/internal/mcp/server.go:718.30,720.3 1 0
github.com/krystophny/tabula/internal/mcp/server.go:721.2,722.48 2 0
github.com/krystophny/tabula/internal/mcp/server.go:722.48,724.3 1 0
github.com/krystophny/tabula/internal/mcp/server.go:725.2,726.55 2 0
github.com/krystophny/tabula/internal/mcp/server.go:726.55,728.3 1 0
github.com/krystophny/tabula/internal/mcp/server.go:729.2,729.27 1 0
github.com/krystophny/tabula/internal/mcp/server.go:732.83,734.16 2 0
github.com/krystophny/tabula/internal/mcp/server.go:734.16,736.3 1 0
github.com/krystophny/tabula/internal/mcp/server.go:737.2,737.12 1 0
github.com/krystophny/tabula/internal/mcp/server.go:737.12,738.81 1 0
github.com/krystophny/tabula/internal/mcp/server.go:738.81,740.4 1 0
github.com/krystophny/tabula/internal/mcp/server.go:741.3,742.13 2 0
github.com/krystophny/tabula/internal/mcp/server.go:744.2,745.12 2 0
github.com/krystophny/tabula/internal/appserver/client.go:45.48,47.16 2 3
github.com/krystophny/tabula/internal/appserver/client.go:47.16,49.3 1 0
github.com/krystophny/tabula/internal/appserver/client.go:50.2,53.8 1 3
github.com/krystophny/tabula/internal/appserver/client.go:56.47,58.15 2 4
github.com/krystophny/tabula/internal/appserver/client.go:58.15,60.3 1 0
github.com/krystophny/tabula/internal/appserver/client.go:61.2,62.16 2 4
github.com/krystophny/tabula/internal/appserver/client.go:62.16,64.3 1 0
github.com/krystophny/tabula/internal/appserver/client.go:65.2,65.43 1 4
github.com/krystophny/tabula/internal/appserver/client.go:65.43,67.3 1 0
github.com/krystophny/tabula/internal/appserver/client.go:68.2,69.16 2 4
github.com/krystophny/tabula/internal/appserver/client.go:69.16,71.3 1 0
github.com/krystophny/tabula/internal/appserver/client.go:72.2,72.27 1 4
github.com/krystophny/tabula/internal/appserver/client.go:72.27,74.3 1 1
github.com/krystophny/tabula/internal/appserver/client.go:75.2,76.31 2 3
github.com/krystophny/tabula/internal/appserver/client.go:76.31,78.3 1 0
github.com/krystophny/tabula/internal/appserver/client.go:79.2,79.42 1 3
github.com/krystophny/tabula/internal/appserver/client.go:79.42,81.3 1 0
github.com/krystophny/tabula/internal/appserver/client.go:82.2,82.17 1 3
github.com/krystophny/tabula/internal/appserver/client.go:82.17,84.3 1 0
github.com/krystophny/tabula/internal/appserver/client.go:85.2,85.24 1 3
github.com/krystophny/tabula/internal/appserver/client.go:88.39,89.42 1 4
github.com/krystophny/tabula/internal/appserver/client.go:89.42,91.3 1 0
github.com/krystophny/tabula/internal/appserver/client.go:92.2,93.37 2 4
github.com/krystophny/tabula/internal/appserver/client.go:96.94,98.2 1 2
github.com/krystophny/tabula/internal/appserver/client.go:100.127,101.14 1 3
github.com/krystophny/tabula/internal/appserver/client.go:101.14,103.3 1 0
github.com/krystophny/tabula/internal/appserver/client.go:104.2,104.36 1 3
github.com/krystophny/tabula/internal/appserver/client.go:104.36,106.3 1 0
github.com/krystophny/tabula/internal/appserver/client.go:107.2,108.18 2 3
github.com/krystophny/tabula/internal/appserver/client.go:108.18,110.3 1 0
github.com/krystophny/tabula/internal/appserver/client.go:111.2,111.16 1 3
github.com/krystophny/tabula/internal/appserver/client.go:111.16,113.3 1 0
github.com/krystophny/tabula/internal/appserver/client.go:114.2,115.18 2 3
github.com/krystophny/tabula/internal/appserver/client.go:115.18,117.3 1 1
github.com/krystophny/tabula/internal/appserver/client.go:118.2,118.52 1 3
github.com/krystophny/tabula/internal/appserver/client.go:118.52,122.3 3 2
github.com/krystophny/tabula/internal/appserver/client.go:124.2,125.19 2 3
github.com/krystophny/tabula/internal/appserver/client.go:125.19,127.3 1 0
github.com/krystophny/tabula/internal/appserver/client.go:128.2,129.16 2 3
github.com/krystophny/tabula/internal/appserver/client.go:129.16,131.3 1 0
github.com/krystophny/tabula/internal/appserver/client.go:132.2,134.12 3 3
github.com/krystophny/tabula/internal/appserver/client.go:134.12,135.10 1 3
github.com/krystophny/tabula/internal/appserver/client.go:136.21,137.20 1 2
github.com/krystophny/tabula/internal/appserver/client.go:138.25,138.25 0 1
github.com/krystophny/tabula/internal/appserver/client.go:141.2,157.17 2 3
github.com/krystophny/tabula/internal/appserver/client.go:157.17,159.3 1 0
github.com/krystophny/tabula/internal/appserver/client.go:160.2,160.59 1 3
github.com/krystophny/tabula/internal/appserver/client.go:160.59,162.3 1 0
github.com/krystophny/tabula/internal/appserver/client.go:164.2,167.17 1 3
github.com/krystophny/tabula/internal/appserver/client.go:167.17,169.3 1 0
github.com/krystophny/tabula/internal/appserver/client.go:171.2,179.40 2 3
github.com/krystophny/tabula/internal/appserver/client.go:179.40,181.3 1 0
github.com/krystophny/tabula/internal/appserver/client.go:182.2,187.17 1 3
github.com/krystophny/tabula/internal/appserver/client.go:187.17,189.3 1 0
github.com/krystophny/tabula/internal/appserver/client.go:190.2,191.16 2 3
github.com/krystophny/tabula/internal/appserver/client.go:191.16,193.3 1 0
github.com/krystophny/tabula/internal/appserver/client.go:194.2,195.20 2 3
github.com/krystophny/tabula/internal/appserver/client.go:195.20,197.3 1 0
github.com/krystophny/tabula/internal/appserver/client.go:198.2,198.20 1 3
github.com/krystophny/tabula/internal/appserver/client.go:198.20,200.3 1 0
github.com/krystophny/tabula/internal/appserver/client.go:202.2,214.17 1 3
github.com/krystophny/tabula/internal/appserver/client.go:214.17,216.3 1 0
github.com/krystophny/tabula/internal/appserver/client.go:218.2,219.16 2 3
github.com/krystophny/tabula/internal/appserver/client.go:219.16,221.3 1 2
github.com/krystophny/tabula/internal/appserver/client.go:222.2,226.8 1 1
github.com/krystophny/tabula/internal/appserver/client.go:229.55,230.30 1 2
github.com/krystophny/tabula/internal/appserver/client.go:230.30,232.3 1 0
github.com/krystophny/tabula/internal/appserver/client.go:233.2,233.40 1 2
github.com/krystophny/tabula/internal/appserver/client.go:233.40,235.3 1 2
github.com/krystophny/tabula/internal/appserver/client.go:236.2,237.49 2 0
github.com/krystophny/tabula/internal/appserver/client.go:237.49,238.89 1 0
github.com/krystophny/tabula/internal/appserver/client.go:238.89,240.4 1 0
github.com/krystophny/tabula/internal/appserver/client.go:242.2,242.12 1 0
github.com/krystophny/tabula/internal/appserver/client.go:245.98,246.52 1 12
github.com/krystophny/tabula/internal/appserver/client.go:246.52,248.3 1 0
github.com/krystophny/tabula/internal/appserver/client.go:249.2,249.32 1 12
github.com/krystophny/tabula/internal/appserver/client.go:252.117,253.6 1 6
github.com/krystophny/tabula/internal/appserver/client.go:253.6,255.17 2 6
github.com/krystophny/tabula/internal/appserver/client.go:255.17,257.4 1 0
github.com/krystophny/tabula/internal/appserver/client.go:258.3,259.28 2 6
github.com/krystophny/tabula/internal/appserver/client.go:259.28,260.12 1 0
github.com/krystophny/tabula/internal/appserver/client.go:262.3,262.79 1 6
github.com/krystophny/tabula/internal/appserver/client.go:262.79,264.4 1 0
github.com/krystophny/tabula/internal/appserver/client.go:265.3,265.18 1 6
github.com/krystophny/tabula/internal/appserver/client.go:269.151,276.6 6 3
github.com/krystophny/tabula/internal/appserver/client.go:276.6,278.17 2 7
github.com/krystophny/tabula/internal/appserver/client.go:278.17,280.4 1 2
github.com/krystophny/tabula/internal/appserver/client.go:282.3,282.58 1 5
github.com/krystophny/tabula/internal/appserver/client.go:282.58,283.80 1 3
github.com/krystophny/tabula/internal/appserver/client.go:283.80,285.23 2 0
github.com/krystophny/tabula/internal/appserver/client.go:285.23,287.6 1 0
github.com/krystophny/tabula/internal/appserver/client.go:288.5,288.67 1 0
github.com/krystophny/tabula/internal/appserver/client.go:290.4,291.74 2 3
github.com/krystophny/tabula/internal/appserver/client.go:291.74,292.72 1 3
github.com/krystophny/tabula/internal/appserver/client.go:292.72,293.67 1 3
github.com/krystophny/tabula/internal/appserver/client.go:293.67,295.7 1 3
github.com/krystophny/tabula/internal/appserver/client.go:298.4,298.22 1 3
github.com/krystophny/tabula/internal/appserver/client.go:298.22,300.5 1 0
github.com/krystophny/tabula/internal/appserver/client.go:301.4,301.12 1 3
github.com/krystophny/tabula/internal/appserver/client.go:304.3,306.17 3 2
github.com/krystophny/tabula/internal/appserver/client.go:307.25,308.71 1 1
github.com/krystophny/tabula/internal/appserver/client.go:308.71,309.63 1 1
github.com/krystophny/tabula/internal/appserver/client.go:309.63,310.73 1 1
github.com/krystophny/tabula/internal/appserver/client.go:310.73,312.7 1 1
github.com/krystophny/tabula/internal/appserver/client.go:315.25,317.71 2 1
github.com/krystophny/tabula/internal/appserver/client.go:317.71,318.66 1 1
github.com/krystophny/tabula/internal/appserver/client.go:318.66,320.6 1 1
github.com/krystophny/tabula/internal/appserver/client.go:322.4,322.22 1 1
github.com/krystophny/tabula/internal/appserver/client.go:322.22,324.5 1 0
github.com/krystophny/tabula/internal/appserver/client.go:325.36,326.74 1 0
github.com/krystophny/tabula/internal/appserver/client.go:326.74,327.77 1 0
github.com/krystophny/tabula/internal/appserver/client.go:327.77,329.6 1 0
github.com/krystophny/tabula/internal/appserver/client.go:331.36,332.74 1 0
github.com/krystophny/tabula/internal/appserver/client.go:332.74,333.88 1 0
github.com/krystophny/tabula/internal/appserver/client.go:333.88,335.6 1 0
github.com/krystophny/tabula/internal/appserver/client.go:337.16,338.21 1 0
github.com/krystophny/tabula/internal/appserver/client.go:338.21,340.44 2 0
github.com/krystophny/tabula/internal/appserver/client.go:340.44,341.24 1 0
github.com/krystophny/tabula/internal/appserver/client.go:341.24,343.7 1 0
github.com/krystophny/tabula/internal/appserver/client.go:344.6,344.40 1 0
github.com/krystophny/tabula/internal/appserver/client.go:349.3,350.68 2 2
github.com/krystophny/tabula/internal/appserver/client.go:350.68,359.4 2 0
github.com/krystophny/tabula/internal/appserver/client.go:361.3,361.40 1 2
github.com/krystophny/tabula/internal/appserver/client.go:361.40,363.19 2 1
github.com/krystophny/tabula/internal/appserver/client.go:363.19,364.23 1 0
github.com/krystophny/tabula/internal/appserver/client.go:364.23,366.6 1 0
github.com/krystophny/tabula/internal/appserver/client.go:367.5,367.84 1 0
github.com/krystophny/tabula/internal/appserver/client.go:369.4,369.29 1 1
github.com/krystophny/tabula/internal/appserver/client.go:374.58,375.20 1 0
github.com/krystophny/tabula/internal/appserver/client.go:375.20,377.3 1 0
github.com/krystophny/tabula/internal/appserver/client.go:378.2,380.24 3 0
github.com/krystophny/tabula/internal/appserver/client.go:380.24,382.3 1 0
github.com/krystophny/tabula/internal/appserver/client.go:383.2,383.43 1 0
github.com/krystophny/tabula/internal/appserver/client.go:383.43,385.3 1 0
github.com/krystophny/tabula/internal/appserver/client.go:386.2,386.20 1 0
github.com/krystophny/tabula/internal/appserver/client.go:389.55,391.19 2 3
github.com/krystophny/tabula/internal/appserver/client.go:391.19,393.3 1 0
github.com/krystophny/tabula/internal/appserver/client.go:394.2,395.19 2 3
github.com/krystophny/tabula/internal/appserver/client.go:395.19,397.3 1 0
github.com/krystophny/tabula/internal/appserver/client.go:398.2,399.30 2 3
github.com/krystophny/tabula/internal/appserver/client.go:402.56,404.9 2 11
github.com/krystophny/tabula/internal/appserver/client.go:404.9,406.3 1 2
github.com/krystophny/tabula/internal/appserver/client.go:407.2,407.24 1 9
github.com/krystophny/tabula/internal/appserver/client.go:408.15,409.22 1 9
github.com/krystophny/tabula/internal/appserver/client.go:410.11,411.17 1 0
github.com/krystophny/tabula/internal/appserver/client.go:412.19,414.17 2 0
github.com/krystophny/tabula/internal/appserver/client.go:414.17,416.4 1 0
github.com/krystophny/tabula/internal/appserver/client.go:417.3,417.22 1 0
github.com/krystophny/tabula/internal/appserver/client.go:418.14,420.18 1 0
github.com/krystophny/tabula/internal/appserver/client.go:421.10,422.18 1 0
github.com/krystophny/tabula/internal/appserver/client.go:426.90,427.51 1 13
github.com/krystophny/tabula/internal/appserver/client.go:427.51,429.3 1 0
github.com/krystophny/tabula/internal/appserver/client.go:430.2,431.16 2 13
github.com/krystophny/tabula/internal/appserver/client.go:431.16,433.3 1 2
github.com/krystophny/tabula/internal/appserver/client.go:434.2,435.55 2 11
github.com/krystophny/tabula/internal/appserver/client.go:435.55,437.3 1 0
github.com/krystophny/tabula/internal/appserver/client.go:438.2,438.21 1 11
github.com/krystophny/tabula/internal/appserver/client.go:441.71,442.40 1 13
github.com/krystophny/tabula/internal/appserver/client.go:442.40,444.3 1 13
github.com/krystophny/tabula/internal/appserver/client.go:445.2,445.67 1 0
github.com/krystophny/tabula/internal/appserver/client.go:448.72,449.40 1 12
github.com/krystophny/tabula/internal/appserver/client.go:449.40,451.3 1 12
github.com/krystophny/tabula/internal/appserver/client.go:452.2,452.64 1 0
github.com/krystophny/tabula/internal/voxtypemcp/server.go:45.47,51.2 1 0
github.com/krystophny/tabula/internal/voxtypemcp/server.go:53.32,54.18 1 0
github.com/krystophny/tabula/internal/voxtypemcp/server.go:54.18,56.3 1 0
github.com/krystophny/tabula/internal/voxtypemcp/server.go:57.2,66.21 6 0
github.com/krystophny/tabula/internal/voxtypemcp/server.go:69.52,71.2 1 0
github.com/krystophny/tabula/internal/voxtypemcp/server.go:73.71,77.2 1 0
github.com/krystophny/tabula/internal/voxtypemcp/server.go:79.68,80.33 1 0
github.com/krystophny/tabula/internal/voxtypemcp/server.go:80.33,83.3 2 0
github.com/krystophny/tabula/internal/voxtypemcp/server.go:84.2,85.61 2 0
github.com/krystophny/tabula/internal/voxtypemcp/server.go:85.61,88.3 2 0
github.com/krystophny/tabula/internal/voxtypemcp/server.go:89.2,92.16 4 0
github.com/krystophny/tabula/internal/voxtypemcp/server.go:93.20,104.9 2 0
github.com/krystophny/tabula/internal/voxtypemcp/server.go:105.20,114.9 3 0
github.com/krystophny/tabula/internal/voxtypemcp/server.go:115.20,119.17 4 0
github.com/krystophny/tabula/internal/voxtypemcp/server.go:119.17,122.4 2 0
github.com/krystophny/tabula/internal/voxtypemcp/server.go:123.3,124.9 2 0
github.com/krystophny/tabula/internal/voxtypemcp/server.go:125.10,127.9 2 0
github.com/krystophny/tabula/internal/voxtypemcp/server.go:131.52,132.16 1 0
github.com/krystophny/tabula/internal/voxtypemcp/server.go:132.16,134.3 1 0
github.com/krystophny/tabula/internal/voxtypemcp/server.go:135.2,135.29 1 0
github.com/krystophny/tabula/internal/voxtypemcp/server.go:135.29,137.3 1 0
github.com/krystophny/tabula/internal/voxtypemcp/server.go:138.2,138.25 1 0
github.com/krystophny/tabula/internal/voxtypemcp/server.go:141.60,144.2 2 0
github.com/krystophny/tabula/internal/voxtypemcp/server.go:146.102,147.15 1 0
github.com/krystophny/tabula/internal/voxtypemcp/server.go:147.15,149.3 1 0
github.com/krystophny/tabula/internal/voxtypemcp/server.go:150.2,156.4 1 0
github.com/krystophny/tabula/internal/voxtypemcp/server.go:159.81,160.15 1 0
github.com/krystophny/tabula/internal/voxtypemcp/server.go:160.15,162.3 1 0
github.com/krystophny/tabula/internal/voxtypemcp/server.go:163.2,170.4 1 0
github.com/krystophny/tabula/internal/voxtypemcp/server.go:173.101,174.14 1 0
github.com/krystophny/tabula/internal/voxtypemcp/server.go:175.30,176.27 1 0
github.com/krystophny/tabula/internal/voxtypemcp/server.go:177.31,178.28 1 0
github.com/krystophny/tabula/internal/voxtypemcp/server.go:179.29,180.26 1 0
github.com/krystophny/tabula/internal/voxtypemcp/server.go:181.31,182.28 1 0
github.com/krystophny/tabula/internal/voxtypemcp/server.go:183.31,184.24 1 0
github.com/krystophny/tabula/internal/voxtypemcp/server.go:185.10,186.50 1 0
github.com/krystophny/tabula/internal/voxtypemcp/server.go:190.61,192.2 1 0
github.com/krystophny/tabula/internal/voxtypemcp/server.go:194.67,196.9 2 0
github.com/krystophny/tabula/internal/voxtypemcp/server.go:196.9,198.3 1 0
github.com/krystophny/tabula/internal/voxtypemcp/server.go:199.2,199.25 1 0
github.com/krystophny/tabula/internal/voxtypemcp/server.go:200.11,201.11 1 0
github.com/krystophny/tabula/internal/voxtypemcp/server.go:202.13,203.16 1 0
github.com/krystophny/tabula/internal/voxtypemcp/server.go:204.15,205.16 1 0
github.com/krystophny/tabula/internal/voxtypemcp/server.go:206.14,208.17 2 0
github.com/krystophny/tabula/internal/voxtypemcp/server.go:208.17,210.4 1 0
github.com/krystophny/tabula/internal/voxtypemcp/server.go:212.2,212.12 1 0
github.com/krystophny/tabula/internal/voxtypemcp/server.go:215.44,217.16 2 0
github.com/krystophny/tabula/internal/voxtypemcp/server.go:217.16,219.3 1 0
github.com/krystophny/tabula/internal/voxtypemcp/server.go:220.2,220.44 1 0
github.com/krystophny/tabula/internal/voxtypemcp/server.go:220.44,222.3 1 0
github.com/krystophny/tabula/internal/voxtypemcp/server.go:223.2,223.27 1 0
github.com/krystophny/tabula/internal/voxtypemcp/server.go:226.89,228.15 2 0
github.com/krystophny/tabula/internal/voxtypemcp/server.go:228.15,230.3 1 0
github.com/krystophny/tabula/internal/voxtypemcp/server.go:231.2,232.20 2 0
github.com/krystophny/tabula/internal/voxtypemcp/server.go:232.20,234.3 1 0
github.com/krystophny/tabula/internal/voxtypemcp/server.go:235.2,246.29 4 0
github.com/krystophny/tabula/internal/voxtypemcp/server.go:246.29,249.22 3 0
github.com/krystophny/tabula/internal/voxtypemcp/server.go:249.22,253.4 3 0
github.com/krystophny/tabula/internal/voxtypemcp/server.go:253.9,253.78 1 0
github.com/krystophny/tabula/internal/voxtypemcp/server.go:253.78,255.4 1 0
github.com/krystophny/tabula/internal/voxtypemcp/server.go:258.2,260.42 3 0
github.com/krystophny/tabula/internal/voxtypemcp/server.go:260.42,261.39 1 0
github.com/krystophny/tabula/internal/voxtypemcp/server.go:261.39,264.4 2 0
github.com/krystophny/tabula/internal/voxtypemcp/server.go:265.3,265.59 1 0
github.com/krystophny/tabula/internal/voxtypemcp/server.go:267.2,274.8 2 0
github.com/krystophny/tabula/internal/voxtypemcp/server.go:277.90,279.15 2 0
github.com/krystophny/tabula/internal/voxtypemcp/server.go:279.15,281.3 1 0
github.com/krystophny/tabula/internal/voxtypemcp/server.go:282.2,283.13 2 0
github.com/krystophny/tabula/internal/voxtypemcp/server.go:283.13,285.3 1 0
github.com/krystophny/tabula/internal/voxtypemcp/server.go:286.2,287.19 2 0
github.com/krystophny/tabula/internal/voxtypemcp/server.go:287.19,289.3 1 0
github.com/krystophny/tabula/internal/voxtypemcp/server.go:290.2,291.16 2 0
github.com/krystophny/tabula/internal/voxtypemcp/server.go:291.16,293.3 1 0
github.com/krystophny/tabula/internal/voxtypemcp/server.go:294.2,294.21 1 0
github.com/krystophny/tabula/internal/voxtypemcp/server.go:294.21,296.3 1 0
github.com/krystophny/tabula/internal/voxtypemcp/server.go:298.2,301.18 4 0
github.com/krystophny/tabula/internal/voxtypemcp/server.go:301.18,303.3 1 0
github.com/krystophny/tabula/internal/voxtypemcp/server.go:304.2,304.48 1 0
github.com/krystophny/tabula/internal/voxtypemcp/server.go:304.48,306.3 1 0
github.com/krystophny/tabula/internal/voxtypemcp/server.go:307.2,309.38 2 0
github.com/krystophny/tabula/internal/voxtypemcp/server.go:309.38,318.3 2 0
github.com/krystophny/tabula/internal/voxtypemcp/server.go:320.2,320.56 1 0
github.com/krystophny/tabula/internal/voxtypemcp/server.go:320.56,322.3 1 0
github.com/krystophny/tabula/internal/voxtypemcp/server.go:323.2,330.8 2 0
github.com/krystophny/tabula/internal/voxtypemcp/server.go:333.88,335.15 2 0
github.com/krystophny/tabula/internal/voxtypemcp/server.go:335.15,337.3 1 0
github.com/krystophny/tabula/internal/voxtypemcp/server.go:338.2,340.18 3 0
github.com/krystophny/tabula/internal/voxtypemcp/server.go:340.18,342.3 1 0
github.com/krystophny/tabula/internal/voxtypemcp/server.go:343.2,344.18 2 0
github.com/krystophny/tabula/internal/voxtypemcp/server.go:344.18,346.3 1 0
github.com/krystophny/tabula/internal/voxtypemcp/server.go:348.2,349.38 2 0
github.com/krystophny/tabula/internal/voxtypemcp/server.go:349.38,351.17 2 0
github.com/krystophny/tabula/internal/voxtypemcp/server.go:351.17,353.4 1 0
github.com/krystophny/tabula/internal/voxtypemcp/server.go:354.3,355.17 2 0
github.com/krystophny/tabula/internal/voxtypemcp/server.go:355.17,357.4 1 0
github.com/krystophny/tabula/internal/voxtypemcp/server.go:358.3,367.9 1 0
github.com/krystophny/tabula/internal/voxtypemcp/server.go:370.2,370.27 1 0
github.com/krystophny/tabula/internal/voxtypemcp/server.go:370.27,372.3 1 0
github.com/krystophny/tabula/internal/voxtypemcp/server.go:373.2,374.16 2 0
github.com/krystophny/tabula/internal/voxtypemcp/server.go:374.16,376.3 1 0
github.com/krystophny/tabula/internal/voxtypemcp/server.go:377.2,378.16 2 0
github.com/krystophny/tabula/internal/voxtypemcp/server.go:378.16,380.3 1 0
github.com/krystophny/tabula/internal/voxtypemcp/server.go:381.2,390.8 1 0
github.com/krystophny/tabula/internal/voxtypemcp/server.go:393.90,395.15 2 0
github.com/krystophny/tabula/internal/voxtypemcp/server.go:395.15,397.3 1 0
github.com/krystophny/tabula/internal/voxtypemcp/server.go:398.2,405.18 7 0
github.com/krystophny/tabula/internal/voxtypemcp/server.go:405.18,407.39 2 0
github.com/krystophny/tabula/internal/voxtypemcp/server.go:407.39,409.34 2 0
github.com/krystophny/tabula/internal/voxtypemcp/server.go:409.34,411.5 1 0
github.com/krystophny/tabula/internal/voxtypemcp/server.go:414.2,419.8 1 0
github.com/krystophny/tabula/internal/voxtypemcp/server.go:422.63,429.21 6 0
github.com/krystophny/tabula/internal/voxtypemcp/server.go:430.16,431.37 1 0
github.com/krystophny/tabula/internal/voxtypemcp/server.go:432.10,433.45 1 0
github.com/krystophny/tabula/internal/voxtypemcp/server.go:436.2,455.8 1 0
github.com/krystophny/tabula/internal/voxtypemcp/server.go:458.34,459.16 1 0
github.com/krystophny/tabula/internal/voxtypemcp/server.go:459.16,461.3 1 0
github.com/krystophny/tabula/internal/voxtypemcp/server.go:462.2,462.20 1 0
github.com/krystophny/tabula/internal/voxtypemcp/server.go:465.50,471.16 6 0
github.com/krystophny/tabula/internal/voxtypemcp/server.go:471.16,472.53 1 0
github.com/krystophny/tabula/internal/voxtypemcp/server.go:472.53,474.4 1 0
github.com/krystophny/tabula/internal/voxtypemcp/server.go:475.3,475.25 1 0
github.com/krystophny/tabula/internal/voxtypemcp/server.go:477.2,477.15 1 0
github.com/krystophny/tabula/internal/voxtypemcp/server.go:477.15,479.3 1 0
github.com/krystophny/tabula/internal/voxtypemcp/server.go:480.2,481.42 2 0
github.com/krystophny/tabula/internal/voxtypemcp/server.go:481.42,483.34 2 0
github.com/krystophny/tabula/internal/voxtypemcp/server.go:483.34,485.4 1 0
github.com/krystophny/tabula/internal/voxtypemcp/server.go:486.3,486.74 1 0
github.com/krystophny/tabula/internal/voxtypemcp/server.go:488.2,488.23 1 0
github.com/krystophny/tabula/internal/voxtypemcp/server.go:491.54,492.45 1 0
github.com/krystophny/tabula/internal/voxtypemcp/server.go:492.45,494.3 1 0
github.com/krystophny/tabula/internal/voxtypemcp/server.go:495.2,499.16 5 0
github.com/krystophny/tabula/internal/voxtypemcp/server.go:499.16,500.53 1 0
github.com/krystophny/tabula/internal/voxtypemcp/server.go:500.53,502.4 1 0
github.com/krystophny/tabula/internal/voxtypemcp/server.go:503.3,503.96 1 0
github.com/krystophny/tabula/internal/voxtypemcp/server.go:505.2,505.12 1 0
github.com/krystophny/tabula/internal/voxtypemcp/server.go:508.70,509.45 1 0
github.com/krystophny/tabula/internal/voxtypemcp/server.go:509.45,511.3 1 0
github.com/krystophny/tabula/internal/voxtypemcp/server.go:512.2,516.16 5 0
github.com/krystophny/tabula/internal/voxtypemcp/server.go:516.16,517.53 1 0
github.com/krystophny/tabula/internal/voxtypemcp/server.go:517.53,519.4 1 0
github.com/krystophny/tabula/internal/voxtypemcp/server.go:520.3,520.99 1 0
github.com/krystophny/tabula/internal/voxtypemcp/server.go:522.2,524.20 3 0
github.com/krystophny/tabula/internal/voxtypemcp/server.go:524.20,526.3 1 0
github.com/krystophny/tabula/internal/voxtypemcp/server.go:527.2,527.18 1 0
github.com/krystophny/tabula/internal/voxtypemcp/server.go:530.34,535.16 5 0
github.com/krystophny/tabula/internal/voxtypemcp/server.go:535.16,536.53 1 0
github.com/krystophny/tabula/internal/voxtypemcp/server.go:536.53,538.4 1 0
github.com/krystophny/tabula/internal/voxtypemcp/server.go:539.3,539.97 1 0
github.com/krystophny/tabula/internal/voxtypemcp/server.go:541.2,541.12 1 0
github.com/krystophny/tabula/internal/voxtypemcp/server.go:544.82,546.6 2 0
github.com/krystophny/tabula/internal/voxtypemcp/server.go:546.6,548.17 2 0
github.com/krystophny/tabula/internal/voxtypemcp/server.go:548.17,550.18 2 0
github.com/krystophny/tabula/internal/voxtypemcp/server.go:550.18,552.5 1 0
github.com/krystophny/tabula/internal/voxtypemcp/server.go:554.3,554.33 1 0
github.com/krystophny/tabula/internal/voxtypemcp/server.go:554.33,555.18 1 0
github.com/krystophny/tabula/internal/voxtypemcp/server.go:555.18,557.5 1 0
github.com/krystophny/tabula/internal/voxtypemcp/server.go:558.4,558.54 1 0
github.com/krystophny/tabula/internal/voxtypemcp/server.go:560.3,560.37 1 0
github.com/krystophny/tabula/internal/voxtypemcp/server.go:564.57,566.16 2 0
github.com/krystophny/tabula/internal/voxtypemcp/server.go:566.16,568.3 1 0
github.com/krystophny/tabula/internal/voxtypemcp/server.go:569.2,570.42 2 0
github.com/krystophny/tabula/internal/voxtypemcp/server.go:573.43,575.15 2 0
github.com/krystophny/tabula/internal/voxtypemcp/server.go:575.15,577.3 1 0
github.com/krystophny/tabula/internal/voxtypemcp/server.go:578.2,579.24 2 0
github.com/krystophny/tabula/internal/voxtypemcp/server.go:579.24,580.10 1 0
github.com/krystophny/tabula/internal/voxtypemcp/server.go:581.29,582.18 1 0
github.com/krystophny/tabula/internal/voxtypemcp/server.go:583.29,584.32 1 0
github.com/krystophny/tabula/internal/voxtypemcp/server.go:585.29,586.18 1 0
github.com/krystophny/tabula/internal/voxtypemcp/server.go:587.29,588.18 1 0
github.com/krystophny/tabula/internal/voxtypemcp/server.go:589.11,590.20 1 0
github.com/krystophny/tabula/internal/voxtypemcp/server.go:593.2,593.57 1 0
github.com/krystophny/tabula/internal/voxtypemcp/server.go:596.74,598.16 2 0
github.com/krystophny/tabula/internal/voxtypemcp/server.go:598.16,600.3 1 0
github.com/krystophny/tabula/internal/voxtypemcp/server.go:601.2,605.61 4 0
github.com/krystophny/tabula/internal/voxtypemcp/server.go:605.61,607.3 1 0
github.com/krystophny/tabula/internal/voxtypemcp/server.go:609.2,625.22 6 0
github.com/krystophny/tabula/internal/voxtypemcp/server.go:625.22,627.3 1 0
github.com/krystophny/tabula/internal/voxtypemcp/server.go:629.2,633.16 5 0
github.com/krystophny/tabula/internal/voxtypemcp/server.go:633.16,635.3 1 0
github.com/krystophny/tabula/internal/voxtypemcp/server.go:636.2,637.16 2 0
github.com/krystophny/tabula/internal/voxtypemcp/server.go:637.16,639.3 1 0
github.com/krystophny/tabula/internal/voxtypemcp/server.go:640.2,640.39 1 0
github.com/krystophny/tabula/internal/voxtypemcp/server.go:640.39,642.3 1 0
github.com/krystophny/tabula/internal/voxtypemcp/server.go:643.2,646.20 4 0
github.com/krystophny/tabula/internal/voxtypemcp/server.go:646.20,648.3 1 0
github.com/krystophny/tabula/internal/voxtypemcp/server.go:649.2,650.16 2 0
github.com/krystophny/tabula/internal/voxtypemcp/server.go:650.16,652.3 1 0
github.com/krystophny/tabula/internal/voxtypemcp/server.go:653.2,653.16 1 0
github.com/krystophny/tabula/internal/voxtypemcp/server.go:653.16,655.3 1 0
github.com/krystophny/tabula/internal/voxtypemcp/server.go:656.2,656.18 1 0
github.com/krystophny/tabula/internal/voxtypemcp/server.go:659.48,662.29 3 0
github.com/krystophny/tabula/internal/voxtypemcp/server.go:662.29,664.17 2 0
github.com/krystophny/tabula/internal/voxtypemcp/server.go:664.17,665.12 1 0
github.com/krystophny/tabula/internal/voxtypemcp/server.go:667.3,671.36 1 0
github.com/krystophny/tabula/internal/voxtypemcp/server.go:671.36,672.12 1 0
github.com/krystophny/tabula/internal/voxtypemcp/server.go:674.3,674.30 1 0
github.com/krystophny/tabula/internal/voxtypemcp/server.go:676.2,676.21 1 0
github.com/krystophny/tabula/internal/voxtypemcp/server.go:676.21,678.3 1 0
github.com/krystophny/tabula/internal/voxtypemcp/server.go:679.2,679.47 1 0
github.com/krystophny/tabula/internal/voxtypemcp/server.go:682.46,684.33 2 0
github.com/krystophny/tabula/internal/voxtypemcp/server.go:684.33,686.3 1 0
github.com/krystophny/tabula/internal/voxtypemcp/server.go:687.2,687.33 1 0
github.com/krystophny/tabula/internal/voxtypemcp/server.go:687.33,689.3 1 0
github.com/krystophny/tabula/internal/voxtypemcp/server.go:690.2,690.95 1 0
github.com/krystophny/tabula/internal/voxtypemcp/server.go:690.95,692.3 1 0
github.com/krystophny/tabula/internal/voxtypemcp/server.go:693.2,693.34 1 0
github.com/krystophny/tabula/internal/voxtypemcp/server.go:693.34,695.3 1 0
github.com/krystophny/tabula/internal/voxtypemcp/server.go:696.2,696.16 1 0
github.com/krystophny/tabula/internal/pty/pty.go:27.53,28.15 1 0
github.com/krystophny/tabula/internal/pty/pty.go:28.15,30.3 1 0
github.com/krystophny/tabula/internal/pty/pty.go:31.2,31.56 1 0
github.com/krystophny/tabula/internal/pty/pty.go:31.56,33.3 1 0
github.com/krystophny/tabula/internal/pty/pty.go:34.2,35.17 2 0
github.com/krystophny/tabula/internal/pty/pty.go:35.17,37.3 1 0
github.com/krystophny/tabula/internal/pty/pty.go:38.2,42.16 5 0
github.com/krystophny/tabula/internal/pty/pty.go:42.16,44.3 1 0
github.com/krystophny/tabula/internal/pty/pty.go:45.2,45.48 1 0
github.com/krystophny/tabula/internal/pty/pty.go:48.51,51.19 3 0
github.com/krystophny/tabula/internal/pty/pty.go:51.19,53.3 1 0
github.com/krystophny/tabula/internal/pty/pty.go:54.2,55.12 2 0
github.com/krystophny/tabula/internal/pty/pty.go:58.55,61.19 3 0
github.com/krystophny/tabula/internal/pty/pty.go:61.19,63.3 1 0
github.com/krystophny/tabula/internal/pty/pty.go:64.2,64.14 1 0
github.com/krystophny/tabula/internal/pty/pty.go:64.14,66.3 1 0
github.com/krystophny/tabula/internal/pty/pty.go:67.2,67.14 1 0
github.com/krystophny/tabula/internal/pty/pty.go:67.14,69.3 1 0
github.com/krystophny/tabula/internal/pty/pty.go:70.2,70.94 1 0
github.com/krystophny/tabula/internal/pty/pty.go:73.40,77.19 4 0
github.com/krystophny/tabula/internal/pty/pty.go:77.19,80.3 2 0
github.com/krystophny/tabula/internal/pty/pty.go:81.2,81.42 1 0
github.com/krystophny/tabula/internal/pty/pty.go:81.42,84.3 2 0
github.com/krystophny/tabula/internal/pty/pty.go:85.2,85.12 1 0
github.com/krystophny/tabula/internal/pty/pty.go:88.68,90.6 2 0
github.com/krystophny/tabula/internal/pty/pty.go:90.6,94.15 4 0
github.com/krystophny/tabula/internal/pty/pty.go:94.15,96.4 1 0
github.com/krystophny/tabula/internal/pty/pty.go:97.3,98.12 2 0
github.com/krystophny/tabula/internal/pty/pty.go:98.12,101.44 3 0
github.com/krystophny/tabula/internal/pty/pty.go:101.44,103.5 1 0
github.com/krystophny/tabula/internal/pty/pty.go:105.3,105.17 1 0
github.com/krystophny/tabula/internal/pty/pty.go:105.17,106.30 1 0
github.com/krystophny/tabula/internal/pty/pty.go:106.30,108.5 1 0
github.com/krystophny/tabula/internal/pty/pty.go:109.4,109.14 1 0
github.com/krystophny/tabula/internal/pty/ptyd_transport.go:24.87,30.16 6 0
github.com/krystophny/tabula/internal/pty/ptyd_transport.go:30.16,32.3 1 0
github.com/krystophny/tabula/internal/pty/ptyd_transport.go:33.2,34.28 2 0
github.com/krystophny/tabula/internal/pty/ptyd_transport.go:34.28,37.3 2 0
github.com/krystophny/tabula/internal/pty/ptyd_transport.go:38.2,41.41 4 0
github.com/krystophny/tabula/internal/pty/ptyd_transport.go:41.41,43.3 1 0
github.com/krystophny/tabula/internal/pty/ptyd_transport.go:44.2,45.16 2 0
github.com/krystophny/tabula/internal/pty/ptyd_transport.go:45.16,47.3 1 0
github.com/krystophny/tabula/internal/pty/ptyd_transport.go:48.2,48.56 1 0
github.com/krystophny/tabula/internal/pty/ptyd_transport.go:51.50,54.14 3 0
github.com/krystophny/tabula/internal/pty/ptyd_transport.go:54.14,56.3 1 0
github.com/krystophny/tabula/internal/pty/ptyd_transport.go:57.2,57.59 1 0
github.com/krystophny/tabula/internal/pty/ptyd_transport.go:60.54,63.14 3 0
github.com/krystophny/tabula/internal/pty/ptyd_transport.go:63.14,65.3 1 0
github.com/krystophny/tabula/internal/pty/ptyd_transport.go:66.2,68.54 3 0
github.com/krystophny/tabula/internal/pty/ptyd_transport.go:71.39,74.14 3 0
github.com/krystophny/tabula/internal/pty/ptyd_transport.go:74.14,76.3 1 0
github.com/krystophny/tabula/internal/pty/ptyd_transport.go:77.2,78.23 2 0
github.com/krystophny/tabula/internal/pty/ptyd_transport.go:81.67,82.6 1 0
github.com/krystophny/tabula/internal/pty/ptyd_transport.go:82.6,84.17 2 0
github.com/krystophny/tabula/internal/pty/ptyd_transport.go:84.17,86.4 1 0
github.com/krystophny/tabula/internal/pty/ptyd_transport.go:87.3,87.13 1 0
github.com/krystophny/tabula/internal/pty/ptyd_transport.go:88.55,89.38 1 0
github.com/krystophny/tabula/internal/pty/ptyd_transport.go:89.38,91.5 1 0
github.com/krystophny/tabula/internal/pty/ptyd_transport.go:92.11,93.41 1 0
github.com/krystophny/tabula/internal/serve/app.go:39.52,43.76 1 0
github.com/krystophny/tabula/internal/serve/app.go:43.76,43.91 1 0
github.com/krystophny/tabula/internal/serve/app.go:46.2,48.10 3 0
github.com/krystophny/tabula/internal/serve/app.go:51.43,55.2 3 0
github.com/krystophny/tabula/internal/serve/app.go:57.44,63.2 5 0
github.com/krystophny/tabula/internal/serve/app.go:65.34,67.22 2 0
github.com/krystophny/tabula/internal/serve/app.go:67.22,69.3 1 0
github.com/krystophny/tabula/internal/serve/app.go:70.2,72.30 3 0
github.com/krystophny/tabula/internal/serve/app.go:72.30,74.3 1 0
github.com/krystophny/tabula/internal/serve/app.go:75.2,76.28 2 0
github.com/krystophny/tabula/internal/serve/app.go:76.28,78.30 2 0
github.com/krystophny/tabula/internal/serve/app.go:78.30,80.4 1 0
github.com/krystophny/tabula/internal/serve/app.go:84.37,88.64 4 0
github.com/krystophny/tabula/internal/serve/app.go:88.64,88.103 1 0
github.com/krystophny/tabula/internal/serve/app.go:89.2,92.10 4 0
github.com/krystophny/tabula/internal/serve/app.go:95.69,98.61 3 0
github.com/krystophny/tabula/internal/serve/app.go:98.61,101.3 2 0
github.com/krystophny/tabula/internal/serve/app.go:102.2,104.17 3 0
github.com/krystophny/tabula/internal/serve/app.go:104.17,107.3 2 0
github.com/krystophny/tabula/internal/serve/app.go:108.2,108.65 1 0
github.com/krystophny/tabula/internal/serve/app.go:108.65,110.3 1 0
github.com/krystophny/tabula/internal/serve/app.go:111.2,111.20 1 0
github.com/krystophny/tabula/internal/serve/app.go:114.68,118.9 4 0
github.com/krystophny/tabula/internal/serve/app.go:118.9,121.3 2 0
github.com/krystophny/tabula/internal/serve/app.go:122.2,124.6 3 0
github.com/krystophny/tabula/internal/serve/app.go:124.6,125.10 1 0
github.com/krystophny/tabula/internal/serve/app.go:126.29,127.10 1 0
github.com/krystophny/tabula/internal/serve/app.go:128.14,130.13 2 0
github.com/krystophny/tabula/internal/serve/app.go:135.70,137.16 2 0
github.com/krystophny/tabula/internal/serve/app.go:137.16,139.3 1 0
github.com/krystophny/tabula/internal/serve/app.go:140.2,143.15 4 0
github.com/krystophny/tabula/internal/serve/app.go:143.15,148.3 4 0
github.com/krystophny/tabula/internal/serve/app.go:149.2,149.6 1 0
github.com/krystophny/tabula/internal/serve/app.go:149.6,151.17 2 0
github.com/krystophny/tabula/internal/serve/app.go:151.17,153.4 1 0
github.com/krystophny/tabula/internal/serve/app.go:154.3,154.40 1 0
github.com/krystophny/tabula/internal/serve/app.go:158.67,160.15 2 0
github.com/krystophny/tabula/internal/serve/app.go:160.15,163.3 2 0
github.com/krystophny/tabula/internal/serve/app.go:164.2,165.85 2 0
github.com/krystophny/tabula/internal/serve/app.go:165.85,168.3 2 0
github.com/krystophny/tabula/internal/serve/app.go:169.2,170.30 2 0
github.com/krystophny/tabula/internal/serve/app.go:170.30,173.3 2 0
github.com/krystophny/tabula/internal/serve/app.go:174.2,174.28 1 0
github.com/krystophny/tabula/internal/serve/app.go:177.68,187.2 4 0
github.com/krystophny/tabula/internal/serve/app.go:189.50,200.43 4 0
github.com/krystophny/tabula/internal/serve/app.go:200.43,202.3 1 0
github.com/krystophny/tabula/internal/serve/app.go:203.2,206.33 4 0
github.com/krystophny/tabula/internal/serve/app.go:206.33,208.3 1 0
github.com/krystophny/tabula/internal/serve/app.go:209.2,209.12 1 0
github.com/krystophny/tabula/internal/serve/app.go:212.47,213.25 1 0
github.com/krystophny/tabula/internal/serve/app.go:213.25,215.3 1 0
github.com/krystophny/tabula/internal/serve/app.go:216.2,216.35 1 0
github.com/krystophny/tabula/internal/serve/app.go:219.60,223.2 3 0
github.com/krystophny/tabula/internal/serve/app.go:225.31,227.2 1 0
github.com/krystophny/tabula/internal/serve/app.go:229.49,230.39 1 0
github.com/krystophny/tabula/internal/serve/app.go:230.39,232.3 1 0
github.com/krystophny/tabula/internal/serve/app.go:233.2,235.31 3 0
github.com/krystophny/tabula/internal/serve/app.go:235.31,236.71 1 0
github.com/krystophny/tabula/internal/serve/app.go:236.71,237.12 1 0
github.com/krystophny/tabula/internal/serve/app.go:239.3,240.30 2 0
github.com/krystophny/tabula/internal/serve/app.go:240.30,242.55 2 0
github.com/krystophny/tabula/internal/serve/app.go:242.55,243.13 1 0
github.com/krystophny/tabula/internal/serve/app.go:245.4,245.77 1 0
github.com/krystophny/tabula/internal/serve/app.go:248.2,248.13 1 0
github.com/krystophny/tabula/cmd/tabula/main.go:20.13,22.2 1 0
github.com/krystophny/tabula/cmd/tabula/main.go:24.29,25.20 1 0
github.com/krystophny/tabula/cmd/tabula/main.go:25.20,28.3 2 0
github.com/krystophny/tabula/cmd/tabula/main.go:29.2,29.17 1 0
github.com/krystophny/tabula/cmd/tabula/main.go:30.16,31.21 1 0
github.com/krystophny/tabula/cmd/tabula/main.go:32.19,33.32 1 0
github.com/krystophny/tabula/cmd/tabula/main.go:34.20,35.32 1 0
github.com/krystophny/tabula/cmd/tabula/main.go:36.15,37.28 1 0
github.com/krystophny/tabula/cmd/tabula/main.go:38.13,39.26 1 0
github.com/krystophny/tabula/cmd/tabula/main.go:40.21,41.33 1 0
github.com/krystophny/tabula/cmd/tabula/main.go:42.16,43.29 1 0
github.com/krystophny/tabula/cmd/tabula/main.go:44.10,47.11 3 0
github.com/krystophny/tabula/cmd/tabula/main.go:51.18,54.2 2 0
github.com/krystophny/tabula/cmd/tabula/main.go:56.22,69.2 4 0
github.com/krystophny/tabula/cmd/tabula/main.go:71.38,74.39 3 0
github.com/krystophny/tabula/cmd/tabula/main.go:74.39,76.3 1 0
github.com/krystophny/tabula/cmd/tabula/main.go:77.2,78.16 2 0
github.com/krystophny/tabula/cmd/tabula/main.go:78.16,81.3 2 0
github.com/krystophny/tabula/cmd/tabula/main.go:82.2,86.25 5 0
github.com/krystophny/tabula/cmd/tabula/main.go:86.25,88.3 1 0
github.com/krystophny/tabula/cmd/tabula/main.go:89.2,89.24 1 0
github.com/krystophny/tabula/cmd/tabula/main.go:89.24,91.3 1 0
github.com/krystophny/tabula/cmd/tabula/main.go:92.2,92.10 1 0
github.com/krystophny/tabula/cmd/tabula/main.go:95.38,100.39 5 0
github.com/krystophny/tabula/cmd/tabula/main.go:100.39,102.3 1 0
github.com/krystophny/tabula/cmd/tabula/main.go:103.2,104.16 2 0
github.com/krystophny/tabula/cmd/tabula/main.go:104.16,107.3 2 0
github.com/krystophny/tabula/cmd/tabula/main.go:108.2,109.30 2 0
github.com/krystophny/tabula/cmd/tabula/main.go:112.34,119.39 7 0
github.com/krystophny/tabula/cmd/tabula/main.go:119.39,121.3 1 0
github.com/krystophny/tabula/cmd/tabula/main.go:122.2,123.16 2 0
github.com/krystophny/tabula/cmd/tabula/main.go:123.16,126.3 2 0
github.com/krystophny/tabula/cmd/tabula/main.go:127.2,127.30 1 0
github.com/krystophny/tabula/cmd/tabula/main.go:127.30,128.71 1 0
github.com/krystophny/tabula/cmd/tabula/main.go:128.71,130.4 1 0
github.com/krystophny/tabula/cmd/tabula/main.go:132.2,133.48 2 0
github.com/krystophny/tabula/cmd/tabula/main.go:133.48,136.3 2 0
github.com/krystophny/tabula/cmd/tabula/main.go:137.2,137.10 1 0
github.com/krystophny/tabula/cmd/tabula/main.go:140.32,149.39 9 0
github.com/krystophny/tabula/cmd/tabula/main.go:149.39,151.3 1 0
github.com/krystophny/tabula/cmd/tabula/main.go:152.2,153.16 2 0
github.com/krystophny/tabula/cmd/tabula/main.go:153.16,156.3 2 0
github.com/krystophny/tabula/cmd/tabula/main.go:157.2,158.16 2 0
github.com/krystophny/tabula/cmd/tabula/main.go:158.16,161.3 2 0
github.com/krystophny/tabula/cmd/tabula/main.go:162.2,162.48 1 0
github.com/krystophny/tabula/cmd/tabula/main.go:162.48,165.3 2 0
github.com/krystophny/tabula/cmd/tabula/main.go:166.2,166.10 1 0
github.com/krystophny/tabula/cmd/tabula/main.go:169.39,173.39 4 0
github.com/krystophny/tabula/cmd/tabula/main.go:173.39,175.3 1 0
github.com/krystophny/tabula/cmd/tabula/main.go:176.2,177.39 2 0
github.com/krystophny/tabula/cmd/tabula/main.go:177.39,180.3 2 0
github.com/krystophny/tabula/cmd/tabula/main.go:181.2,181.10 1 0
github.com/krystophny/tabula/cmd/tabula/main.go:184.35,191.39 7 0
github.com/krystophny/tabula/cmd/tabula/main.go:191.39,193.3 1 0
github.com/krystophny/tabula/cmd/tabula/main.go:194.2,195.16 2 0
github.com/krystophny/tabula/cmd/tabula/main.go:195.16,198.3 2 0
github.com/krystophny/tabula/cmd/tabula/main.go:199.2,200.16 2 0
github.com/krystophny/tabula/cmd/tabula/main.go:200.16,203.3 2 0
github.com/krystophny/tabula/cmd/tabula/main.go:204.2,204.14 1 0
github.com/krystophny/tabula/cmd/tabula/main.go:204.14,205.13 1 0
github.com/krystophny/tabula/cmd/tabula/main.go:205.13,208.4 2 0
github.com/krystophny/tabula/cmd/tabula/main.go:210.2,210.48 1 0
github.com/krystophny/tabula/cmd/tabula/main.go:210.48,213.3 2 0
github.com/krystophny/tabula/cmd/tabula/main.go:214.2,214.10 1 0
github.com/krystophny/tabula/internal/store/store.go:69.39,70.63 1 0
github.com/krystophny/tabula/internal/store/store.go:70.63,72.3 1 0
github.com/krystophny/tabula/internal/store/store.go:73.2,74.16 2 0
github.com/krystophny/tabula/internal/store/store.go:74.16,76.3 1 0
github.com/krystophny/tabula/internal/store/store.go:77.2,79.36 3 0
github.com/krystophny/tabula/internal/store/store.go:79.36,82.3 2 0
github.com/krystophny/tabula/internal/store/store.go:83.2,83.15 1 0
github.com/krystophny/tabula/internal/store/store.go:86.31,86.54 1 0
github.com/krystophny/tabula/internal/store/store.go:88.33,162.45 2 0
github.com/krystophny/tabula/internal/store/store.go:162.45,164.3 1 0
github.com/krystophny/tabula/internal/store/store.go:165.2,165.34 1 0
github.com/krystophny/tabula/internal/store/store.go:168.49,172.39 3 0
github.com/krystophny/tabula/internal/store/store.go:172.39,175.3 2 0
github.com/krystophny/tabula/internal/store/store.go:176.2,176.35 1 0
github.com/krystophny/tabula/internal/store/store.go:179.47,192.16 5 0
github.com/krystophny/tabula/internal/store/store.go:192.16,194.3 1 0
github.com/krystophny/tabula/internal/store/store.go:195.2,196.18 2 0
github.com/krystophny/tabula/internal/store/store.go:196.18,202.78 6 0
github.com/krystophny/tabula/internal/store/store.go:202.78,204.4 1 0
github.com/krystophny/tabula/internal/store/store.go:205.3,205.60 1 0
github.com/krystophny/tabula/internal/store/store.go:207.2,207.30 1 0
github.com/krystophny/tabula/internal/store/store.go:207.30,208.25 1 0
github.com/krystophny/tabula/internal/store/store.go:208.25,209.12 1 0
github.com/krystophny/tabula/internal/store/store.go:211.3,211.47 1 0
github.com/krystophny/tabula/internal/store/store.go:211.47,213.4 1 0
github.com/krystophny/tabula/internal/store/store.go:216.2,219.12 4 0
github.com/krystophny/tabula/internal/store/store.go:222.30,228.2 5 0
github.com/krystophny/tabula/internal/store/store.go:230.41,234.2 3 0
github.com/krystophny/tabula/internal/store/store.go:236.57,237.23 1 0
github.com/krystophny/tabula/internal/store/store.go:237.23,239.3 1 0
github.com/krystophny/tabula/internal/store/store.go:240.2,243.16 4 0
github.com/krystophny/tabula/internal/store/store.go:243.16,245.3 1 0
github.com/krystophny/tabula/internal/store/store.go:246.2,247.56 2 0
github.com/krystophny/tabula/internal/store/store.go:247.56,249.3 1 0
github.com/krystophny/tabula/internal/store/store.go:250.2,250.64 1 0
github.com/krystophny/tabula/internal/store/store.go:250.64,252.3 1 0
github.com/krystophny/tabula/internal/store/store.go:253.2,253.101 1 0
github.com/krystophny/tabula/internal/store/store.go:253.101,255.3 1 0
github.com/krystophny/tabula/internal/store/store.go:256.2,256.20 1 0
github.com/krystophny/tabula/internal/store/store.go:259.59,261.102 2 0
github.com/krystophny/tabula/internal/store/store.go:261.102,263.3 1 0
github.com/krystophny/tabula/internal/store/store.go:264.2,265.44 2 0
github.com/krystophny/tabula/internal/store/store.go:268.52,269.17 1 0
github.com/krystophny/tabula/internal/store/store.go:269.17,271.3 1 0
github.com/krystophny/tabula/internal/store/store.go:272.2,273.12 2 0
github.com/krystophny/tabula/internal/store/store.go:276.51,277.17 1 0
github.com/krystophny/tabula/internal/store/store.go:277.17,279.3 1 0
github.com/krystophny/tabula/internal/store/store.go:280.2,281.101 2 0
github.com/krystophny/tabula/internal/store/store.go:281.101,283.3 1 0
github.com/krystophny/tabula/internal/store/store.go:284.2,284.13 1 0
github.com/krystophny/tabula/internal/store/store.go:287.55,288.17 1 0
github.com/krystophny/tabula/internal/store/store.go:288.17,290.3 1 0
github.com/krystophny/tabula/internal/store/store.go:291.2,292.12 2 0
github.com/krystophny/tabula/internal/store/store.go:295.59,296.58 1 0
github.com/krystophny/tabula/internal/store/store.go:296.58,298.3 1 0
github.com/krystophny/tabula/internal/store/store.go:299.2,299.17 1 0
github.com/krystophny/tabula/internal/store/store.go:299.17,301.3 1 0
github.com/krystophny/tabula/internal/store/store.go:302.2,303.16 2 0
github.com/krystophny/tabula/internal/store/store.go:303.16,305.3 1 0
github.com/krystophny/tabula/internal/store/store.go:306.2,307.27 2 0
github.com/krystophny/tabula/internal/store/store.go:310.53,314.16 3 0
github.com/krystophny/tabula/internal/store/store.go:314.16,316.3 1 0
github.com/krystophny/tabula/internal/store/store.go:317.2,317.15 1 0
github.com/krystophny/tabula/internal/store/store.go:320.51,322.16 2 0
github.com/krystophny/tabula/internal/store/store.go:322.16,324.3 1 0
github.com/krystophny/tabula/internal/store/store.go:325.2,327.18 3 0
github.com/krystophny/tabula/internal/store/store.go:327.18,329.113 2 0
github.com/krystophny/tabula/internal/store/store.go:329.113,331.4 1 0
github.com/krystophny/tabula/internal/store/store.go:332.3,332.23 1 0
github.com/krystophny/tabula/internal/store/store.go:334.2,334.38 1 0
github.com/krystophny/tabula/internal/store/store.go:334.38,334.74 1 0
github.com/krystophny/tabula/internal/store/store.go:335.2,335.17 1 0
github.com/krystophny/tabula/internal/store/store.go:338.88,339.23 1 0
github.com/krystophny/tabula/internal/store/store.go:339.23,341.3 1 0
github.com/krystophny/tabula/internal/store/store.go:342.2,344.98 3 0
github.com/krystophny/tabula/internal/store/store.go:344.98,345.32 1 0
github.com/krystophny/tabula/internal/store/store.go:345.32,348.4 2 0
github.com/krystophny/tabula/internal/store/store.go:350.2,350.21 1 0
github.com/krystophny/tabula/internal/store/store.go:350.21,352.3 1 0
github.com/krystophny/tabula/internal/store/store.go:353.2,355.16 3 0
github.com/krystophny/tabula/internal/store/store.go:355.16,357.3 1 0
github.com/krystophny/tabula/internal/store/store.go:358.2,358.22 1 0
github.com/krystophny/tabula/internal/store/store.go:361.53,362.21 1 0
github.com/krystophny/tabula/internal/store/store.go:362.21,364.3 1 0
github.com/krystophny/tabula/internal/store/store.go:365.2,366.34 2 0
github.com/krystophny/tabula/internal/store/store.go:366.34,368.3 1 0
github.com/krystophny/tabula/internal/store/store.go:369.2,369.12 1 0
github.com/krystophny/tabula/internal/store/store.go:372.42,375.2 2 0
github.com/krystophny/tabula/internal/store/store.go:377.70,380.2 2 0
[...]
github.com/krystophny/tabula/internal/web/server.go:975.29,977.3 1 1
github.com/krystophny/tabula/internal/web/server.go:978.2,979.29 2 2
github.com/krystophny/tabula/internal/web/server.go:979.29,981.3 1 1
github.com/krystophny/tabula/internal/web/server.go:982.2,984.22 3 2
github.com/krystophny/tabula/internal/web/server.go:984.22,986.3 1 0
github.com/krystophny/tabula/internal/web/server.go:988.2,994.16 2 2
github.com/krystophny/tabula/internal/web/server.go:994.16,996.3 1 0
github.com/krystophny/tabula/internal/web/server.go:997.2,999.35 3 2
github.com/krystophny/tabula/internal/web/server.go:999.35,1001.18 2 2
github.com/krystophny/tabula/internal/web/server.go:1001.18,1002.12 1 0
github.com/krystophny/tabula/internal/web/server.go:1004.3,1005.42 2 2
github.com/krystophny/tabula/internal/web/server.go:1005.42,1006.12 1 0
github.com/krystophny/tabula/internal/web/server.go:1008.3,1011.26 4 2
github.com/krystophny/tabula/internal/web/server.go:1011.26,1013.4 1 0
github.com/krystophny/tabula/internal/web/server.go:1014.3,1023.5 2 2
github.com/krystophny/tabula/internal/web/server.go:1025.2,1025.24 1 2
github.com/krystophny/tabula/internal/web/server.go:1025.24,1034.3 1 0
github.com/krystophny/tabula/internal/web/server.go:1035.2,1035.43 1 2
github.com/krystophny/tabula/internal/web/server.go:1035.43,1036.53 1 0
github.com/krystophny/tabula/internal/web/server.go:1036.53,1038.4 1 0
github.com/krystophny/tabula/internal/web/server.go:1039.3,1039.55 1 0
github.com/krystophny/tabula/internal/web/server.go:1042.2,1046.87 5 2
github.com/krystophny/tabula/internal/web/server.go:1046.87,1047.62 1 2
github.com/krystophny/tabula/internal/web/server.go:1047.62,1049.4 1 2
github.com/krystophny/tabula/internal/web/server.go:1050.8,1050.77 1 0
github.com/krystophny/tabula/internal/web/server.go:1050.77,1052.3 1 0
github.com/krystophny/tabula/internal/web/server.go:1053.2,1058.16 2 2
github.com/krystophny/tabula/internal/web/server.go:1058.16,1060.3 1 0
github.com/krystophny/tabula/internal/web/server.go:1062.2,1063.44 2 2
github.com/krystophny/tabula/internal/web/server.go:1063.44,1065.3 1 0
github.com/krystophny/tabula/internal/web/server.go:1066.2,1066.144 1 2
github.com/krystophny/tabula/internal/web/server.go:1066.144,1076.3 1 0
github.com/krystophny/tabula/internal/web/server.go:1078.2,1079.28 2 2
github.com/krystophny/tabula/internal/web/server.go:1079.28,1080.43 1 1
github.com/krystophny/tabula/internal/web/server.go:1080.43,1082.4 1 0
github.com/krystophny/tabula/internal/web/server.go:1082.9,1084.4 1 1
github.com/krystophny/tabula/internal/web/server.go:1086.2,1093.16 2 2
github.com/krystophny/tabula/internal/web/server.go:1093.16,1095.3 1 0
github.com/krystophny/tabula/internal/web/server.go:1097.2,1107.8 1 2
github.com/krystophny/tabula/internal/web/server.go:1110.108,1115.14 5 2
github.com/krystophny/tabula/internal/web/server.go:1116.23,1119.60 3 1
github.com/krystophny/tabula/internal/web/server.go:1120.22,1124.83 4 1
github.com/krystophny/tabula/internal/web/server.go:1126.2,1126.36 1 2
github.com/krystophny/tabula/internal/web/server.go:1126.36,1128.3 1 2
github.com/krystophny/tabula/internal/web/server.go:1129.2,1129.28 1 2
github.com/krystophny/tabula/internal/web/server.go:1129.28,1130.36 1 1
github.com/krystophny/tabula/internal/web/server.go:1130.36,1132.4 1 1
github.com/krystophny/tabula/internal/web/server.go:1133.3,1133.15 1 1
github.com/krystophny/tabula/internal/web/server.go:1133.15,1135.4 1 1
github.com/krystophny/tabula/internal/web/server.go:1137.2,1138.29 2 2
github.com/krystophny/tabula/internal/web/server.go:1138.29,1140.67 2 2
github.com/krystophny/tabula/internal/web/server.go:1140.67,1142.4 1 2
github.com/krystophny/tabula/internal/web/server.go:1143.3,1143.71 1 2
github.com/krystophny/tabula/internal/web/server.go:1143.71,1145.4 1 2
github.com/krystophny/tabula/internal/web/server.go:1146.3,1146.39 1 2
github.com/krystophny/tabula/internal/web/server.go:1146.39,1147.32 1 1
github.com/krystophny/tabula/internal/web/server.go:1147.32,1149.5 1 1
github.com/krystophny/tabula/internal/web/server.go:1149.10,1151.5 1 0
github.com/krystophny/tabula/internal/web/server.go:1153.3,1153.17 1 2
github.com/krystophny/tabula/internal/web/server.go:1153.17,1155.4 1 1
github.com/krystophny/tabula/internal/web/server.go:1156.3,1157.21 2 2
github.com/krystophny/tabula/internal/web/server.go:1157.21,1159.4 1 2
github.com/krystophny/tabula/internal/web/server.go:1160.3,1160.48 1 2
github.com/krystophny/tabula/internal/web/server.go:1162.2,1162.29 1 2
github.com/krystophny/tabula/internal/web/server.go:1162.29,1168.3 5 1
github.com/krystophny/tabula/internal/web/server.go:1169.2,1169.19 1 2
github.com/krystophny/tabula/internal/web/server.go:1172.55,1174.16 2 2
github.com/krystophny/tabula/internal/web/server.go:1174.16,1176.3 1 0
github.com/krystophny/tabula/internal/web/server.go:1177.2,1177.36 1 2
github.com/krystophny/tabula/internal/web/server.go:1177.36,1179.130 2 0
github.com/krystophny/tabula/internal/web/server.go:1179.130,1181.4 1 0
github.com/krystophny/tabula/internal/web/server.go:1183.2,1183.32 1 2
github.com/krystophny/tabula/internal/web/server.go:1186.47,1190.2 3 2
github.com/krystophny/tabula/internal/web/server.go:1192.109,1196.16 4 18
github.com/krystophny/tabula/internal/web/server.go:1196.16,1198.3 1 0
github.com/krystophny/tabula/internal/web/server.go:1199.2,1200.28 2 18
github.com/krystophny/tabula/internal/web/server.go:1200.28,1203.3 2 0
github.com/krystophny/tabula/internal/web/server.go:1204.2,1205.64 2 18
github.com/krystophny/tabula/internal/web/server.go:1205.64,1207.3 1 0
github.com/krystophny/tabula/internal/web/server.go:1208.2,1208.56 1 18
github.com/krystophny/tabula/internal/web/server.go:1208.56,1210.3 1 1
github.com/krystophny/tabula/internal/web/server.go:1211.2,1213.15 3 17
github.com/krystophny/tabula/internal/web/server.go:1213.15,1215.3 1 0
github.com/krystophny/tabula/internal/web/server.go:1216.2,1216.16 1 17
github.com/krystophny/tabula/internal/web/server.go:1219.46,1221.21 2 4
github.com/krystophny/tabula/internal/web/server.go:1221.21,1223.3 1 0
github.com/krystophny/tabula/internal/web/server.go:1224.2,1224.48 1 4
github.com/krystophny/tabula/internal/web/server.go:1224.48,1226.3 1 0
github.com/krystophny/tabula/internal/web/server.go:1227.2,1227.21 1 4
github.com/krystophny/tabula/internal/web/server.go:1227.21,1229.3 1 0
github.com/krystophny/tabula/internal/web/server.go:1230.2,1230.35 1 4
github.com/krystophny/tabula/internal/web/server.go:1233.49,1234.44 1 4
github.com/krystophny/tabula/internal/web/server.go:1234.44,1236.3 1 0
github.com/krystophny/tabula/internal/web/server.go:1237.2,1237.82 1 4
github.com/krystophny/tabula/internal/web/server.go:1240.58,1242.21 2 8
github.com/krystophny/tabula/internal/web/server.go:1242.21,1244.3 1 0
github.com/krystophny/tabula/internal/web/server.go:1245.2,1246.16 2 8
github.com/krystophny/tabula/internal/web/server.go:1246.16,1248.3 1 0
github.com/krystophny/tabula/internal/web/server.go:1249.2,1249.47 1 8
github.com/krystophny/tabula/internal/web/server.go:1249.47,1251.3 1 0
github.com/krystophny/tabula/internal/web/server.go:1252.2,1253.16 2 8
github.com/krystophny/tabula/internal/web/server.go:1253.16,1255.3 1 0
github.com/krystophny/tabula/internal/web/server.go:1256.2,1256.27 1 8
github.com/krystophny/tabula/internal/web/server.go:1256.27,1258.3 1 1
github.com/krystophny/tabula/internal/web/server.go:1259.2,1259.54 1 7
github.com/krystophny/tabula/internal/web/server.go:1259.54,1261.3 1 6
github.com/krystophny/tabula/internal/web/server.go:1262.2,1262.22 1 7
github.com/krystophny/tabula/internal/web/server.go:1262.22,1264.3 1 1
github.com/krystophny/tabula/internal/web/server.go:1265.2,1265.42 1 6
github.com/krystophny/tabula/internal/web/server.go:1265.42,1267.3 1 0
github.com/krystophny/tabula/internal/web/server.go:1268.2,1268.24 1 6
github.com/krystophny/tabula/internal/web/server.go:1271.39,1272.42 1 12
github.com/krystophny/tabula/internal/web/server.go:1272.42,1274.3 1 0
github.com/krystophny/tabula/internal/web/server.go:1275.2,1276.37 2 12
github.com/krystophny/tabula/internal/web/server.go:1279.72,1280.26 1 0
github.com/krystophny/tabula/internal/web/server.go:1280.26,1282.3 1 0
github.com/krystophny/tabula/internal/web/server.go:1283.2,1285.80 3 0
github.com/krystophny/tabula/internal/web/server.go:1285.80,1288.3 2 0
github.com/krystophny/tabula/internal/web/server.go:1289.2,1292.9 4 0
github.com/krystophny/tabula/internal/web/server.go:1292.9,1295.3 2 0
github.com/krystophny/tabula/internal/web/server.go:1296.2,1298.16 3 0
github.com/krystophny/tabula/internal/web/server.go:1298.16,1301.3 2 0
github.com/krystophny/tabula/internal/web/server.go:1302.2,1303.33 2 0
github.com/krystophny/tabula/internal/web/server.go:1303.33,1304.43 1 0
github.com/krystophny/tabula/internal/web/server.go:1304.43,1305.25 1 0
github.com/krystophny/tabula/internal/web/server.go:1305.25,1307.5 1 0
github.com/krystophny/tabula/internal/web/server.go:1310.2,1311.30 2 0
github.com/krystophny/tabula/internal/web/server.go:1314.43,1316.16 2 0
github.com/krystophny/tabula/internal/web/server.go:1316.16,1318.3 1 0
github.com/krystophny/tabula/internal/web/server.go:1319.2,1320.13 2 0
github.com/krystophny/tabula/internal/web/server.go:1320.13,1321.26 1 0
github.com/krystophny/tabula/internal/web/server.go:1321.26,1323.4 1 0
github.com/krystophny/tabula/internal/web/server.go:1324.3,1324.25 1 0
github.com/krystophny/tabula/internal/web/server.go:1324.25,1326.4 1 0
github.com/krystophny/tabula/internal/web/server.go:1327.3,1327.44 1 0
github.com/krystophny/tabula/internal/web/server.go:1329.2,1329.24 1 0
github.com/krystophny/tabula/internal/web/server.go:1332.60,1334.55 2 1
github.com/krystophny/tabula/internal/web/server.go:1334.55,1337.3 2 0
github.com/krystophny/tabula/internal/web/server.go:1338.2,1342.12 4 1
github.com/krystophny/tabula/internal/web/server.go:1342.12,1343.16 1 1
github.com/krystophny/tabula/internal/web/server.go:1343.16,1346.52 3 1
github.com/krystophny/tabula/internal/web/server.go:1346.52,1349.5 2 1
github.com/krystophny/tabula/internal/web/server.go:1350.4,1350.17 1 1
github.com/krystophny/tabula/internal/web/server.go:1353.3,1355.17 3 1
github.com/krystophny/tabula/internal/web/server.go:1355.17,1357.4 1 0
github.com/krystophny/tabula/internal/web/server.go:1358.3,1362.7 4 1
github.com/krystophny/tabula/internal/web/server.go:1362.7,1363.11 1 1
github.com/krystophny/tabula/internal/web/server.go:1364.22,1366.11 2 0
github.com/krystophny/tabula/internal/web/server.go:1367.12,1367.12 0 1
github.com/krystophny/tabula/internal/web/server.go:1369.4,1370.18 2 1
github.com/krystophny/tabula/internal/web/server.go:1370.18,1372.5 1 1
github.com/krystophny/tabula/internal/web/server.go:1373.4,1373.35 1 0
github.com/krystophny/tabula/internal/web/server.go:1373.35,1374.13 1 0
github.com/krystophny/tabula/internal/web/server.go:1376.4,1378.42 3 0
github.com/krystophny/tabula/internal/web/server.go:1378.42,1380.5 1 0
github.com/krystophny/tabula/internal/web/server.go:1381.4,1382.31 2 0
github.com/krystophny/tabula/internal/web/server.go:1382.31,1384.5 1 0
github.com/krystophny/tabula/internal/web/server.go:1389.39,1393.18 4 0
github.com/krystophny/tabula/internal/web/server.go:1393.18,1395.3 1 0
github.com/krystophny/tabula/internal/web/server.go:1396.2,1396.29 1 0
github.com/krystophny/tabula/internal/web/server.go:1396.29,1398.3 1 0
github.com/krystophny/tabula/internal/web/server.go:1399.2,1399.25 1 0
github.com/krystophny/tabula/internal/web/server.go:1399.25,1401.17 2 0
github.com/krystophny/tabula/internal/web/server.go:1401.17,1403.4 1 0
github.com/krystophny/tabula/internal/web/server.go:1404.3,1408.13 5 0
github.com/krystophny/tabula/internal/web/server.go:1411.2,1417.12 7 0
github.com/krystophny/tabula/internal/web/server.go:1417.12,1419.3 1 0
github.com/krystophny/tabula/internal/web/server.go:1420.2,1421.34 2 0
github.com/krystophny/tabula/internal/web/server.go:1421.34,1422.10 1 0
github.com/krystophny/tabula/internal/web/server.go:1423.21,1424.45 1 0
github.com/krystophny/tabula/internal/web/server.go:1425.11,1425.11 0 0
github.com/krystophny/tabula/internal/web/server.go:1427.3,1428.17 2 0
github.com/krystophny/tabula/internal/web/server.go:1428.17,1430.30 2 0
github.com/krystophny/tabula/internal/web/server.go:1430.30,1436.5 5 0
github.com/krystophny/tabula/internal/web/server.go:1438.3,1438.37 1 0
github.com/krystophny/tabula/internal/web/server.go:1440.2,1440.72 1 0
github.com/krystophny/tabula/internal/web/server.go:1443.50,1444.44 1 0
github.com/krystophny/tabula/internal/web/server.go:1444.44,1446.3 1 0
github.com/krystophny/tabula/internal/web/server.go:1447.2,1449.49 3 0
github.com/krystophny/tabula/internal/web/server.go:1449.49,1451.3 1 0
github.com/krystophny/tabula/internal/web/server.go:1452.2,1452.29 1 0
github.com/krystophny/tabula/internal/web/server.go:1452.29,1454.19 2 0
github.com/krystophny/tabula/internal/web/server.go:1454.19,1456.4 1 0
github.com/krystophny/tabula/internal/web/server.go:1457.3,1458.46 2 0
github.com/krystophny/tabula/internal/web/server.go:1460.2,1461.33 2 0
github.com/krystophny/tabula/internal/web/server.go:1461.33,1463.3 1 0
github.com/krystophny/tabula/internal/web/server.go:1464.2,1464.12 1 0
github.com/krystophny/tabula/internal/web/server.go:1467.51,1471.39 4 24
github.com/krystophny/tabula/internal/web/server.go:1471.39,1473.3 1 1
github.com/krystophny/tabula/internal/web/server.go:1474.2,1474.40 1 24
github.com/krystophny/tabula/internal/web/server.go:1474.40,1475.31 1 1
github.com/krystophny/tabula/internal/web/server.go:1475.31,1477.4 1 2
github.com/krystophny/tabula/internal/web/server.go:1479.2,1479.38 1 24
github.com/krystophny/tabula/internal/web/server.go:1479.38,1481.3 1 1
github.com/krystophny/tabula/internal/web/server.go:1482.2,1482.31 1 24
github.com/krystophny/tabula/internal/web/server.go:1482.31,1483.23 1 0
github.com/krystophny/tabula/internal/web/server.go:1483.23,1485.4 1 0
github.com/krystophny/tabula/internal/web/server.go:1487.2,1487.46 1 24
github.com/krystophny/tabula/internal/web/server.go:1487.46,1489.3 1 1
github.com/krystophny/tabula/internal/web/server.go:1490.2,1490.40 1 24
github.com/krystophny/tabula/internal/web/server.go:1490.40,1492.3 1 1
github.com/krystophny/tabula/internal/web/server.go:1493.2,1495.38 2 24
github.com/krystophny/tabula/internal/web/server.go:1495.38,1497.3 1 1
github.com/krystophny/tabula/internal/web/server.go:1498.2,1498.34 1 24
github.com/krystophny/tabula/internal/web/server.go:1498.34,1499.17 1 1
github.com/krystophny/tabula/internal/web/server.go:1499.17,1501.4 1 1
github.com/krystophny/tabula/internal/web/server.go:1503.2,1503.25 1 24
github.com/krystophny/tabula/internal/web/server.go:1503.25,1505.3 1 0
github.com/krystophny/tabula/internal/web/server.go:1506.2,1506.31 1 24
github.com/krystophny/tabula/internal/web/server.go:1506.31,1508.3 1 0
github.com/krystophny/tabula/internal/web/server.go:1509.2,1509.24 1 24
github.com/krystophny/tabula/internal/web/stt_push_to_prompt.go:36.34,38.2 1 0
github.com/krystophny/tabula/internal/web/stt_push_to_prompt.go:40.77,41.26 1 0
github.com/krystophny/tabula/internal/web/stt_push_to_prompt.go:41.26,43.3 1 0
github.com/krystophny/tabula/internal/web/stt_push_to_prompt.go:44.2,45.44 2 0
github.com/krystophny/tabula/internal/web/stt_push_to_prompt.go:45.44,48.3 2 0
github.com/krystophny/tabula/internal/web/stt_push_to_prompt.go:49.2,50.22 2 0
github.com/krystophny/tabula/internal/web/stt_push_to_prompt.go:50.22,53.3 2 0
github.com/krystophny/tabula/internal/web/stt_push_to_prompt.go:54.2,55.16 2 0
github.com/krystophny/tabula/internal/web/stt_push_to_prompt.go:55.16,56.35 1 0
github.com/krystophny/tabula/internal/web/stt_push_to_prompt.go:56.35,59.4 2 0
github.com/krystophny/tabula/internal/web/stt_push_to_prompt.go:60.3,61.9 2 0
github.com/krystophny/tabula/internal/web/stt_push_to_prompt.go:63.2,63.22 1 0
github.com/krystophny/tabula/internal/web/stt_push_to_prompt.go:66.94,69.20 3 4
github.com/krystophny/tabula/internal/web/stt_push_to_prompt.go:70.22,71.45 1 2
github.com/krystophny/tabula/internal/web/stt_push_to_prompt.go:71.45,73.4 1 0
github.com/krystophny/tabula/internal/web/stt_push_to_prompt.go:74.3,75.38 2 2
github.com/krystophny/tabula/internal/web/stt_push_to_prompt.go:75.38,77.4 1 0
github.com/krystophny/tabula/internal/web/stt_push_to_prompt.go:78.3,80.31 3 2
github.com/krystophny/tabula/internal/web/stt_push_to_prompt.go:81.23,82.45 1 1
github.com/krystophny/tabula/internal/web/stt_push_to_prompt.go:82.45,84.4 1 0
github.com/krystophny/tabula/internal/web/stt_push_to_prompt.go:85.3,85.18 1 1
github.com/krystophny/tabula/internal/web/stt_push_to_prompt.go:85.18,87.4 1 0
github.com/krystophny/tabula/internal/web/stt_push_to_prompt.go:88.3,89.25 2 1
github.com/krystophny/tabula/internal/web/stt_push_to_prompt.go:89.25,91.4 1 0
github.com/krystophny/tabula/internal/web/stt_push_to_prompt.go:92.3,93.17 2 1
github.com/krystophny/tabula/internal/web/stt_push_to_prompt.go:93.17,95.4 1 0
github.com/krystophny/tabula/internal/web/stt_push_to_prompt.go:96.3,96.26 1 1
github.com/krystophny/tabula/internal/web/stt_push_to_prompt.go:96.26,98.4 1 0
github.com/krystophny/tabula/internal/web/stt_push_to_prompt.go:99.3,99.44 1 1
github.com/krystophny/tabula/internal/web/stt_push_to_prompt.go:99.44,101.4 1 0
github.com/krystophny/tabula/internal/web/stt_push_to_prompt.go:102.3,105.44 4 1
github.com/krystophny/tabula/internal/web/stt_push_to_prompt.go:106.21,107.45 1 1
github.com/krystophny/tabula/internal/web/stt_push_to_prompt.go:107.45,109.4 1 0
github.com/krystophny/tabula/internal/web/stt_push_to_prompt.go:110.3,111.37 2 1
github.com/krystophny/tabula/internal/web/stt_push_to_prompt.go:112.23,113.45 1 0
github.com/krystophny/tabula/internal/web/stt_push_to_prompt.go:113.45,115.4 1 0
github.com/krystophny/tabula/internal/web/stt_push_to_prompt.go:116.3,117.37 2 0
github.com/krystophny/tabula/internal/web/stt_push_to_prompt.go:118.10,119.85 1 0
github.com/krystophny/tabula/internal/web/stt_push_to_prompt.go:121.2,122.16 2 4
github.com/krystophny/tabula/internal/web/stt_push_to_prompt.go:122.16,124.3 1 1
github.com/krystophny/tabula/internal/web/stt_push_to_prompt.go:125.2,126.16 2 3
github.com/krystophny/tabula/internal/web/stt_push_to_prompt.go:126.16,128.3 1 0
github.com/krystophny/tabula/internal/web/stt_push_to_prompt.go:129.2,129.18 1 3
github.com/krystophny/tabula/internal/web/stt_push_to_prompt.go:132.55,134.21 2 4
github.com/krystophny/tabula/internal/web/stt_push_to_prompt.go:134.21,136.3 1 0
github.com/krystophny/tabula/internal/web/stt_push_to_prompt.go:137.2,137.21 1 4
github.com/krystophny/tabula/internal/web/stt_push_to_prompt.go:137.21,139.3 1 0
github.com/krystophny/tabula/internal/web/stt_push_to_prompt.go:140.2,141.16 2 4
github.com/krystophny/tabula/internal/web/stt_push_to_prompt.go:141.16,143.3 1 0
github.com/krystophny/tabula/internal/web/stt_push_to_prompt.go:144.2,144.47 1 4
github.com/krystophny/tabula/internal/web/stt_push_to_prompt.go:144.47,146.3 1 0
github.com/krystophny/tabula/internal/web/stt_push_to_prompt.go:147.2,148.16 2 4
github.com/krystophny/tabula/internal/web/stt_push_to_prompt.go:148.16,150.3 1 0
github.com/krystophny/tabula/internal/web/stt_push_to_prompt.go:151.2,151.27 1 4
github.com/krystophny/tabula/internal/web/stt_push_to_prompt.go:151.27,153.3 1 1
github.com/krystophny/tabula/internal/web/stt_push_to_prompt.go:154.2,154.54 1 3
github.com/krystophny/tabula/internal/web/stt_push_to_prompt.go:154.54,156.3 1 3
github.com/krystophny/tabula/internal/web/stt_push_to_prompt.go:157.2,157.22 1 3
github.com/krystophny/tabula/internal/web/stt_push_to_prompt.go:157.22,159.3 1 0
github.com/krystophny/tabula/internal/web/stt_push_to_prompt.go:160.2,160.42 1 3
github.com/krystophny/tabula/internal/web/stt_push_to_prompt.go:160.42,162.3 1 0
github.com/krystophny/tabula/internal/web/stt_push_to_prompt.go:163.2,163.24 1 3
